Time SensTime Temper Pwr UV_Al UV_Bl UV_Cl UV_Dl UV_Ah UV_Bh UV_Ch UV_Dh Blue_Al Blue_Bl Blue_Cl Blue_Dl Blue_Ah Blue_Bh Blue_Ch Blue_Dh0 415 42162 36082 2070 1975 2017 1987 23921 31187 2005 1921 2065 1967 2060 1923 2054 1990 1997 1963
1 435 42156 33301 2101 1990 2037 1956 23899 31185 2042 1941 2064 1949 2037 1949 2054 1944 2024 1961
2 455 42161 35407 2058 1983 2037 1958 23866 31205 2034 1918 2076 1972 2036 1934 2009 1958 2035 1968
3 475 42167 31359 2048 1980 2036 1931 23902 31188 2035 1929 2072 1960 2053 1935 2024 1964 2026 1925
4 496 42164 32009 2053 2007 2078 1946 23919 31201 2029 1967 2023 1968 2065 1946 2042 1979 2021 1955
5 516 42169 34586 2097 1963 2028 1940 23898 31168 2028 1941 2066 1951 2015 1960 2019 1971 1989 1959
6 536 42170 36295 2027 1956 2028 1939 23901 31184 2013 1971 2072 1948 2028 1948 2034 1979 2030 1949
7 557 42160 31732 2070 1988 2032 1943 23932 31204 2029 1954 2043 1980 2035 1960 2035 1951 1973 1932
8 577 42165 34952 2052 1965 2030 1951 23908 31217 2051 1951 2015 1973 2044 1965 2005 1956 2013 1941
9 597 42165 34530 2083 1958 2056 1942 23885 31191 2031 1945 2083 1968 2051 1910 2053 1953 2031 1967
10 617 42161 33580 2057 2016 2055 1941 23893 31180 2058 1932 2038 1955 2064 1956 2024 1967 2015 1942
11 638 42164 31804 2058 1967 2035 1954 23922 31164 2023 1951 2070 1991 2041 1932 2024 1964 2007 1921
12 658 42164 31811 2077 1980 2075 1960 23911 31201 2042 1968 2052 1984 2051 1933 2048 1986 2000 1934
13 678 42166 36084 2081 1953 2039 1928 23917 31189 2018 1954 2057 1941 2015 1942 2062 1946 2008 1946
14 698 42158 28943 2039 1990 2007 1962 23895 31211 2037 1959 2037 1963 2034 1937 2020 1976 2016 1966
15 719 42166 28610 2060 1971 2050 1957 23893 31202 2060 1951 2051 1954 2047 1943 2003 1977 2007 1955
16 739 42163 30339 2031 1994 2036 1953 23882 31220 2039 1925 2038 1970 2036 1933 2032 1971 2016 1966
17 759 42166 29142 2105 1962 2048 1957 23904 31179 2051 1940 2056 1976 2040 1934 2035 1970 2042 1955
18 780 42159 30319 2081 1997 2024 1937 23919 31156 2041 1953 2066 1981 2027 1951 2031 1983 2016 1934
19 800 42158 29142 2035 1971 2047 1918 23901 31188 2021 1942 2046 1981 2003 1939 2011 1957 2034 1961
20 820 42162 29192 2068 1957 2011 1956 23903 31187 2032 1928 2056 1968 2039 1940 2018 1977 2018 1950
21 840 42163 30635 2052 1973 2060 1951 23921 31213 2020 1941 2084 1971 2047 1949 2019 1978 2008 1978
22 861 42161 34502 2038 1947 2042 1954 23911 31195 2042 1944 2054 1979 2013 1925 1997 1948 2032 1940
23 881 42162 28690 2099 1967 2052 1947 23901 31188 2031 1914 2070 1960 2064 1954 2035 1944 1984 1942
24 901 42161 33847 2077 1981 2035 1940 23899 31180 2025 1978 2050 1966 2034 1946 2009 1953 2013 1936
25 921 42154 36182 2050 1963 2013 1962 23887 31206 2024 1962 2029 1965 2056 1938 2030 1927 2022 1939
26 942 42159 29809 2052 1979 2063 1969 23897 31225 2049 1954 2034 1980 2034 1930 2021 1964 2005 1983
27 962 42152 32069 2078 1975 2060 1956 23889 31198 2036 1944 2056 1960 2026 1938 2043 1974 2027 1974
28 982 42158 36166 2077 2002 2041 1944 23876 31178 2029 1967 2048 1982 2050 1935 2045 1963 2010 1925
29 1003 42169 34202 2082 1981 2040 1963 23898 31166 2023 1960 2070 1971 1993 1933 2013 1952 2030 1946
30 1023 42164 32912 2066 2015 2037 1963 23907 31204 2002 1931 2036 1974 2056 1936 2041 1956 2006 1935
31 1043 42154 29641 2090 1990 2045 1981 23899 31174 2008 1956 2045 1965 2014 1956 2047 1964 2010 1961
32 1063 42153 34517 2070 1990 2054 1956 23892 31190 2017 1964 2064 1972 2049 1929 2017 1972 2024 1936
33 1084 42156 32731 2045 1989 2051 1963 23909 31199 2026 1957 2042 1977 2025 1937 2018 1965 2004 1952
34 1104 42157 33664 2067 1991 2032 1947 23894 31192 2011 1961 2044 1956 2036 1944 2040 1960 2047 1970
35 1124 42154 36369 2073 1976 2033 1945 23879 31177 2054 1961 2084 1947 2065 1948 2042 1959 2043 1954
36 1144 42160 32219 2040 1966 2067 1959 23884 31177 2024 1959 2070 1962 2027 1935 2034 1948 1984 1934
37 1165 42160 32240 2060 1978 2071 1955 23892 31173 2017 1952 2048 1976 2043 1932 2008 1947 2019 1975
38 1185 42157 35283 2030 1962 2041 1939 23890 31152 2027 1949 2041 1977 2036 1931 2036 1978 2014 1961
39 1205 42157 34655 2051 1983 2037 1967 23881 31179 1991 1943 2060 1968 2033 1918 2043 1972 2006 1966
40 1226 42156 32908 2068 1971 2046 1950 23886 31165 2012 1971 2037 1977 2037 1971 2020 1967 2023 1934
41 1246 42157 35022 2072 1979 2064 1947 23892 31181 2006 1957 2049 1958 2027 1945 2061 1979 2022 1965
42 1266 42160 31558 2061 1971 2037 1952 23905 31207 2030 1952 2063 1948 2024 1955 2044 1946 2046 1954
43 1286 42153 34842 2092 1969 2051 1963 23902 31185 2052 1956 2032 1972 2023 1934 2029 1958 2030 1925
44 1307 42152 32420 2067 1998 2091 1966 23884 31213 2018 1959 2034 1964 2049 1958 2028 1957 2030 1967
45 1327 42152 33129 2046 2001 2041 1974 23918 31198 2025 1953 2036 1952 2044 1934 2020 1972 2026 1917
46 1347 42156 32308 2038 1987 2050 1941 23914 31186 2027 1934 2030 1951 2043 1960 2032 1969 2028 1965
47 1367 42158 35941 2078 1970 2050 1970 23910 31208 2038 1954 2060 1981 2057 1969 2029 1990 2032 1948
48 1388 42161 34467 2069 1996 2069 1923 23898 31161 1995 1955 2033 1963 2033 1943 2017 1988 2009 1930
49 1408 42154 29213 2066 1986 2048 1941 23934 31227 2027 1946 2067 1948 2037 1956 2017 1983 2030 1985
50 1428 42149 35399 2078 1985 2052 1938 23881 31206 2023 1938 2064 1957 2058 1951 2027 1948 2040 1952
51 1449 42152 32912 2059 1955 2066 1965 23891 31185 2034 1965 2068 1956 2056 1943 2051 1946 2006 1939
52 1469 42156 31764 2072 1983 2045 1941 23876 31151 2028 1954 2026 1974 2018 1953 2040 1964 2004 1957
53 1489 42145 34065 2106 1973 2049 1980 23906 31185 2048 1958 2055 1970 2029 1958 2068 1957 2033 1916
54 1509 42145 34162 2083 1992 2056 1950 23903 31152 2027 1944 2014 1979 2012 1942 2022 1955 2020 1973
55 1530 42154 29006 2051 1972 2014 1958 23862 31201 2012 1957 2045 1962 2010 1956 2025 1970 2007 1922
56 1550 42151 30886 2071 1997 2081 1955 23913 31197 2018 1949 2036 1945 2043 1925 2046 1978 2046 1967
57 1570 42152 33181 2047 1966 2038 1923 23882 31179 2052 1942 2062 1968 2044 1954 2014 1957 1996 1962
58 1591 42153 34777 2094 1988 2043 1958 23898 31188 2035 1957 2065 1951 2033 1938 2050 1984 2054 1950
59 1611 42150 29140 2078 1984 2031 1929 23917 31197 2042 1935 2052 1970 2056 1954 2046 1979 2036 1948
60 1631 42157 33584 2072 1967 2064 1943 23897 31177 2028 1959 2024 1961 2009 1923 2051 1988 2026 1953
61 1651 42152 32631 2068 1968 2046 1937 23886 31187 1994 1929 2048 1987 2030 1934 2052 1959 2034 1950
62 1672 42150 35968 2042 1957 2080 1947 23900 31179 2009 1922 2076 1970 2033 1964 2007 1937 2036 1944
63 1692 42146 28827 2075 1972 2069 1957 23896 31193 2007 1946 2066 1968 2048 1958 2011 1953 2038 1929
64 1712 42148 33022 2049 1966 2069 1926 23904 31175 2034 1927 2040 1961 2049 1967 2053 1979 2029 1918
65 1732 42150 29292 2045 1990 2045 1922 23904 31184 2008 1944 2032 1962 2007 1915 2009 1942 2004 1943
66 1753 42153 34045 2075 1958 2041 1952 23900 31183 2018 1940 2071 1941 2014 1956 2052 1951 2011 1968
67 1773 42152 32496 2065 1959 2073 1950 23881 31173 2044 1954 2054 1954 2047 1928 2033 1989 2039 1966
68 1793 42145 34352 2071 1987 2021 1939 23915 31163 2006 1972 2057 1944 2023 1916 2037 1977 2032 1937
69 1814 42153 33748 2048 1990 2029 1932 23876 31189 2007 1926 2041 1949 2029 1954 2014 1967 2018 1947
70 1834 42154 29458 2054 2006 2030 1960 23871 31185 2016 1983 2018 1953 2037 1917 2016 1972 2043 1964
71 1854 42153 33721 2055 1972 2063 1929 23918 31184 2050 1947 2062 1947 2035 1951 2019 1978 2027 1956
72 1874 42144 31690 2080 1985 2065 1953 23873 31201 2016 1949 2059 1976 2060 1944 2030 1965 2007 1951
73 1895 42143 29689 2024 1949 2018 1933 23912 31183 2022 1924 2037 1936 2043 1944 2034 1939 2021 1928
74 1915 42150 35497 2085 1972 2067 1927 23886 31192 2019 1926 2044 1972 2044 1930 2017 1974 2010 1942
75 1935 42141 34309 2095 1949 2041 1944 23905 31207 2011 1959 2070 1964 2063 1924 2037 1948 2044 1934
76 1955 42154 36415 2074 1968 2035 1945 23901 31182 2046 1952 2046 1966 2033 1923 2020 1968 2013 1986
77 1976 42145 34880 2059 1963 2029 1921 23885 31204 2025 1989 2048 1967 2039 1949 2048 1964 1999 1962
78 1996 42156 33000 2052 1973 2081 1959 23904 31153 2031 1953 2061 1988 2032 1945 2031 1970 2041 1976
79 2016 42153 34439 2043 1951 2064 1949 23897 31177 2038 1944 2046 1934 2024 1928 2021 1955 2016 1947
80 2037 42145 34992 2045 1975 2028 1947 23916 31216 2046 1955 2050 1975 2020 1935 1986 1966 2011 1943
81 2057 42148 33108 2063 1947 2039 1959 23879 31197 2044 1964 2052 1942 2028 1959 2043 1944 2008 1934
82 2077 42153 34483 2033 1961 2054 1933 23901 31173 2037 1938 2049 1987 2036 1931 2009 1955 2028 1938
83 2097 42145 34622 2059 2006 2039 1930 23890 31185 2016 1977 2036 1959 2010 1945 2042 1963 2006 1963
84 2118 42153 33792 2056 1973 2040 1950 23900 31192 2024 1943 2050 1959 2054 1948 2057 1988 2016 1963
85 2138 42150 35494 2040 1997 2025 1935 23886 31180 2039 1925 2047 1949 2030 1950 2016 1958 2014 1938
86 2158 42156 33227 2049 1951 2043 1953 23904 31184 2009 1969 2031 1956 2022 1949 2018 1983 2029 1947
87 2178 42149 34233 2097 1989 2019 1919 23921 31185 2009 1949 2089 1969 2033 1944 2061 1947 2003 1986
88 2199 42142 35823 2041 1958 2057 1949 23851 31161 2022 1965 2029 1949 2048 1943 2009 1976 2050 1950
89 2219 42146 36208 2056 1969 2032 1968 23880 31165 2025 1989 2053 1962 2018 1957 2045 1977 2034 1928
90 2239 42144 32932 2062 1964 2029 1965 23889 31176 2015 1936 2054 1948 2070 1963 2034 1950 2041 1970
91 2260 42147 31303 2063 1951 2050 1949 23932 31192 2021 1980 2053 1978 2017 1966 2051 1979 2018 1954
92 2280 42150 35612 2070 1992 2063 1910 23901 31190 2030 1927 2064 1972 2035 1928 2042 1968 2000 1958
93 2300 42140 32559 2035 1976 2067 1925 23886 31194 2015 1963 2047 1971 2059 1950 2001 1950 2046 1949
94 2320 42149 35334 2046 1970 2055 1964 23890 31166 2038 1959 2051 1987 2020 1953 2028 1983 2036 1941
95 2341 42149 34076 2069 1995 2026 1979 23845 31186 2007 1948 2072 1965 2018 1927 2012 1947 2040 1971
96 2361 42149 35422 2029 1971 2036 1929 23903 31203 2044 1942 2071 1958 2008 1947 2068 1967 2023 1960
97 2381 42151 31123 2068 1965 2028 1926 23891 31201 2055 1953 2035 1937 2028 1968 2022 1961 2025 1973
98 2401 42149 35317 2051 2011 2010 1922 23885 31195 2010 1965 2029 1961 2060 1953 2043 1954 2043 1931
99 2422 42139 30066 2068 1978 2043 1964 23901 31201 2040 1968 2035 1954 2021 1934 2018 1956 2031 1950
100 2442 42142 36025 2087 1953 2043 1914 23879 31170 2000 1968 2042 1950 2057 1950 2074 1975 2033 1959
101 2462 42151 31191 2059 1992 2030 1950 23901 31198 2040 1949 2055 1911 2014 1946 2013 1933 2018 1984
102 2483 42145 33855 2057 1984 2069 1986 23874 31194 2037 1941 2062 1950 2019 1933 2011 1998 2016 1967
103 2503 42144 32048 2061 1965 2037 1933 23881 31171 2024 1944 2036 1964 2043 1960 2047 1962 2025 1967
104 2523 42152 33228 2063 1970 2045 1928 23879 31174 2010 1958 2026 1956 2025 1927 1999 1962 2025 1948
105 2543 42144 33233 2089 1986 2049 1990 23885 31180 2006 1950 2046 1972 2056 1944 2027 1984 2040 1934
106 2564 42143 29712 2050 1973 2047 1940 23891 31170 2031 1935 2049 1975 2024 1934 2012 1956 2011 1923
107 2584 42149 35216 2054 1988 2021 1945 23901 31202 2000 1933 2032 1946 2033 1940 2039 1987 2018 1925
108 2604 42138 29307 2030 1966 2047 1943 23862 31203 2058 1933 2065 1972 2044 1930 2034 1964 2004 1944
109 2625 42150 28840 2066 1986 2058 1938 23864 31194 2009 1955 2023 1973 2030 1973 2030 1976 2001 1937
110 2645 42149 33897 2075 1952 2038 1957 23876 31169 2006 1954 2041 1950 2027 1920 2016 1974 2003 1939
111 2665 42142 36178 2058 1971 2040 1955 23887 31176 2029 1935 2066 1953 2033 1977 2046 1942 2019 1985
112 2685 42147 30787 2045 1987 2023 1946 23920 31196 2048 1950 2062 1960 2050 1939 2017 1982 2045 1918
113 2706 42139 30855 2034 1996 2047 1978 23859 31185 2012 1942 2026 1974 2048 1935 2003 1953 2042 1931
114 2726 42146 29267 2032 1983 2069 1955 23884 31201 2038 1944 2046 1964 2029 1946 2024 1965 2028 1942
115 2746 42150 29672 2053 1995 2078 1962 23902 31189 2014 1937 2053 1960 2046 1983 2035 1976 2016 1946
116 2766 42150 29339 2078 1984 2063 1926 23834 31190 2026 1978 2044 1960 2030 1927 2030 1981 2029 1926
117 2787 42144 32945 2079 1962 2031 1955 23885 31210 2006 1953 2063 1975 2025 1970 2019 1965 1992 1938
118 2807 42150 36269 2040 1973 2046 1988 23892 31160 2049 1973 2073 1958 2026 1933 2029 1947 2037 1970
119 2827 42153 33959 2080 2000 2047 1967 23876 31169 2053 1968 2054 1959 2017 1929 2030 1976 2045 1940
120 2848 42145 34315 2076 1964 2062 1955 23907 31160 2042 1946 2065 1958 2040 1943 2068 1972 2008 1924
121 2868 42146 28991 2074 1967 2071 1916 23879 31166 2027 1964 2049 1955 2057 1960 2012 1966 1997 1963
122 2888 42142 36063 2058 1974 2038 1967 23901 31182 2011 1952 2050 1970 2053 1922 2009 1970 2046 1953
123 2908 42147 30300 2052 1995 2035 1966 23859 31176 2036 1961 2030 1926 2042 1946 2049 1950 2025 1966
124 2929 42141 34009 2095 1991 2028 1924 23882 31186 2006 1945 2009 1978 2012 1938 2045 1932 2038 1943
125 2949 42155 30295 2043 1958 2034 1963 23895 31169 2035 1972 2029 1948 2044 1940 2029 1958 2018 1942
126 2969 42135 30308 2069 1978 2030 1949 23852 31204 2036 1951 2045 1986 2071 1947 2052 1965 2029 1941
127 2990 42144 33409 2071 1968 2056 1928 23912 31173 2030 1946 2036 1954 2017 1972 2025 1977 2003 1968
128 3010 42142 28864 2038 1980 2043 1954 23879 31160 2037 1971 2039 1969 2030 1962 2062 1954 2020 1946
129 3030 42141 35430 2067 1955 2026 1928 23876 31150 1994 1939 2060 1963 2021 1951 2062 1961 2015 1921
130 3050 42162 29035 2052 1985 2030 1940 23886 31173 2013 1947 2026 1950 2040 1945 2015 1935 1991 1957
131 3071 42144 31789 2081 2002 2052 1950 23872 31167 2025 1929 2046 1953 2055 1956 2042 1985 2018 1949
132 3091 42142 36298 2036 1983 2040 1933 23873 31162 2016 1942 2031 1957 2019 1933 2044 1978 1994 1943
133 3111 42141 35124 2068 1961 2035 1909 23905 31178 2000 1943 2073 1944 2037 1925 2037 1977 2023 1938
134 3131 42135 30049 2076 1977 2028 1964 23901 31190 2022 1948 2069 1946 2021 1965 2047 1975 2020 1952
135 3152 42144 33137 2074 1987 2080 1960 23915 31193 2025 1926 2036 1978 2042 1947 2018 1957 2033 1939
136 3172 42137 34932 2073 1974 2050 1942 23921 31192 2020 1938 2063 1962 2042 1942 2058 1992 2019 1972
137 3192 42143 31460 2079 1941 2034 1934 23910 31176 2021 1936 2040 1960 2028 1930 2023 1993 2019 1939
138 3212 42143 30228 2073 1959 2033 1972 23901 31160 2015 1969 2070 1967 2040 1962 2023 1937 2036 1945
139 3233 42139 30134 2075 1967 2060 1957 23851 31181 2003 1954 2059 1995 2036 1951 2022 1970 2003 1949
140 3253 42144 32556 2058 1965 2080 1936 23878 31181 2020 1942 2044 1945 2045 1947 2015 1977 2022 1938
141 3274 42143 30934 2069 1983 2031 1951 23878 31181 2015 1938 2034 1954 2048 1950 2036 1941 2023 1945
142 3294 42139 30536 2060 1972 2054 1930 23889 31177 2014 1970 2062 1968 2046 1940 2029 1977 2027 1944
143 3314 42142 36239 2056 1979 2059 1930 23865 31174 2042 1944 2032 1953 2037 1973 2015 1979 2034 1973
144 3334 42141 35017 2091 1951 2056 1943 23906 31148 2039 1941 2069 1946 2034 1915 2034 1963 2021 1915
145 3355 42147 31224 2050 1967 2068 1957 23916 31209 1996 1940 2059 1946 2033 1956 2009 1984 2021 1957
146 3375 42142 35978 2103 1968 2054 1933 23891 31165 2050 1926 2031 1981 2018 1936 2011 1967 2017 1947
147 3395 42137 34950 2032 1965 2003 1939 23894 31175 2040 1957 2046 1976 2041 1952 2022 1966 2020 1956
148 3415 42141 33955 2065 1985 2043 1937 23888 31170 2043 1938 2042 1976 2050 1929 2028 1967 2052 1948
149 3436 42142 35967 2057 1964 2054 1933 23891 31185 2022 1937 2092 1978 2021 1960 2013 1990 2028 1950
150 3456 42146 35948 2061 1966 2045 1932 23901 31186 2035 1957 2056 1972 2045 1934 2060 2000 2019 1922
151 3476 42147 30173 2081 1988 2014 1969 23911 31147 2046 1940 2030 1966 2023 1938 2010 1983 2024 1965
152 3497 42145 34007 2054 1981 2035 1929 23881 31196 2000 1914 2044 1957 2040 1953 2032 1953 2020 1949
153 3517 42135 31383 2060 1975 2020 1947 23882 31177 2016 1949 2075 1966 2004 1939 2045 1967 2032 1944
154 3537 42132 33467 2079 1960 2011 1961 23892 31193 2014 1951 2048 1976 2039 1951 2023 1967 2018 1932
155 3557 42136 33071 2045 1962 2074 1942 23874 31177 2058 1942 2038 1960 2046 1952 2009 1992 2006 1938
156 3578 42141 34403 2055 1947 2072 1956 23856 31184 2036 1964 2037 1935 2045 1939 2046 1957 2034 1963
157 3598 42140 32363 2048 1986 2037 1933 23905 31197 2028 1935 2043 1975 2028 1926 2024 1973 2050 1961
158 3618 42137 33982 2084 1973 2012 1949 23896 31178 2019 1943 2066 1957 2047 1909 2035 1983 2041 1938
159 3639 42138 36208 2081 1950 2032 1952 23893 31184 2042 1964 2056 1968 2010 1938 2029 1953 2019 1960
160 3659 42137 34657 2086 1980 2084 1945 23896 31178 2040 1943 2030 1937 2072 1945 2026 1985 2026 1959
161 3679 42137 34697 2085 2006 2020 1945 23875 31183 2006 1977 2065 1993 2070 1958 2022 1952 2020 1939
162 3699 42145 34454 2077 1962 2037 1930 23900 31140 2044 1930 2057 1945 2062 1947 2025 2006 2000 1951
163 3720 42141 34006 2085 1980 2043 1959 23869 31166 2054 1961 2065 1938 2029 1949 2039 1983 2017 1912
164 3740 42142 29183 2055 1950 2041 1963 23877 31156 1998 1935 2046 1944 2061 1938 2021 1972 1993 1975
165 3760 42137 34386 2042 1966 2018 1920 23871 31181 2023 1943 2079 1943 2053 1921 1999 1954 2041 1942
166 3780 42146 35647 2078 2009 2062 1924 23893 31169 2016 1932 2055 1939 2066 1935 2045 1949 2044 1951
167 3801 42137 33818 2051 1947 2041 1979 23855 31163 2032 1946 2035 1970 2053 1955 2031 1981 2046 1953
168 3821 42134 28661 2090 2011 2031 1909 23880 31195 2007 1937 2077 1977 2042 1942 2023 1940 2015 1926
169 3841 42137 35185 2090 1990 2016 1954 23881 31174 2027 1930 2039 1955 2042 1945 2014 1964 2004 1960
170 3862 42133 34402 2090 1955 2048 1973 23891 31169 2024 1947 2041 1952 2047 1936 2053 1934 2021 1941
171 3882 42138 29414 2052 1984 2029 1935 23875 31184 2042 1966 2073 1947 2041 1916 2059 1963 2016 1940
172 3902 42132 31697 2066 1988 2067 1918 23881 31171 2007 1921 2050 1941 2021 1961 2027 1948 2022 1937
173 3922 42136 31902 2081 1984 2051 1938 23897 31169 2034 1923 2039 1940 2022 1937 2037 1950 2055 1942
174 3943 42140 31840 2074 1990 2055 1927 23901 31183 2037 1969 2048 1973 2067 1955 2028 1957 2018 1963
175 3963 42141 34847 2058 1987 2031 1922 23913 31191 2022 1936 2056 1952 2045 1938 2021 1977 2012 1979
176 3983 42141 35289 2091 1994 2048 1940 23865 31184 2021 1972 2049 1961 2037 1941 2049 1948 2015 1927
177 4004 42140 33404 2078 1976 2055 1933 23883 31165 2019 1975 2068 1965 2040 1950 2037 1981 2020 1939
178 4024 42131 30472 2078 1945 2056 1949 23914 31133 2001 1958 2051 1985 2039 1944 2049 1991 2022 1983
179 4044 42138 29557 2092 1972 2049 1968 23899 31165 2045 1935 2050 1980 2043 1945 2025 1972 2040 1950
180 4064 42141 35468 2077 1967 2038 1941 23879 31178 2006 1951 2031 1941 2047 1942 2050 1944 2026 1935
181 4085 42134 29123 2071 1975 2035 1938 23890 31226 2024 1949 2044 1968 2041 1978 2032 1974 2037 1924
182 4105 42161 35412 2042 1967 2033 1935 23878 31167 2030 1945 2069 1923 2057 1981 2043 1965 2000 1954
183 4125 42135 30620 2081 2006 2038 1979 23859 31179 2042 1954 2047 1957 2053 1953 2056 1971 2011 1920
184 4145 42137 34056 2054 1968 2030 1929 23885 31159 1998 1961 2050 1977 2024 1952 2016 1982 2034 1941
185 4166 42135 31426 2055 1953 2029 1934 23883 31192 2010 1924 2049 1954 2021 1940 2019 1983 2047 1942
186 4186 42133 34915 2034 1986 2050 1939 23880 31192 2028 1958 2047 1938 2028 1923 2044 1960 2026 1928
187 4206 42132 32495 2088 1996 2061 1974 23910 31185 2000 1941 2025 1954 2042 1928 2016 1971 2039 1940
188 4227 42127 30635 2050 1994 2037 1975 23909 31178 2028 1956 2049 1944 2024 1965 2031 1942 2020 1950
189 4247 42133 34954 2047 1957 2057 1974 23893 31172 2010 1958 2050 1972 2061 1932 2034 1983 2015 1946
190 4267 42138 28863 2028 1983 2064 1931 23878 31173 2029 1968 2042 1964 2065 1956 2051 1981 1993 1964
191 4287 42130 36054 2090 1991 2045 1948 23884 31195 1997 1961 2060 1958 2076 1933 2067 1959 2018 1960
192 4308 42131 30846 2067 1976 2043 1953 23892 31197 2039 1951 2074 1941 2049 1958 2039 1956 2001 1973
193 4328 42140 33309 2065 2023 2025 1932 23870 31157 2008 1946 2030 1938 2037 1945 2032 1945 2006 1957
194 4348 42137 33983 2074 1980 2031 1952 23887 31156 2013 1961 2048 1953 1983 1937 2021 1969 2052 1970
195 4369 42129 34515 2031 1967 2024 1953 23894 31179 2008 1958 2060 1964 2038 1943 2027 1925 2004 1951
196 4389 42140 32620 2052 1973 2043 1963 23874 31178 2007 1907 2048 1963 2033 1953 2003 1984 2029 1964
197 4409 42136 32520 2064 1980 2013 1928 23901 31178 2019 1933 2037 1981 2040 1948 2018 1948 1997 1949
198 4429 42131 31075 2065 2002 2048 1952 23882 31178 2015 1922 2030 1965 2039 1933 2058 1941 2020 1949
199 4450 42135 30766 2045 2001 2076 1941 23895 31170 2045 1979 2043 1986 2039 1925 2019 1923 1993 1972
200 4470 42132 33386 2045 1966 2042 1935 23884 31146 2014 1932 2040 1970 2030 1993 2028 1969 2026 1934
201 4490 42138 35874 2049 1987 2052 1946 23892 31185 2048 1957 2041 2002 2046 1970 2042 1966 2016 1955
202 4510 42136 32153 2078 1980 2046 1936 23874 31139 2047 1966 2044 1948 2021 1915 2024 1967 2000 1923
203 4531 42140 31738 2066 2003 2031 1932 23838 31163 2029 1928 2036 1953 2016 1943 2060 1977 1997 1963
204 4551 42132 33050 2095 1977 2017 1944 23882 31175 2035 1971 2066 1946 2010 1952 2045 1977 2023 1926
205 4571 42130 35874 2079 2004 2013 1971 23879 31167 2037 1970 2044 1969 2061 1968 2019 1956 2025 1974
206 4592 42137 34797 2100 1985 2029 1964 23855 31177 2011 1967 2034 1956 2016 1940 2049 1992 2022 1961
207 4612 42137 33534 2079 1993 2035 1956 23870 31154 2000 1942 2032 1945 2073 1962 2017 1981 2015 1912
208 4632 42128 33097 2046 1993 2038 1931 23861 31178 2029 1953 2069 1945 2018 1954 2024 1949 2011 1950
209 4652 42130 35920 2044 1976 2057 1937 23910 31149 2025 1959 2063 1961 2021 1946 2070 1958 2020 1965
210 4673 42133 34406 2046 1980 2047 1945 23890 31152 2045 1930 2038 1943 2039 1954 1995 1946 2019 1966
211 4693 42135 31406 2069 1961 2030 1960 23888 31158 1999 1930 2042 1959 2033 1933 2022 1967 2039 1928
212 4713 42130 35619 2055 2003 2025 1953 23853 31169 2011 1957 2073 1983 2041 1926 2014 1973 2021 1951
213 4733 42129 35263 2036 1965 2060 1960 23889 31175 2038 1952 2045 1967 2031 1944 2039 1989 2011 1942
214 4754 42131 30544 2050 1995 2042 1955 23849 31175 2021 1917 2072 1939 2034 1945 2054 1974 2040 1942
215 4774 42135 30122 2047 1944 2013 1929 23891 31202 2033 1963 2058 1972 2035 1939 2057 1967 1989 1944
216 4794 42126 29036 2064 1985 2064 1956 23867 31175 2011 1967 2066 1954 2056 1940 2045 1987 2018 1956
217 4815 42132 32766 2052 1980 2032 1978 23867 31180 2027 1948 2015 1941 2041 1935 2036 1979 2024 1970
218 4835 42132 33471 2050 1978 2038 1944 23875 31186 2054 1931 2046 1947 2026 1926 2006 1966 2040 1965
219 4855 42125 34017 2098 1976 2050 1965 23871 31180 2013 1966 2080 1968 2040 1949 2041 1972 2029 1933
220 4875 42126 29342 2068 1970 2052 1936 23897 31175 2025 1966 2066 1987 2032 1921 2021 1946 2005 1961
221 4896 42126 29064 2076 1982 2040 1962 23846 31188 2055 1976 2064 1968 2010 1964 2057 2004 1992 1955
222 4916 42135 30521 2074 1948 2050 1948 23890 31164 2027 1956 2043 1938 2045 1955 2051 1947 2039 1925
223 4936 42136 32448 2058 1992 2043 1940 23898 31196 2040 1944 2043 1971 2061 1940 2022 1971 2022 1927
224 4956 42132 33144 2046 1962 2025 1966 23882 31150 2059 1958 2078 1949 2029 1958 2012 1964 2033 1938
225 4977 42137 34957 2069 1972 2085 1939 23879 31177 2010 1952 2051 1983 2029 1957 2029 1958 2064 1965
226 4997 42128 33122 2050 1987 2060 1918 23882 31189 1999 1936 2053 1942 2039 1928 2050 1974 2031 1973
227 5017 42132 31492 2064 1994 2062 1935 23846 31188 2002 1928 2081 1953 2047 1911 2025 1964 2047 1949
228 5038 42126 28874 2076 1981 2043 1953 23888 31184 2009 1972 2035 1983 2025 1935 2015 1980 1984 1957
229 5058 42133 35042 2057 1964 2023 1966 23872 31167 2017 1954 2051 1976 2035 1936 2047 1961 2034 1955
230 5078 42127 29839 2042 1976 2040 1959 23884 31160 2020 1941 2072 1956 2036 1967 2029 1946 2031 1931
231 5098 42140 31896 2039 1962 2066 1946 23872 31186 2039 1939 2035 1942 2055 1949 2032 1959 2018 1958
232 5119 42132 33369 2042 1963 2052 1942 23874 31152 2011 1932 2012 1983 2010 1947 2035 1953 2026 1929
233 5139 42133 34938 2054 1981 2052 1932 23876 31181 2030 1952 2063 1968 2036 1977 2055 1978 2057 2006
234 5159 42130 36038 2087 1958 2072 1959 23887 31182 2015 1965 2053 1958 2022 1968 2046 1953 2019 1934
235 5180 42127 31148 2068 1991 2049 1930 23867 31162 2059 1955 2015 1934 2019 1922 2043 1995 2036 1939
236 5200 42128 33040 2070 1997 2035 1902 23892 31152 2033 1980 2041 1984 2043 1936 2037 1976 2013 1959
237 5220 42126 35468 2045 1979 2062 1937 23884 31165 2044 1954 2012 1968 1994 1971 2008 1981 1995 1944
238 5240 42133 34623 2044 1971 2011 1953 23877 31172 1990 1954 2069 1952 2031 1952 2030 1964 2049 1941
239 5261 42126 29251 2047 1954 2079 1950 23877 31161 2014 1945 2028 1962 2030 1944 2017 1971 2046 1960
240 5281 42129 34875 2052 1985 2045 1969 23881 31176 2058 1968 2057 1951 2034 1973 2001 1972 2038 1967
241 5301 42137 33846 2069 1950 2048 1957 23867 31189 2049 1944 2051 1971 2020 1946 2028 1934 2017 1944
242 5322 42126 28688 2064 1977 2055 1910 23880 31175 2054 1966 2053 1948 2049 1952 2045 1982 2018 1919
243 5342 42123 30453 2075 1975 2025 1949 23844 31170 2044 1954 2063 1956 2031 1963 2023 1952 2022 1927
244 5362 42131 31261 2084 1977 2041 1934 23876 31164 2021 1937 2042 1970 2016 1985 2055 1954 2020 1948
245 5382 42130 35507 2065 2000 2037 1926 23891 31135 2025 1952 2041 1946 2043 1925 2030 1936 2048 1941
246 5403 42120 31677 2103 1990 2062 1919 23892 31162 2030 1967 2024 1960 2053 1943 2042 1959 1995 1919
247 5423 42127 30572 2042 1969 2044 1929 23868 31148 2045 1947 2025 1948 2045 1962 2014 1974 2025 1984
248 5443 42125 34611 2048 1965 2050 1932 23896 31117 2018 1925 2035 1954 2061 1960 2057 1965 2022 1959
249 5463 42130 35705 2082 1960 2052 1938 23867 31185 2011 1964 2030 1983 2061 1961 2042 1989 2018 1927
250 5484 42132 33041 2101 2016 2033 1937 23877 31173 2022 1944 2028 1948 2022 1932 2053 1961 2006 1945
251 5504 42128 31762 2036 1983 2024 1962 23884 31132 2047 1930 2044 1956 2031 1927 2019 1942 2029 1959
252 5524 42124 31578 2040 1969 2072 1933 23875 31142 2043 1973 2034 1960 2017 1941 2021 1950 2050 1955
253 5544 42128 31988 2077 1971 2060 1956 23866 31172 2039 1940 2060 1960 2038 1948 2024 1967 2028 1964
254 5565 42130 35790 2031 1938 2058 1919 23867 31183 2042 1948 2037 1986 2013 1975 2035 1966 2032 1954
255 5585 42129 34326 2029 1968 2037 1961 23872 31174 2025 1945 2046 1944 2041 1967 2029 1956 2026 1948
256 5605 42127 30575 2089 2002 2053 1944 23875 31186 2031 1960 2044 1970 2058 1950 2037 2000 2050 1961
257 5626 42131 30154 2057 1996 2058 1967 23866 31180 2020 1952 2054 1949 2036 1933 2042 2005 2007 1958
258 5646 42130 36054 2050 1971 2034 1953 23866 31181 2024 1952 2053 1981 2040 1955 1990 1952 1999 1919
259 5666 42128 33063 2085 1987 2036 1927 23848 31160 2039 1953 2072 1966 2057 1955 2015 1931 2031 1933
260 5686 42125 34244 2073 1962 2035 1915 23867 31131 2022 1923 2035 1952 2019 1968 2030 1968 2047 1948
261 5707 42121 35354 2054 1969 2053 1975 23909 31159 1981 1978 2061 1981 2031 1940 2055 1965 2020 1937
262 5727 42121 34558 2085 2017 2025 1967 23876 31170 2023 1945 2045 1977 2043 1959 2043 1960 2002 1967
263 5747 42124 33471 2041 1993 2078 1957 23866 31153 2055 1930 2054 1960 2040 1935 2039 1960 2021 1967
264 5768 42127 30215 2032 1953 2009 1938 23901 31191 1993 1940 2057 1980 2048 1938 2033 1981 2019 1954
265 5788 42132 31953 2071 1960 2056 1946 23871 31162 2028 1947 2062 1942 2037 1943 2013 1978 2035 1959
266 5808 42121 35234 2042 1988 2035 1922 23864 31159 2005 1920 2074 1945 2039 1965 2025 1995 2039 1975
267 5828 42130 36151 2059 2001 2035 1916 23887 31196 2033 1944 2029 1964 2030 1950 2044 1976 2016 1959
268 5849 42124 32034 2085 1960 2035 1923 23865 31144 2005 1970 2065 1986 2047 1957 2060 1967 2054 1952
269 5869 42122 28761 2051 1990 2050 1965 23851 31138 2035 1951 2018 1968 2056 1955 2036 1968 2021 1943
270 5889 42120 32073 2074 1947 2032 1940 23867 31163 2028 1938 2016 1956 2051 1923 2031 1948 2018 1956
271 5909 42120 31823 2016 1957 2036 1936 23876 31187 2026 1919 2022 1941 2014 1936 2047 1983 2013 1942
272 5930 42124 32201 2057 1989 2039 1938 23876 31160 2036 1941 2032 1969 2065 1915 2034 1986 2014 1946
273 5950 42121 35311 2044 1971 2021 1941 23846 31133 2027 1941 2065 1972 2040 1956 2034 1964 2003 1961
274 5970 42121 34827 2044 1977 2053 1960 23873 31163 2020 1947 2029 1957 2010 1953 2028 1962 2039 1950
275 5990 42136 32527 2067 1970 2059 1959 23824 31196 2036 1955 2017 1924 2042 1963 2018 1963 1997 1957
276 6011 42128 32488 2044 1973 2035 1954 23902 31140 2058 1979 2058 1957 2036 1951 2021 1948 2035 1916
277 6031 42118 28704 2053 1968 2025 1932 23864 31154 2031 1921 2050 1968 2053 1959 2025 1971 2003 1952
278 6051 42127 30639 2028 1950 2051 1929 23861 31188 2010 1973 2050 1952 2012 1936 2025 1995 2043 1948
279 6072 42124 32526 2067 2007 2042 1912 23878 31128 2041 1950 2044 1970 2010 1922 2027 1974 2025 1928
280 6092 42127 29824 2080 1980 2034 1955 23868 31165 2002 1947 2041 1945 2042 1958 2046 1947 2023 1928
281 6112 42127 31201 2093 1947 2066 1968 23869 31147 2037 1964 2040 1953 2055 1978 2029 1937 2007 1925
282 6132 42116 32259 2044 1946 2039 1928 23886 31144 2042 1947 2024 1946 1996 1952 2028 1961 2023 1934
283 6153 42118 36262 2082 1987 2074 1946 23853 31193 2031 1963 2055 1986 2029 1949 2012 1983 2046 1935
284 6173 42120 32427 2049 1957 2031 1940 23863 31144 2021 1953 2062 1965 2052 1933 2076 1969 2003 1938
285 6193 42123 30414 2053 1964 2048 1932 23873 31172 1998 1959 2024 1958 2023 1954 2042 1948 2008 1933
286 6214 42119 30998 2035 1981 2049 1940 23855 31163 2032 1936 2034 1966 2045 1893 2036 1951 2040 1952
287 6234 42130 35479 2072 1983 2041 1991 23866 31161 2038 1957 2041 1957 2006 1948 2039 1993 2028 1960
288 6254 42120 31680 2062 1941 2041 1925 23879 31165 2007 1951 2037 1976 2040 1928 2044 1976 2018 1946
289 6274 42131 30435 2045 1982 2051 1922 23821 31155 2030 1958 2034 1962 2045 1944 2029 1980 2026 1931
290 6295 42121 35151 2018 1970 2048 1960 23893 31146 2032 1944 2031 1959 2031 1934 2009 1975 2044 1952
291 6315 42119 30962 2030 1971 1992 1949 23892 31162 2015 1964 2063 1968 2033 1978 2031 1944 2004 1939
292 6335 42117 33750 2073 1996 2052 1942 23862 31164 2020 1961 2034 1971 2028 1941 2018 1979 1994 1970
293 6356 42118 28876 2053 1978 2047 1948 23890 31165 2037 1944 2061 1990 2021 1949 2060 1960 2044 1954
294 6376 42118 36088 2040 1962 2053 1936 23872 31147 2001 1952 2050 1953 2043 1951 2041 1960 2007 1924
295 6396 42126 36198 2045 2014 2017 1931 23854 31182 2033 1965 2065 1974 2050 1940 2029 1945 2045 1948
296 6416 42121 33849 2095 1950 2056 1963 23891 31157 2036 1933 2042 1977 2035 1928 2005 1984 2011 1920
297 6437 42119 30821 2081 2003 2048 1937 23887 31160 1999 1937 2083 1940 2014 1951 2018 1959 2020 1952
298 6457 42130 29492 2066 1992 2024 1945 23860 31170 2017 1967 2054 1960 2010 1944 2016 1974 2019 1953
299 6477 42125 34172 2071 1970 2056 1939 23855 31174 2008 1936 2067 1957 2022 1913 2028 1964 2050 1973
300 6497 42119 31153 2094 1959 2037 1953 23868 31157 2034 1962 2062 1998 2048 1944 1998 1953 2036 1962
301 6518 42126 35834 2079 1947 2038 1924 23865 31162 2033 1941 2025 1946 2038 1959 2046 1977 1967 1943
302 6538 42132 32348 2057 1973 2040 1942 23852 31174 2012 1937 2052 1968 2005 1944 2044 1992 2031 1934
303 6558 42127 31164 2057 1978 2068 1906 23872 31153 2013 1943 2051 1966 2043 1935 2038 1966 2004 1949
304 6579 42121 34906 2026 1979 2030 1950 23874 31151 2043 1972 2038 1966 2008 1952 2048 1951 2007 1956
305 6599 42134 35889 2061 1983 2054 1949 23877 31160 2038 1954 2056 1977 2036 1942 2019 1966 2007 1941
306 6619 42127 30546 2074 1952 2006 1947 23881 31199 2032 1957 2053 1948 2042 1958 2017 1951 2015 1969
307 6639 42115 31300 2060 1973 2028 1939 23845 31135 2030 1940 2035 1946 2022 1951 2057 1996 2026 1955
308 6660 42124 31558 2029 1994 2024 1963 23845 31156 2019 1948 2052 1958 2042 1945 2025 1983 2019 1925
309 6680 42124 31568 2076 1958 2063 1939 23874 31145 2040 1942 2042 1974 2028 1945 2044 1976 2007 1958
310 6700 42121 35009 2081 1989 2057 1932 23846 31175 2019 1940 2074 1980 2034 1941 2039 1976 1998 1956
311 6721 42117 33865 2061 1984 2057 1931 23894 31169 2009 1925 2068 1970 2052 1972 2010 1984 2024 1964
312 6741 42125 33887 2058 1997 2046 1927 23864 31149 2034 1946 2051 1964 1994 1945 2026 1969 2005 1953
313 6761 42123 31138 2071 1983 2045 1920 23853 31174 2033 1953 2038 1972 2058 1965 2043 1988 2038 1956
314 6781 42125 33595 2088 1985 2048 1953 23862 31175 2047 1944 2022 1969 2043 1922 2047 1948 2027 1949
315 6802 42119 29859 2083 1994 2043 1966 23883 31153 2015 1943 2061 1989 2022 1925 2052 1974 2046 1948
316 6822 42131 30014 2020 1954 2012 1970 23875 31162 2036 1943 2066 1947 2021 1922 2051 1987 2022 1956
317 6842 42121 34998 2027 1972 2056 1959 23893 31151 2022 1937 2048 1952 2026 1958 2031 1948 2041 1974
318 6863 42113 34812 2056 1976 2025 1945 23872 31157 2021 1967 2037 1967 2039 2018 1994 1934 2043 1940
319 6883 42120 31819 2053 2009 2064 1928 23856 31146 2020 1963 2032 1958 2049 1945 2070 1985 2012 1954
320 6903 42119 30326 2044 1979 2046 1958 23873 31152 2015 1967 2023 1945 2024 1948 2054 1949 2027 1950
321 6923 42115 30466 2089 1976 2056 1963 23905 31152 1995 1927 2040 1972 2058 1948 2032 1952 2004 1948
322 6944 42121 34056 2083 1981 2024 1921 23843 31138 2035 1907 2023 1954 2047 1921 2021 1959 2045 1964
323 6964 42124 31955 2079 1985 2030 1922 23854 31169 2020 1968 2049 1998 2033 1963 2026 1968 2032 1945
324 6984 42125 34115 2058 2008 2036 1935 23864 31158 2028 1954 2063 1946 2031 1927 2039 1984 2006 1956
325 7004 42122 36358 2093 1977 2046 1952 23875 31187 2029 1954 2082 1986 2014 1946 2034 1967 2044 1968
326 7025 42116 32985 2017 1991 2080 1935 23858 31176 2024 1958 2049 1961 2046 1948 2053 1962 2022 1964
327 7045 42132 33064 2075 2000 2051 1942 23861 31186 2036 1943 2035 1973 2024 1945 2023 2009 2050 1946
328 7065 42117 34302 2074 1983 2075 1954 23832 31153 2053 1972 2042 1982 2022 1938 2025 1981 2030 1932
329 7085 42123 31153 2078 2010 2049 1937 23873 31177 2031 1938 2064 1968 2024 1946 2035 1953 2059 1921
330 7106 42117 35381 2076 1977 2059 1957 23881 31150 2030 1934 2030 1965 2031 1935 2037 1972 2020 1957
331 7126 42119 30271 2033 1990 2063 1968 23843 31174 2012 1936 2053 1962 2017 1939 2061 1935 2026 1931
332 7146 42108 33130 2044 1988 2047 1911 23878 31125 2054 1927 2042 1955 2041 1947 2058 1966 2052 1959
333 7166 42113 33739 2067 1974 2025 1948 23878 31167 2026 1962 2055 1939 2027 1926 2029 1959 2018 1963
334 7187 42118 29603 2058 1973 2041 1918 23864 31160 1997 1963 2014 1948 2073 1931 2050 1933 1997 1973
335 7207 42122 35972 2056 1979 2032 1921 23860 31166 2040 1940 2032 1973 2059 1927 2040 1975 2035 1953
336 7227 42110 29241 2094 1971 2022 1958 23868 31111 2046 1957 2070 1950 2049 1969 2024 1974 2026 1931
337 7248 42118 28573 2075 1972 2053 1961 23879 31164 2024 1942 2050 1960 2064 1956 2044 1977 2030 1966
338 7268 42122 29248 2067 1993 2044 1933 23856 31179 2028 1934 2069 1950 2045 1973 2017 1992 1991 1949
339 7288 42119 30308 2055 1971 2044 1929 23843 31154 2043 1950 2062 1993 2024 1950 2043 1959 2017 1958
340 7308 42109 34121 2083 1946 2028 1945 23849 31174 2015 1932 2043 1983 2047 1950 2024 1973 1992 1940
341 7329 42130 29422 2021 1974 2035 1930 23874 31179 1992 1944 2052 1990 2042 1955 2041 1986 1988 1961
342 7349 42114 36219 2038 1997 2028 1956 23894 31132 2009 1970 2042 1953 2034 1942 2030 1950 2012 1952
343 7369 42112 31647 2057 1980 2051 1951 23870 31131 2011 1935 2067 1967 2048 1940 2034 1971 2032 1934
344 7390 42119 31072 2069 2004 2026 1947 23856 31156 2026 1942 2032 1953 2041 1961 2032 1972 2036 1949
345 7410 42115 30821 2060 1957 2025 1950 23858 31134 2028 1925 2079 1953 2049 1957 2033 1974 2041 1963
346 7430 42113 33990 2053 1959 2047 1963 23853 31165 2009 1940 2040 1964 2015 1963 2033 1962 2016 1928
347 7451 42116 31901 2106 1950 2061 1958 23905 31180 2017 1973 2048 1952 2001 1954 2033 1946 2012 1947
348 7471 42113 35021 2051 1992 2054 1937 23867 31156 2008 1976 2046 1942 2045 1934 2024 1971 2044 1962
349 7491 42121 34755 2043 1991 2052 1952 23852 31155 2042 1943 2031 1966 2032 1947 2075 1971 2017 1940
350 7511 42118 29417 2067 1991 2044 1963 23845 31151 1987 1955 2040 1968 2015 1930 2018 1951 2025 1948
351 7531 42126 29614 2035 1996 2022 1955 23903 31154 2028 1953 2079 1962 2041 1950 2008 1965 2015 1952
352 7552 42112 32437 2086 1960 2006 1955 23828 31146 2014 1929 2037 1957 2060 1952 2058 1958 2025 1928
353 7572 42117 34105 2060 1973 2017 1952 23902 31145 2024 1955 2047 1970 2038 1949 2035 1952 2042 1916
354 7592 42120 31527 2049 1992 2036 1929 23861 31185 2044 1946 2043 1944 2015 1941 2034 1970 2028 1984
355 7613 42121 34868 2064 1995 2055 1946 23895 31124 2025 1942 2044 1959 2055 1959 2027 1956 2015 1940
356 7633 42114 35746 2100 1965 2037 1946 23882 31164 2041 1955 2032 1940 2055 1942 2030 1959 2010 1928
357 7653 42116 32557 2074 2001 2045 1961 23864 31140 2061 1941 2031 1955 2037 1958 2024 1967 2014 1953
358 7673 42112 31785 2063 1997 2048 1929 23863 31149 2001 1970 2033 1945 2037 1945 2051 1984 2009 1968
359 7694 42116 32127 2056 1969 2019 1923 23865 31151 2004 1929 2077 1952 2034 1969 2039 1956 2016 1939
360 7714 42117 34125 2064 1963 2034 1942 23866 31146 2023 1953 2044 1934 2022 1936 2041 1993 1994 1956
361 7734 42110 35665 2058 1970 2036 1953 23874 31137 2058 1970 2038 1947 2050 1956 2050 1993 2008 1930
362 7755 42112 32578 2070 1978 2052 1954 23866 31147 2031 1954 2044 1971 2042 1925 2042 1963 2023 1924
363 7775 42118 35890 2046 1980 2050 1938 23868 31138 2033 1931 2007 1963 2044 1956 2006 1960 2019 1944
364 7795 42115 30519 2071 1973 2060 1945 23877 31154 2018 1946 2040 1960 2045 1927 2038 1986 2039 1958
365 7815 42112 32814 2038 1976 2022 1948 23869 31152 1996 1946 2077 1963 2047 1983 2042 1965 2005 1942
366 7835 42117 33791 2061 2009 2089 1938 23877 31149 2044 1970 2066 1956 2050 1974 2038 1985 2048 1954
367 7856 42119 31227 2051 1958 2015 1924 23844 31150 2037 1977 2030 1959 2016 1947 2046 1957 2045 1933
368 7876 42111 30970 2052 1984 2059 1944 23870 31131 2008 1940 2061 1981 2025 1952 2035 1966 2014 1930
369 7897 42117 34299 2066 1984 2044 1987 23885 31153 2016 1954 2070 1985 2037 1958 2011 1949 2042 1949
370 7917 42114 35487 2070 2003 2050 1948 23855 31152 2025 1940 2054 1984 2042 1944 2019 1986 2017 1920
371 7937 42109 33797 2070 1979 2083 1947 23856 31150 2033 1967 2032 1976 2025 1979 2032 1969 1999 1976
372 7957 42124 32496 2070 1964 2047 1962 23908 31154 2023 1967 2017 1953 2061 1943 2028 1969 2022 1929
373 7977 42111 30114 2083 1993 2041 1944 23892 31152 2006 1942 2038 1964 2018 1966 2031 1957 2034 1960
374 7998 42115 30532 2086 1979 2059 1956 23849 31133 2026 1948 2041 1942 2062 1946 2016 1962 2031 1954
375 8018 42112 31932 2064 1987 2044 1940 23879 31159 2000 1957 2073 1946 2029 1970 2016 1956 2039 1927
376 8038 42117 34481 2088 1979 2052 1943 23874 31179 2040 1949 2020 1958 2068 1955 2047 1957 2025 1972
377 8059 42116 32022 2089 1968 2020 1946 23864 31145 2003 1975 2044 1950 2043 1964 2034 1939 2040 1977
378 8079 42115 30619 2060 1967 2023 1939 23887 31174 2043 1934 2047 1953 2031 1922 2013 1968 2014 1931
379 8099 42109 34097 2072 1989 2040 1936 23870 31139 2016 1955 2054 1939 2047 1942 2021 1998 2021 1925
380 8119 42105 35392 2043 1970 2051 1948 23844 31126 2037 1941 2080 1958 2032 1942 2019 1990 2020 1934
381 8140 42103 31151 2025 2008 2028 1940 23875 31150 2007 1958 2067 1962 2028 1932 2058 1962 2034 1953
382 8160 42111 30060 2066 1969 2052 1957 23892 31149 2042 1937 2038 1965 2001 1958 2054 1949 2029 1937
383 8180 42117 34955 2029 1996 2036 1924 23879 31138 2019 1948 2052 1971 2061 1956 2036 1955 2006 1957
384 8201 42107 30811 2058 1974 2047 1945 23860 31144 2023 1962 2041 1992 2045 1927 2004 1964 1998 1946
385 8221 42125 34417 2079 1999 2048 1956 23873 31173 2027 1920 2051 1964 2036 1970 2040 1979 2024 1943
386 8241 42107 30047 2080 1977 2001 1929 23858 31151 2016 1955 2036 1956 2017 1950 2039 1954 2029 1946
387 8262 42109 34666 2096 1964 2038 1939 23865 31170 2018 1941 2066 1954 2018 1976 2051 1998 2008 1943
388 8282 42110 28538 2080 2002 2070 1920 23899 31148 2018 1940 2031 1984 2033 1960 2037 2000 2025 1968
389 8302 42114 36199 2043 1981 2033 1938 23892 31165 2008 1956 2051 1943 2027 1957 2029 1954 2033 1942
390 8322 42104 32405 2094 2007 2031 1956 23825 31156 2018 1962 2056 1960 2030 1938 2040 1959 1999 1954
391 8342 42108 33147 2079 1959 2033 1954 23851 31166 2024 1946 2038 1969 2021 1941 2078 1970 1994 1952
392 8363 42106 35764 2043 1969 2047 1930 23874 31113 2014 1962 2023 1943 2025 1949 2012 1957 1999 1914
393 8383 42112 32615 2047 1977 2034 1938 23847 31171 2041 1965 2072 1963 2029 1972 2012 1960 2035 1971
394 8403 42105 35168 2071 1980 2084 1944 23864 31153 2018 1940 2051 1937 2042 1932 2059 1975 2011 1965
395 8424 42111 30542 2081 1994 2035 1945 23891 31171 2026 1927 2047 1946 2010 1937 2038 1950 2009 1940
396 8444 42111 29717 2065 2013 2012 1919 23843 31151 2031 1938 2059 1972 2035 1945 2023 1956 2063 1953
397 8464 42113 35064 2054 1988 2053 1961 23856 31149 2021 1975 2060 1953 2046 1940 2038 1973 2014 1956
398 8485 42108 33437 2045 1956 2040 1934 23867 31155 2024 1925 2068 1958 2080 1964 2030 1964 2029 1955
399 8505 42105 33597 2068 1977 2030 1944 23875 31117 2024 1942 2051 1969 2051 1960 2055 1958 2014 1952
400 8525 42101 35122 2064 1985 2058 1960 23862 31142 2013 1972 2031 1934 2004 1935 2021 1943 2046 1935
401 8545 42115 30636 2055 1976 2065 1942 23870 31133 2037 1967 2084 1967 2054 1967 2015 1976 1996 1934
402 8566 42112 32022 2088 1985 2046 1946 23854 31159 2019 1927 2069 1983 2015 1942 2034 1973 2021 1971
403 8586 42105 34891 2076 1979 2038 1971 23861 31155 2004 1908 2038 1951 2041 1946 2033 1975 2005 1973
404 8606 42107 29750 2021 1965 2065 1941 23873 31143 2018 1951 2037 1981 2029 1950 2044 1958 2030 1983
405 8626 42108 33251 2066 2011 2034 1938 23865 31153 2041 1926 2034 1997 2034 1952 2033 1966 2015 1946
406 8647 42108 33028 2064 1982 2054 1951 23850 31161 2038 1963 2032 1970 2041 1950 2049 1970 2013 1973
407 8667 42123 30461 2050 1948 2062 1948 23845 31155 2015 1937 2049 1942 2041 1954 2044 1954 2022 1930
408 8687 42114 35834 2056 1972 2041 1955 23883 31123 2015 1955 2017 1997 2020 1938 2029 1987 2045 1949
409 8708 42107 31337 2075 1952 2037 1961 23871 31142 1997 1934 2032 1944 2026 1938 2064 1965 2037 1957
410 8728 42106 29291 2049 1954 2032 1937 23857 31163 2023 1964 2046 1984 2022 1948 2040 1959 2026 1950
411 8748 42111 31209 2079 1971 2052 1928 23850 31122 2025 1931 2043 1975 2032 1944 2031 1948 2026 1936
412 8768 42099 31047 2028 1971 2043 1966 23874 31148 2013 1940 2063 1942 2015 1940 2045 1955 2010 1933
413 8788 42108 31733 2094 1962 2043 1930 23842 31148 2048 1970 2045 1999 2021 1965 2044 1964 2023 1952
414 8809 42109 34699 2050 1975 2034 1937 23858 31164 2011 1960 2019 1931 2022 1923 2000 1961 2003 1912
415 8829 42116 32493 2074 1992 2034 1936 23872 31177 2010 1938 2087 1967 2025 1940 2019 1948 2027 1911
416 8849 42113 33888 2053 1983 2063 1918 23871 31188 2024 1928 2034 1964 2044 1930 2036 1983 2039 1950
417 8870 42105 33677 2071 1989 2012 1948 23911 31150 2016 1972 2051 1970 2020 1935 2043 1979 2047 1952
418 8890 42110 29430 2039 1979 2041 1945 23843 31132 2021 1962 2070 1978 2031 1936 2022 1958 2022 1952
419 8910 42108 31976 2070 1967 2027 1959 23854 31151 2013 1979 2044 1952 2042 1960 2024 1956 2038 1964
420 8930 42114 28678 2027 1956 2056 1948 23875 31130 2035 1962 2061 1973 2024 1947 2014 1931 1980 1943
421 8951 42102 28548 2053 2008 2062 1951 23864 31121 2040 1957 2067 1945 2020 1928 2044 1958 2008 1954
422 8971 42116 32835 2032 1989 2043 1969 23869 31150 2020 1936 2063 1944 2012 1957 2030 1962 2015 1945
423 8991 42109 35424 2068 1998 2016 1947 23872 31177 2022 1959 2052 1952 2025 1957 2027 1951 2018 1931
424 9012 42105 34229 2061 1990 2045 1963 23885 31146 2009 1972 2048 1976 2017 1955 2018 1994 2033 1988
425 9032 42105 33618 2047 1965 2034 1934 23884 31135 2040 1942 2029 1995 2027 1924 1997 1976 1995 1953
426 9052 42111 30298 2077 1995 2035 1950 23854 31166 2018 1942 2043 1947 2035 1946 2024 1950 2001 1949
427 9072 42105 35134 2037 1961 2026 1950 23880 31137 2045 1926 2038 1976 2035 1947 2038 1960 2029 1937
428 9093 42096 32939 2081 1983 2038 1944 23888 31148 2016 1953 2092 1977 2039 1927 2038 2016 2035 1955
429 9113 42108 32995 2044 1976 2060 1966 23847 31153 1993 1942 2046 1971 2016 1950 2013 1966 2015 1938
430 9133 42109 33765 2052 1962 2026 1934 23845 31162 2006 1922 2054 1950 2029 1919 2025 1972 2003 1931
431 9154 42104 31627 2054 1973 2023 1935 23878 31135 2002 1961 2065 1974 2065 1934 2018 1933 2036 1969
432 9174 42104 32360 2057 1994 2031 1953 23871 31157 2073 1960 2063 1973 2017 1944 2030 1962 2033 1947
433 9194 42110 29314 2074 1967 2051 1939 23870 31137 2051 1965 2074 1973 1999 1928 2041 1977 2011 1956
434 9214 42107 31370 2087 1973 2068 1960 23901 31163 2026 1926 2057 1961 2024 1948 2050 1982 1995 1928
435 9235 42105 33811 2057 2004 2028 1937 23872 31123 2001 1976 2025 1984 2031 1941 2045 1962 2029 1960
436 9255 42109 34380 2064 1982 2089 1928 23860 31146 2016 1936 2065 1966 2048 1953 2027 1975 2027 1970
437 9275 42101 33893 2054 1973 2043 1956 23868 31150 2025 1969 2051 1971 2021 1942 2041 1955 2029 1953
438 9295 42107 30510 2072 2000 2010 1956 23859 31134 2042 1933 2085 1995 2036 1953 2034 1983 2012 1946
439 9316 42104 32402 2055 1961 2020 1960 23866 31136 2029 1922 2073 1956 2031 1917 2034 1964 2004 1948
440 9336 42104 32532 2051 1996 2037 1936 23845 31144 2014 1928 2042 1976 2026 1973 2031 1960 2031 1929
441 9356 42108 33203 2046 1955 2039 1958 23841 31172 2027 1967 2073 1962 2012 1945 2026 1957 2026 1956
442 9376 42108 31732 2064 1958 2049 1971 23859 31136 2017 1974 2046 1945 2037 1927 2072 1976 2011 1945
443 9397 42103 30291 2058 1974 2056 1964 23865 31178 2021 1965 2056 1948 2022 1940 2035 1984 2013 1968
444 9417 42108 31908 2081 2020 2057 1964 23843 31141 2024 1952 2034 1973 2048 1943 2048 1996 2024 1947
445 9437 42105 35338 2077 1978 2020 1958 23885 31114 2024 1932 2042 1956 2049 1923 2017 1964 2018 1958
446 9458 42103 31345 2074 1983 2060 1937 23861 31139 2030 1974 2043 1940 2016 1947 2026 1972 1994 1961
447 9478 42109 33562 2041 1967 2042 1973 23841 31130 1994 1927 2064 1977 2016 1966 2067 1989 2046 1940
448 9498 42104 31840 2072 1967 2048 1969 23858 31159 2056 1939 2025 1952 2034 1965 2040 1944 2011 1973
449 9518 42117 34241 2061 2000 2065 1956 23863 31137 2031 1979 2038 1972 2026 1936 2022 1962 2027 1973
450 9539 42124 31525 2066 1979 2013 1940 23864 31142 2037 1930 2052 1965 2036 1942 2017 1956 2001 1943
451 9559 42104 33213 2050 1987 2062 1962 23871 31161 2019 1937 2061 1971 2039 1955 2020 1958 2033 2002
452 9579 42100 32619 2046 1973 2036 1951 23869 31165 2032 1945 2050 1961 2031 1930 2035 1986 2034 1979
453 9600 42111 30375 2061 1974 2066 1927 23851 31158 2005 1939 2052 1989 2035 1938 2027 1978 2016 1952
454 9620 42102 28554 2055 1959 2050 1928 23860 31146 2017 1947 2055 1959 2047 1940 2022 1974 2028 1974
455 9640 42105 33501 2068 1967 2065 1980 23844 31174 2040 1951 2067 1950 2015 1914 2043 1971 2007 1931
456 9660 42096 31794 2047 1988 2025 1957 23866 31147 2055 1953 2055 1994 2053 1934 2045 1982 2046 1951
457 9681 42110 36013 2072 1977 2034 1938 23872 31124 2020 1941 2058 1981 2042 1937 2020 1978 2022 1964
458 9701 42110 35785 2096 1979 2065 1946 23811 31113 2033 1932 2037 1965 2025 1977 2035 1946 2049 1952
459 9721 42108 32982 2079 1978 2057 1947 23871 31151 2039 1931 2049 1970 2047 1940 2044 1966 2012 1937
460 9742 42103 30995 2039 1967 2076 1931 23853 31177 2023 1916 2054 1975 2001 1970 2038 1969 2026 1967
461 9762 42114 29623 2024 1996 2056 1950 23865 31153 2031 1918 2046 1949 2033 1960 2036 1978 2045 1953
462 9782 42108 31800 2062 1986 2066 1956 23845 31160 2051 1960 2053 1955 2055 1939 2011 1957 2033 1937
463 9802 42104 32622 2069 2013 2025 1963 23876 31107 2037 1960 2046 1959 2023 1918 2008 1949 2018 1969
464 9823 42108 33159 2053 1981 2051 1924 23863 31148 2017 1978 2018 1984 2048 1915 2056 1965 1997 1958
465 9843 42101 33687 2036 1952 2043 1949 23873 31147 2039 1932 2056 1957 2040 1926 1999 1947 1998 1963
466 9863 42103 30581 2062 1978 2055 1958 23897 31160 2030 1929 2077 1980 2018 1931 2017 2000 2006 1965
467 9884 42100 31721 2090 1988 2051 1931 23854 31114 2039 1950 2018 1982 2057 1955 2054 1985 2052 1945
468 9904 42100 32021 2075 1978 2072 1928 23853 31158 2008 1934 2057 1958 2055 1979 2036 1987 2035 1958
469 9924 42103 30008 2066 1979 2048 1976 23870 31168 2039 1928 2025 1950 2021 1947 2066 1976 2010 1933
470 9944 42105 35267 2090 2006 2043 1948 23863 31134 2043 1976 2074 1980 2053 1922 2007 1954 2013 1928
471 9965 42102 29624 2060 1975 2059 1937 23855 31140 2055 1963 2036 1982 2069 1954 2012 1961 1993 1989
472 9985 42097 33886 2039 1985 2056 1951 23857 31130 2028 1963 2032 1965 2021 1946 2060 1958 2017 1960
473 10005 42097 34634 2020 2002 2032 1950 23857 31165 2019 1953 2035 1930 2047 1940 2037 1954 2023 1950
474 10025 42101 34818 2070 1982 2076 1951 23852 31166 2046 1969 2047 1946 2029 1942 2018 1985 2010 1941
475 10046 42103 31174 2069 1994 2071 1928 23876 31145 2032 1944 2023 1935 2029 1951 2021 1983 2035 1943
476 10066 42101 34575 2038 1989 2052 1929 23875 31150 2024 1944 2047 1961 2014 1935 2057 1984 2001 1951
477 10086 42097 33917 2071 2001 2046 1932 23863 31137 2019 1938 2063 1986 2051 1926 2057 1951 2010 1981
478 10106 42102 35930 2047 1996 2043 1920 23830 31095 2003 1949 2056 1950 2052 1965 2022 2000 1993 1972
479 10127 42098 35657 2094 1952 2054 1941 23866 31119 1984 1923 2035 1943 2078 1966 2069 1965 2010 1972
480 10147 42098 29192 2061 1971 2062 1941 23891 31114 2018 1947 2048 1959 2027 1925 2039 1965 2002 1962
481 10167 42098 29517 2033 2026 2047 1912 23851 31171 2016 1959 2024 1958 2022 1970 2054 1992 2014 1927
482 10187 42102 29385 2062 1978 2027 1956 23837 31132 2030 1933 2081 1963 2023 1917 2033 1949 2035 1955
483 10208 42097 34744 2060 1980 2052 1945 23871 31125 2004 1962 2072 1959 2045 1925 2027 1942 2007 1940
484 10228 42097 35251 2029 1963 2042 1965 23841 31139 2041 1943 2041 1948 2040 1918 2034 1966 2036 1959
485 10248 42111 30865 2097 2015 2039 1947 23849 31138 2046 1959 2058 1959 2045 1960 2044 1973 2034 1968
486 10268 42102 36153 2088 1979 2043 1901 23834 31130 2045 1966 2064 1963 2016 1938 2051 1969 2007 1954
487 10289 42097 35165 2063 1955 2053 1958 23871 31163 2043 1977 2044 1922 2029 1951 2032 1953 2034 1949
488 10309 42098 35506 2070 1985 2038 1959 23855 31117 2059 1953 2046 1944 2041 1945 2058 1977 2044 1932
489 10329 42099 30590 2053 1997 2008 1921 23866 31127 2019 1921 2068 1971 2058 1949 2007 1939 2039 1948
490 10350 42095 31058 2049 1992 2041 1939 23830 31146 1993 1975 2034 1971 2051 1973 2045 1997 1993 1943
491 10370 42114 35692 2054 1960 2088 1952 23870 31117 2046 1965 2057 1964 2023 1938 2039 1952 2031 1966
492 10390 42090 35837 2061 1963 2011 1921 23864 31134 2032 1934 2008 1936 2047 1907 2041 1963 2035 1930
493 10411 42093 34639 2081 1963 2041 1913 23847 31136 2017 1960 2058 1962 2020 1947 2039 1970 2021 1947
494 10431 42098 28780 2079 1990 2048 1944 23851 31127 2011 1963 2036 1985 1997 1941 2011 1985 2035 1927
495 10451 42101 33480 2057 1981 2058 1956 23867 31137 2026 1940 2038 1989 2038 1957 2016 1984 2014 1955
496 10472 42102 28734 2051 2000 2047 1963 23851 31152 2004 1955 2018 1981 2055 1974 2018 1975 2026 1954
497 10492 42101 35353 2053 1983 2028 1947 23861 31150 2014 1961 2070 1960 2031 1937 2037 1987 2016 1953
498 10512 42102 28499 2067 1957 2082 1950 23866 31136 2043 1970 2027 1958 2033 1962 2022 1969 2017 1938
499 10532 42099 30045 2070 1975 2050 1933 23852 31147 2024 1958 2049 1974 2018 1955 2044 1964 2017 1943
500 10553 42101 33700 2066 1959 2045 1936 23839 31151 2026 1950 2055 1984 2041 1956 2032 1955 2028 1944
501 10573 42105 34389 2043 1945 2050 1941 23872 31152 2040 1934 2053 1991 2010 1944 2046 1971 2021 1965
502 10593 42101 34202 2089 1976 2041 1908 23873 31147 2025 1972 2072 1978 2007 1927 2022 1947 2046 1955
503 10613 42108 32104 2058 1972 2026 1949 23879 31096 2046 1938 2070 1946 2047 1923 2031 1966 2024 1962
504 10634 42092 32839 2041 1952 2011 1940 23864 31153 2020 1935 2044 1952 2046 1926 2053 1984 2022 1957
505 10654 42101 34951 2076 1972 2056 1959 23880 31141 1985 1939 2060 1971 2059 1927 2040 1954 2010 1960
506 10674 42101 34490 2060 1984 2039 1931 23873 31144 2031 1931 2022 1934 2037 1949 1996 1962 2030 1969
507 10695 42104 33044 2074 1982 2054 1937 23881 31161 2029 1971 2065 1970 2052 1941 2053 1969 2055 1963
508 10715 42103 30018 2074 1972 2045 1962 23839 31118 2025 1959 2055 1958 2031 1925 2013 1963 1997 1972
509 10735 42104 32254 2082 1984 2068 1944 23855 31137 2051 1948 2046 1937 2017 1950 2059 1974 2027 1945
510 10755 42106 35643 2058 1995 2029 1927 23858 31113 2005 1966 2035 1975 2000 1916 1996 1965 2041 1940
511 10775 42097 35039 2075 1995 2045 1945 23860 31144 2016 1924 2057 1961 2046 1967 2052 1996 2018 1946
512 10796 42105 33855 2039 1978 2042 1957 23876 31154 2016 1951 2032 1949 2033 1947 2026 1997 1980 1977
513 10816 42094 28818 2095 1987 2073 1941 23890 31134 2037 1946 2061 1967 2038 1908 2033 1966 2024 1948
514 10836 42098 29665 2077 1963 2042 1950 23860 31158 2024 1946 2049 1985 2066 1937 2053 1970 2049 1963
515 10857 42098 35892 2068 1993 2049 1970 23874 31133 2044 1960 2034 1987 2008 1950 2044 1972 1999 1945
516 10877 42102 28812 2064 1953 2008 1957 23866 31151 2030 1948 2034 1972 2027 1942 2036 1968 2037 1953
517 10897 42089 35050 2095 1986 2044 1965 23864 31146 2048 1945 2040 1960 2058 1954 2019 1967 2013 1922
518 10917 42096 33017 2057 1970 2058 1949 23852 31161 2056 1956 2043 1962 2051 1954 2017 2002 1996 1934
519 10938 42094 36254 2078 1999 2038 1968 23858 31138 2026 1951 2030 1966 2042 1928 2039 1982 1999 1930
520 10958 42097 33801 2066 1979 2054 1953 23840 31125 2043 1949 2047 1984 2018 1930 2023 1924 2038 1950
521 10978 42092 32101 2103 1988 2033 1956 23874 31129 2015 1937 2068 1965 2024 1947 2009 1978 2029 1937
522 10999 42092 32227 2088 1980 2035 1952 23839 31118 2038 1953 2034 1999 2030 1946 2032 1964 2023 1939
523 11019 42096 31919 2063 1973 2030 1941 23824 31148 2029 1968 2066 1974 2046 1938 2049 1942 2010 1970
524 11039 42099 30135 2048 2010 2027 1926 23855 31154 2049 1965 2050 1986 2038 1962 2027 1967 2031 1940
525 11059 42101 35281 2096 1968 2044 1953 23844 31153 2034 1953 2067 1970 2032 1947 2051 1958 1991 1946
526 11080 42096 33389 2069 2005 2075 1983 23872 31130 2017 1936 2063 1972 2021 1915 2036 1967 2013 1966
527 11100 42094 29250 2044 1933 2049 1937 23875 31122 2013 1963 2047 1948 2037 1953 2057 1971 2017 1949
528 11120 42097 35399 2082 1987 2039 1961 23845 31160 2008 1957 2053 1997 2010 1945 2032 1961 2039 1925
529 11140 42095 31431 2087 1967 2032 1959 23888 31161 2026 1966 2028 1937 2041 1961 2025 1964 2017 1949
530 11161 42091 30496 2064 1987 2045 1931 23866 31152 2001 1956 2055 1963 2034 1963 2034 1961 2043 1924
531 11181 42093 35405 2061 1969 2062 1953 23848 31180 2039 1920 2055 1942 2039 1966 2024 1945 2017 1944
532 11201 42103 31117 2072 1948 2051 1964 23837 31140 2017 1963 2055 1972 2045 1951 2022 1972 2047 1962
533 11221 42091 30738 2050 1973 2018 1945 23884 31142 2049 1967 2022 1955 2063 1947 2016 1977 2032 1956
534 11242 42086 36012 2042 1969 2043 1952 23850 31148 2034 1971 2044 1978 2023 1907 2021 1961 2049 1942
535 11262 42101 35104 2084 1999 2026 1947 23860 31108 2005 1976 2035 1950 2015 1923 2033 1970 2027 1991
536 11282 42098 35720 2051 1988 2038 1950 23835 31104 2005 1952 2052 1946 2036 1920 2045 1988 2060 1955
537 11303 42097 33498 2029 1975 2055 1950 23858 31127 2046 1964 2037 1965 2019 1949 2054 1969 2041 1962
538 11323 42095 31145 2092 1960 2043 1957 23855 31128 2014 1939 2045 1967 2051 1933 2012 1969 2048 1955
539 11343 42090 29538 2042 1975 2041 1959 23858 31111 2023 1957 2073 1999 2023 1942 2029 1947 2060 1954
540 11363 42098 29065 2088 1971 2039 1931 23851 31140 2003 1937 2034 1931 2054 1925 2024 1965 2018 1918
541 11384 42091 30827 2089 1972 2035 1944 23866 31139 2029 1955 2057 1984 2057 1957 2039 1966 2014 1959
542 11404 42084 31915 2068 1963 2033 1950 23836 31123 2020 1939 2035 1963 2012 1954 2040 1977 2037 1959
543 11424 42094 29407 2065 1948 2059 1951 23885 31137 2038 1978 2038 1947 2021 1966 2025 1972 2049 1959
544 11445 42097 34639 2055 1957 2021 1941 23865 31156 1996 1953 2023 1951 2058 1937 2035 1949 2022 1960
545 11465 42095 31415 2035 1989 2019 1936 23862 31107 2022 1952 2057 1968 2031 1979 2053 1962 2018 1960
546 11485 42093 34110 2070 1988 2030 1956 23850 31151 2030 1950 2015 1924 2024 1943 2023 1947 2027 1979
547 11505 42093 35041 2083 1987 2032 1957 23854 31129 2060 1946 2059 1948 2048 1920 2017 1992 2004 1947
548 11526 42092 33265 2071 1975 2032 1952 23864 31139 2033 1965 2078 1953 2030 1953 2055 1959 2025 1981
549 11546 42096 32095 2041 2006 2044 1950 23870 31140 2008 1940 2089 1981 2022 1968 2056 1965 2027 1964
550 11566 42089 34972 2083 1964 2064 1937 23841 31086 2040 1935 2032 1966 2033 1972 2054 1966 2034 1963
551 11587 42101 34262 2064 1983 2015 1957 23863 31145 1997 1941 2027 1969 2032 1937 2009 1952 2001 1930
552 11607 42093 33564 2073 1962 2038 1935 23839 31144 2016 1948 2056 1979 2024 1961 2013 1961 2004 1941
553 11627 42094 29260 2060 1992 2044 1923 23868 31152 2026 1958 2032 1960 2044 1947 2029 1958 1997 1985
554 11647 42087 31333 2101 1973 2022 1963 23839 31147 2043 1944 2051 1959 2062 1935 2041 1948 2043 1958
555 11668 42094 28734 2076 1954 2058 1932 23883 31141 2024 1963 2045 1986 2016 1946 2038 1970 2051 1961
556 11688 42093 35440 2054 1965 2071 1955 23853 31121 2022 1938 2041 1976 2052 1941 2054 1949 2028 1929
557 11708 42089 33714 2092 1972 2010 1934 23832 31151 2026 1940 2045 1964 2023 1955 2047 1989 2044 1963
558 11729 42104 33271 2065 1957 2029 1947 23872 31141 2010 1964 2051 1940 2044 1938 2033 1968 2048 1970
559 11749 42096 33175 2057 1973 2022 1959 23858 31142 2023 1939 2043 1974 2022 1956 2029 1957 2019 1959
560 11769 42104 33430 2066 1975 2044 1941 23871 31115 1996 1958 2044 1960 2040 1931 2037 1990 1991 1966
561 11789 42099 30422 2050 2001 2023 1942 23887 31155 2044 1935 2070 1980 2056 1958 2024 1988 2008 1942
562 11809 42095 31309 2072 1986 2027 1954 23860 31129 2021 1949 2058 1960 2032 1950 2048 1978 2029 1939
563 11830 42089 34980 2057 1984 2042 1968 23856 31136 2031 1921 2034 2009 2016 1954 2000 1956 2041 1955
564 11850 42090 28806 2048 1983 2031 1950 23838 31138 2040 1960 2053 1957 2024 1939 2014 1952 2030 1958
565 11870 42092 32832 2080 1973 2070 1952 23860 31146 2041 1951 2019 1945 2009 1956 2032 1977 2034 1941
566 11891 42092 32409 2081 1963 2019 1928 23828 31143 2022 1961 2063 1952 2061 1952 2023 1987 2036 1956
567 11911 42093 33581 2094 1964 2053 1933 23868 31132 2008 1946 2047 1972 2053 1923 2020 1968 2048 1957
568 11931 42094 35977 2094 1977 2035 1949 23862 31112 2018 1956 2034 1976 2045 1942 2043 1982 2013 1965
569 11952 42094 29052 2070 1978 2071 1971 23851 31141 2050 1987 2043 1941 2023 1951 2016 1963 2034 1935
570 11972 42090 35712 2063 1959 2065 1973 23855 31111 2063 1941 2066 2001 2043 1951 2025 1949 2012 1945
571 11992 42089 35244 2050 2003 2026 1957 23841 31126 2030 1952 2059 1967 2017 1920 2047 1946 2060 1950
572 12012 42096 33142 2051 2003 2060 1954 23869 31111 2038 1947 2052 1971 2055 1945 2009 1969 2018 1936
573 12033 42094 36027 2050 1982 2039 1904 23844 31111 2018 1958 2066 1958 2043 1926 2024 1978 2039 1937
574 12053 42092 32477 2040 1977 2045 1931 23861 31099 2007 1911 2032 1954 2025 1953 2051 1949 2030 1953
575 12073 42092 32927 2065 2001 2068 1935 23852 31135 2028 1954 2031 1978 2022 1974 2033 1956 2004 1941
576 12094 42098 28781 2068 1970 2074 1936 23877 31157 2025 1982 2062 1990 2050 1933 2052 1973 2019 1921
577 12114 42092 31727 2037 1946 2039 1940 23818 31118 2025 1973 2039 1939 2047 1938 2023 1951 2027 1957
578 12134 42089 35287 2085 1994 2064 1961 23850 31087 2006 1946 2018 1960 2041 1976 2035 1976 1992 1959
579 12154 42094 29496 2054 1978 2021 1934 23865 31161 2005 1974 2036 1961 2030 1954 2011 1974 2027 1946
580 12175 42089 34383 2088 1980 2030 1952 23839 31133 2022 1949 2038 2004 2029 1980 2018 1972 2011 1942
581 12195 42099 31122 2087 2002 2046 1959 23860 31129 2037 1923 2040 1973 2027 1904 2044 1966 2028 1959
582 12215 42084 33104 2077 1983 2057 1964 23825 31110 2018 1977 2009 1978 2038 1945 2024 1972 2008 1932
583 12235 42082 28848 2056 1978 2024 1968 23851 31119 2009 1951 2066 1983 2054 1944 2007 1970 2034 1967
584 12256 42096 32099 2065 1964 2033 1941 23840 31137 1997 1960 2061 1978 2023 1949 2030 1973 2034 1955
585 12276 42091 31240 2069 1995 2020 1926 23853 31119 2026 1943 2079 1962 2049 2000 2030 1981 2020 1963
586 12296 42098 28671 2074 1969 2078 1907 23862 31169 1999 1918 2032 1963 2045 1920 2003 1984 2043 1966
587 12316 42081 34791 2042 2020 2017 1917 23865 31129 2049 1957 2051 1987 2051 1939 2032 1960 2019 1948
588 12337 42091 30822 2041 2014 2042 1938 23843 31154 2026 1950 2042 1961 2038 1876 2043 1944 2025 1931
589 12357 42093 34505 2079 1985 2040 1953 23844 31116 2025 1964 2036 1949 2058 1954 2053 1986 2010 1931
590 12377 42088 32239 2073 1972 2054 1961 23869 31117 2041 1972 2043 1927 2042 1924 2054 1983 2013 1959
591 12397 42081 35292 2045 1971 2037 1941 23847 31144 2024 1967 2045 1937 2043 1948 2024 1970 2019 1960
592 12418 42100 31788 2060 1992 2052 1965 23875 31149 1995 1973 2057 1948 2016 1957 2026 1967 2048 1935
593 12438 42089 33882 2039 1968 2068 1945 23858 31156 2035 1908 2037 1960 2030 1947 2069 1988 2034 1973
594 12458 42087 30647 2072 1966 2007 1921 23834 31143 2011 1956 2054 1952 2054 1940 2042 1967 2029 1925
595 12479 42091 30654 2041 1992 2065 1945 23858 31129 2027 1948 2060 1953 2030 1957 2053 1955 2026 1960
596 12499 42081 34490 2083 1957 2021 1950 23876 31127 2053 1946 2047 1966 2015 1929 2061 1982 2035 1948
597 12519 42081 34402 2066 1979 2035 1915 23833 31124 2009 1940 2029 1973 2035 1956 2048 1984 2021 1942
598 12540 42092 33399 2070 1990 2013 1919 23844 31126 2023 1925 2069 1943 2045 1970 2041 1963 1948 1924
599 12560 42100 33475 2063 1962 2071 1959 23852 31134 2042 1922 2059 1981 2013 1985 2016 1956 2054 1955
600 12580 42083 30253 2072 1976 2018 1927 23875 31151 2040 1965 2068 1961 2035 1952 2018 1970 2038 1983
601 12600 42093 35116 2077 1962 2025 1962 23834 31118 2046 1969 2044 1964 2039 1929 2036 1972 1993 1940
602 12620 42084 32058 2109 1977 2048 1945 23862 31104 2013 1948 2020 1968 2051 1930 2026 1948 2035 1938
603 12641 42090 28947 2067 1985 2048 1960 23874 31120 2040 1928 2051 1970 2020 1941 2051 1990 2018 1932
604 12661 42092 32265 2036 1976 2035 1969 23832 31133 2031 1947 2040 1949 2038 1937 2040 1966 2045 1989
605 12681 42079 31262 2071 1987 2053 1996 23839 31135 2006 1931 2070 1971 2055 1951 2039 1967 2022 1952
606 12702 42092 31448 2055 1976 2036 1962 23849 31109 2039 1963 2026 1969 2033 1936 2039 1998 2015 1920
607 12722 42086 35978 2079 1989 2030 1917 23846 31121 2020 1932 2047 1962 2009 1956 2036 1966 2032 1949
608 12742 42089 34015 2028 1989 2033 1961 23867 31147 2005 1943 2049 1962 2060 1924 2067 1950 2007 1953
609 12762 42085 34839 2071 1967 2031 1934 23860 31115 2035 1962 2021 1970 2044 1959 2055 1969 2005 1971
610 12783 42076 32592 2056 1984 2036 1942 23843 31130 2028 1956 2060 1974 2019 1968 2023 1920 2044 1934
611 12803 42086 35865 2089 1996 2016 1943 23808 31120 2033 1951 2064 1953 2042 1948 2021 1995 2044 1961
612 12823 42088 33065 2096 1993 2047 1956 23851 31123 2030 1979 2066 1953 2038 1954 2023 1981 2053 1967
613 12843 42087 30773 2065 1994 2054 1972 23863 31110 2021 1965 2036 1960 2031 1961 2053 1948 2029 1965
614 12864 42084 32652 2076 1994 2037 1965 23860 31112 2051 1926 2030 1966 2060 1962 2003 1929 2040 1962
615 12884 42082 28782 2051 1987 2016 1954 23838 31139 2023 1918 2047 1936 2018 1966 2034 1956 2005 1954
616 12904 42083 30556 2054 2014 2045 1939 23865 31122 2024 1941 2042 1965 2025 1972 2011 1985 2031 1956
617 12925 42082 29179 2068 1976 2041 1956 23842 31114 2011 1930 2034 1969 2044 1933 2022 1982 2033 1964
618 12945 42083 29655 2024 1942 2049 1966 23847 31134 2005 1949 2060 1939 2053 1947 2006 1945 2025 1983
619 12965 42083 31118 2073 1979 2040 1961 23848 31123 2001 1939 2027 1967 2012 1934 2051 1935 2056 1972
620 12985 42087 30654 2041 1957 2043 1947 23831 31140 2028 1947 2067 1989 2035 1931 2052 1967 2021 1946
621 13006 42085 35238 2082 1950 2054 1967 23836 31072 1989 1946 2068 1967 2046 1950 2010 1939 2010 1960
622 13026 42099 30407 2038 1972 2066 1936 23842 31129 2020 1939 2043 1947 2058 1926 2033 1966 2020 1946
623 13046 42087 30997 2054 1980 2053 1963 23844 31142 2015 1934 2074 1996 2023 1931 2029 1973 2032 1961
624 13066 42090 36091 2056 1973 2048 1957 23850 31125 2044 1938 2019 1966 2027 1950 2034 1979 2002 1941
625 13087 42078 35764 2054 1983 2060 1965 23815 31123 2013 1935 2040 1969 2017 1924 2030 1944 2024 1958
626 13107 42081 34023 2039 1956 2038 1958 23870 31130 2031 1922 2024 1956 2027 1941 2019 1947 2006 1950
627 13127 42088 33476 2060 2005 2044 1930 23841 31137 2029 1969 2064 1982 2046 1957 2008 1970 2023 1944
628 13148 42089 33604 2064 1988 2032 1967 23839 31109 2041 1954 2064 1969 2044 1950 2037 1946 2017 1958
629 13168 42092 33389 2079 1986 2040 1942 23840 31108 2027 1935 2035 1940 2008 1937 2034 1959 1991 1962
630 13188 42082 29203 2042 1993 2019 1945 23866 31114 2019 1964 2040 1947 2022 1934 2015 1962 2006 1969
631 13208 42083 30756 2049 1957 2040 1939 23843 31104 2031 1935 2047 1973 2028 1953 2066 1944 2012 1947
632 13229 42087 30401 2075 2005 2059 1934 23857 31153 2012 1942 2034 1954 2055 1934 2028 1949 2010 1922
633 13249 42090 36314 2085 1967 2062 1950 23827 31105 2038 1966 2031 1971 2031 1929 2037 1961 2045 1979
634 13269 42085 33605 2073 2004 2039 1963 23834 31112 2024 1939 2056 1965 2023 1950 2051 1976 2042 1939
635 13290 42092 33036 2051 1980 2054 1937 23854 31131 2032 1930 2052 1979 2051 1933 2036 1973 2024 1952
636 13310 42084 31619 2086 2012 2054 1952 23861 31143 2009 1970 2023 1932 2040 1939 2024 1957 2002 1959
637 13330 42106 29190 2057 2001 2068 1933 23857 31118 2055 1938 2033 1950 2042 1942 2027 1967 2009 1934
638 13350 42082 29296 2059 1969 2049 1924 23837 31140 2030 1946 2037 1945 2044 1958 2018 1957 2002 1928
639 13371 42081 33879 2071 1984 2045 1930 23841 31137 2050 1954 2049 1974 2044 1947 2037 1967 2023 1920
640 13391 42090 28994 2039 1984 2061 1929 23836 31090 2083 1948 2035 1978 2019 1914 2031 1961 2036 1948
641 13411 42084 31715 2045 1961 2073 1924 23861 31109 2041 1925 2063 1952 2034 1928 2033 1955 2025 1981
642 13432 42090 36234 2058 1989 2043 1948 23854 31140 2015 1959 2044 1967 2009 1925 2018 1930 2022 1943
643 13452 42089 35295 2050 1969 2030 1953 23841 31126 2038 1946 2026 1960 2039 1940 2031 1984 2019 1953
644 13472 42085 34871 2041 1958 2037 1914 23836 31135 2032 1929 2042 1981 2030 1958 2048 1962 2037 1941
645 13492 42082 28961 2062 1996 2022 1944 23850 31146 2009 1967 2060 1978 2017 1968 2030 1973 2045 1960
646 13513 42082 29098 2078 1962 2038 1978 23838 31103 2045 1939 2056 1953 2016 1954 2025 1967 2024 1929
647 13533 42081 33549 2065 1989 2043 1939 23862 31131 2031 1918 2043 1975 2062 1959 2010 1982 2024 1935
648 13553 42086 36265 2072 1995 2006 1927 23855 31094 2026 1945 2052 1953 2033 1970 2048 1973 2022 1953
649 13574 42084 31804 2055 1988 2066 1920 23853 31126 2016 1934 2057 1989 2031 1928 2020 1966 2028 1955
650 13594 42088 31533 2089 1996 2029 1964 23837 31138 2012 1935 2021 1990 2042 1910 2049 1985 1994 1945
651 13614 42078 36135 2038 2003 2068 1955 23820 31101 2040 1931 2020 1953 2009 1967 2050 1995 2040 1955
652 13634 42085 35225 2090 2002 2040 1955 23860 31146 1996 1935 2061 1990 2040 1938 2021 1995 2015 1938
653 13655 42087 30139 2062 1960 2073 1982 23863 31119 2014 1949 2043 1946 2051 1956 2045 1957 2009 1958
654 13675 42080 32305 2089 1970 2065 1960 23856 31126 2020 1944 2041 1985 2020 1950 2015 1966 2020 1948
655 13695 42078 36132 2069 1977 2036 1951 23831 31120 2012 1954 2018 1950 2031 1934 2041 1964 2001 1957
656 13716 42080 32220 2073 1953 2037 1954 23840 31118 2018 1949 2039 1939 2055 1966 2024 1961 2007 1957
657 13736 42083 29954 2081 1971 2061 1935 23851 31136 2033 1919 2027 1960 2050 1953 2018 1977 2040 1952
658 13756 42079 31091 2081 2001 2029 1953 23819 31111 2037 1977 2066 1970 2030 1954 2006 1962 2024 1954
659 13776 42074 35994 2096 1974 2009 1928 23848 31115 2057 1956 2054 1961 2005 1965 2015 1953 2040 1950
660 13796 42078 29175 2055 1959 2023 1942 23856 31106 2023 1925 2051 1952 2043 1946 2024 1950 2032 1962
661 13817 42083 30117 2054 1991 2059 1950 23832 31134 2043 1950 2052 1974 2056 1952 2071 1968 2024 1947
662 13837 42083 29833 2045 2000 2032 1957 23833 31151 2018 1942 2019 1965 2026 1940 2020 1967 2014 1982
663 13857 42081 34970 2094 1972 2034 1933 23834 31136 2042 1965 2054 1955 2048 1955 2020 1960 2036 1947
664 13878 42079 30987 2020 1975 2071 1972 23839 31097 2029 1956 2039 1938 2023 1931 2009 1973 2016 1948
665 13898 42082 28882 2068 1974 2042 1924 23853 31119 2026 1964 2027 1968 2036 1924 2027 1956 2002 1950
666 13918 42081 33819 2069 1949 2033 1912 23857 31136 2037 1932 2049 1932 2020 1943 2043 1948 2019 1957
667 13938 42080 32910 2088 1982 2054 1958 23802 31108 2035 1956 2064 1945 2038 1968 2005 1969 2022 1980
668 13959 42087 29851 2051 1979 2030 1934 23829 31110 2048 1952 2060 1955 2009 1962 2006 1941 2023 1947
669 13979 42078 36175 2081 1989 2060 1965 23832 31098 2048 1947 2046 1956 2041 1967 2050 1986 1994 1963
670 13999 42079 31414 2027 1944 2076 1944 23843 31105 2005 1960 2014 1985 2049 1952 2032 1974 2025 1927
671 14020 42077 34547 2026 1960 2066 1974 23841 31149 2026 1975 2061 1973 2011 1914 2028 2006 2011 1970
672 14040 42083 30530 2054 1953 2049 1936 23846 31146 2005 1955 2074 1977 2052 1934 2015 1980 2010 1953
673 14060 42078 29345 2050 2010 2003 1953 23836 31111 2025 1966 2030 1954 2051 1961 2047 1947 2026 1959
674 14080 42090 35484 2059 1969 2046 1946 23826 31118 2058 1929 2050 1978 2051 1937 2046 1937 2055 1988
675 14101 42098 35912 2079 1961 2028 1966 23832 31135 2048 1952 2056 1972 2033 1980 2035 1982 2034 1950
676 14121 42070 29660 2048 1978 2060 1953 23840 31131 2029 1955 2032 1966 2049 1927 2045 1981 2004 1964
677 14141 42080 32716 2062 1983 2025 1923 23847 31129 2016 1918 2066 1956 2049 1925 2045 1959 2000 1934
678 14162 42072 33239 2047 1991 2059 1935 23831 31111 2004 1944 2047 1958 2018 1949 2002 1950 2031 1919
679 14182 42085 33604 2072 1993 2030 1945 23848 31132 2041 1942 2015 1938 2056 1936 2057 1991 2034 1926
680 14202 42085 33972 2076 1964 2074 1934 23841 31117 1998 1928 2045 1979 2056 1943 1999 1973 2014 1961
681 14222 42088 31589 2070 1992 2078 1958 23853 31113 2013 1958 2057 1994 2025 1936 2032 1971 2029 1946
682 14243 42078 35443 2038 1983 2048 1951 23832 31115 2031 1949 2020 1951 2039 1958 2038 1958 2022 1972
683 14263 42081 34599 2048 1956 2028 1958 23830 31110 2041 1983 2051 1971 2021 1958 2029 1948 2018 1942
684 14283 42077 35036 2058 1974 2038 1932 23835 31091 2036 1972 2041 1932 2052 1944 2035 1970 2038 1961
685 14304 42080 31899 2071 1958 2019 1951 23851 31116 2022 1915 2068 1983 2057 1968 2018 1989 2023 1955
686 14323 42080 31770 2073 1991 2041 1973 23807 31157 2043 1931 2036 1956 2051 1958 2043 1959 2052 1956
687 14344 42076 33024 2068 1961 2053 1956 23849 31125 2007 1940 2045 1988 2055 1922 2026 1978 2020 1948
688 14364 42081 33596 2069 1979 2067 1947 23854 31108 2013 1963 2025 1939 2019 1923 2002 1943 2012 1959
689 14385 42082 28978 2034 1957 2033 1932 23833 31148 2018 1974 2039 1971 2027 1973 2021 1973 2027 1923
690 14405 42092 32034 2073 1954 2072 1949 23819 31129 2030 1952 2043 1947 2034 1941 2030 1972 2019 1921
691 14425 42086 28635 2041 1989 2045 1923 23852 31141 2021 1944 2060 1960 2037 1948 2040 1974 2022 1962
692 14445 42085 34137 2085 1991 2052 1937 23846 31116 2056 1920 2043 1967 2045 1959 2044 1971 2032 1957
693 14466 42076 31871 2054 1957 2050 1928 23834 31124 2006 1933 2043 1962 2045 1958 2027 1984 2016 1938
694 14486 42087 31088 2049 1963 2044 1937 23849 31117 1996 1963 2053 1958 2018 1947 2058 1971 2042 1944
695 14506 42072 31591 2056 1976 2013 1924 23851 31114 2046 1926 2056 1966 2042 1978 2042 1966 2059 1965
696 14527 42077 34648 2072 1999 2065 1963 23810 31122 2041 1959 2060 1968 2029 1985 2034 1946 2008 1952
697 14547 42087 31403 2075 1987 2024 1956 23826 31142 2051 1942 2025 1991 1999 1954 2046 1970 2024 1963
698 14567 42086 35784 2069 1997 2047 1952 23858 31107 2023 1958 2053 1992 2029 1955 2045 1993 2007 1974
699 14587 42083 30459 2028 1973 2038 1947 23837 31100 1983 1937 2039 1971 2034 1942 2061 1979 2014 1972
700 14607 42073 34118 2055 1974 2041 1939 23820 31111 2019 1974 2044 1963 2024 1927 2043 1987 2019 1969
701 14628 42078 36168 2059 1958 2031 1931 23872 31118 2017 1943 2026 1980 2045 1933 2049 1955 2010 1932
702 14648 42076 32336 2035 1947 2081 1972 23837 31125 2010 1943 2036 1961 2037 1971 2011 1962 2015 1936
703 14668 42083 31331 2048 1957 2071 1948 23859 31113 2024 1933 2051 1947 2043 1942 2036 1969 2042 1931
704 14689 42084 32266 2000 1965 2021 1951 23862 31146 2013 1940 2052 1977 2006 1914 2056 1958 2000 1927
705 14709 42078 29477 2073 1972 2033 1955 23851 31142 2031 1958 2028 1973 2027 1945 2028 1985 2069 1955
706 14729 42078 28971 2036 1990 2021 1981 23846 31107 2056 1938 2056 1968 2044 1942 2027 1962 2038 1958
707 14749 42077 33649 2099 1960 2013 1955 23844 31158 2006 1951 2039 1955 2043 1943 2049 1947 1998 1948
708 14770 42078 28731 2037 1948 2039 1936 23820 31116 2015 1980 2047 1930 2040 1971 2043 1960 2012 1938
709 14790 42076 31923 2044 1983 2052 1947 23825 31147 2018 1930 2077 1956 2034 1935 2037 1972 2037 1918
710 14810 42071 31098 2058 1977 2055 1983 23864 31109 2045 1957 2063 1966 2052 1949 2038 1965 2001 1942
711 14830 42082 29007 2066 1993 2054 1948 23837 31125 2033 1971 2053 1982 2025 1930 2029 1998 2015 1931
712 14851 42077 35134 2060 1991 2029 1912 23819 31100 2038 1950 2031 1946 2017 1918 2018 1948 2047 1944
713 14871 42076 32195 2048 1955 2030 1971 23842 31119 2027 1936 2050 1951 2030 1954 2038 1946 2038 1939
714 14891 42077 35290 2094 1967 2075 1932 23839 31129 2012 1949 2060 1991 2014 1945 2014 1965 2032 1942
715 14912 42074 36183 2087 1963 2081 1932 23854 31157 2018 1953 2049 1953 2044 1942 2043 1967 2024 1939
716 14932 42077 34403 2048 1983 2031 1946 23833 31122 2009 1946 2049 1968 2047 1952 2040 1956 2041 1959
717 14952 42084 32567 2068 1981 2023 1949 23842 31107 2037 1948 2049 1952 2053 1970 2034 1970 2020 1937
718 14972 42080 31969 2091 1957 2053 1941 23830 31117 2038 1950 2052 1961 2048 1951 2015 1971 2024 1937
719 14993 42079 29879 2088 1976 2035 1925 23816 31099 2019 1939 2044 1971 2038 1961 2037 1951 2019 1932
720 15013 42078 35498 2050 1980 2013 1951 23834 31102 2042 1937 2050 1987 2030 1958 2013 1942 2024 1927
721 15033 42083 31290 2044 1992 2010 1969 23838 31123 2068 1939 2019 1969 2054 1941 2041 1967 2023 1978
722 15054 42077 34602 2068 1977 2017 1965 23851 31118 2008 1948 2053 1944 2040 1946 2014 1961 2015 1960
723 15074 42081 33895 2067 1987 2048 1940 23838 31089 1999 1948 2053 1961 2051 1945 2045 1968 2040 1952
724 15094 42073 34838 2093 1965 2026 1955 23850 31091 2005 1938 2076 1962 2042 1921 2026 1981 2021 1971
725 15115 42074 29669 2042 1997 2069 1946 23860 31117 2015 1967 2057 1957 2008 1966 2042 1944 2051 1936
726 15135 42073 34769 2045 1970 2069 1972 23835 31122 2026 1958 2044 1955 2012 1944 2042 1961 2016 1939
727 15155 42072 31573 2059 1993 2028 1941 23843 31105 2031 1944 2043 1975 2063 1959 2052 1969 2030 1917
728 15175 42077 34219 2082 1997 2072 1947 23846 31096 2008 1953 2043 1979 2026 1949 2020 1980 2039 1966
729 15195 42078 35724 2062 1971 2032 1944 23821 31110 2030 1940 2064 1950 2032 1941 2013 1998 2049 1986
730 15216 42077 34561 2050 1950 2060 1949 23825 31123 2062 1986 2056 1947 2055 1961 2020 1985 2033 1943
731 15236 42080 32534 2039 1993 2067 1945 23863 31122 2043 1953 2056 1964 2012 1955 2031 1980 2031 1959
732 15256 42072 32882 2066 1993 2044 1939 23849 31116 2035 1943 2042 1962 2053 1947 2039 1965 2028 1931
733 15277 42081 35155 2062 1949 2035 1947 23852 31126 2012 1958 2059 1971 2038 1947 2023 1948 2016 1954
734 15297 42071 30452 2058 1954 2071 1934 23837 31128 2016 1951 2035 1965 2050 1949 2023 1979 2034 1947
735 15317 42079 29786 2053 1978 2046 1961 23844 31120 2007 1952 2053 1974 2047 1943 2025 1975 2020 1931
736 15337 42075 30385 2061 1982 2018 1940 23839 31122 2032 1952 2043 1983 2029 1966 2013 1928 2009 1968
737 15358 42085 34910 2073 1976 2040 1964 23819 31126 2014 1943 2027 1977 2027 1964 2075 1982 2008 1942
738 15378 42073 34898 2051 1945 2057 1961 23848 31103 2020 1960 2042 1970 2031 1941 2023 1940 2014 1943
739 15398 42075 30735 2063 1997 2015 1928 23827 31122 2004 1950 2051 1991 2044 1925 2013 1964 2054 1974
740 15418 42077 34150 2080 1973 2060 1949 23852 31125 2048 1958 2052 1955 2045 1951 2045 1961 1997 1961
741 15439 42076 31979 2041 2004 2022 1937 23856 31102 2026 1975 2036 1962 2031 1948 2062 1952 2017 1937
742 15459 42071 30726 2063 1965 2055 1933 23844 31129 2012 1936 2036 1957 2056 1951 2050 1952 2037 1955
743 15479 42074 29639 2030 1976 2062 1939 23824 31132 2011 1963 2063 1952 2046 1915 2004 1959 2014 1962
744 15500 42066 36105 2063 1973 2026 1961 23823 31092 2041 1956 2044 1969 2002 1925 2019 1979 2020 1944
745 15520 42075 30358 2042 1966 2053 1961 23863 31138 2014 1946 2075 1970 2025 1932 2027 1966 2027 1960
746 15540 42074 35849 2054 2020 2018 1944 23840 31139 2003 1930 2052 1962 2029 1944 2058 1963 2038 1946
747 15561 42076 31506 2037 2001 2059 1955 23842 31117 2029 1963 2053 1985 2040 1945 2023 1960 2069 1972
748 15581 42077 35183 2056 1974 2019 1912 23846 31117 2034 1933 2039 1979 2009 1920 2051 1971 2041 1931
749 15601 42075 30956 2074 1985 2071 1940 23822 31084 2023 1952 2050 1971 2052 1949 1985 1985 2026 1958
750 15621 42076 31515 2069 1989 2016 1937 23858 31130 2020 1947 2047 1978 2053 1961 2059 1930 1989 1938
751 15642 42072 33339 2043 1996 2043 1948 23823 31127 2030 1946 2055 1952 2021 1940 2033 1946 2024 1952
752 15662 42078 36161 2030 1956 2016 1956 23814 31126 2023 1919 2051 1998 2026 1931 2038 1958 2026 1942
753 15682 42076 33310 2063 1972 2078 1931 23866 31118 2039 1946 2021 1957 2034 1960 2056 1958 2011 1942
754 15702 42066 35939 2058 1969 2048 1932 23825 31121 2023 1936 2039 1940 2043 1939 2010 1970 2016 1958
755 15723 42071 29712 2052 1949 2043 1953 23799 31154 2002 1960 2045 1957 2019 1950 2043 1964 2042 1946
756 15743 42075 30638 2075 1988 2038 1958 23847 31110 2001 1940 2041 1947 2042 1944 1999 1962 2017 1965
757 15763 42074 35482 2069 1973 2025 1947 23831 31107 2009 1959 2030 1937 2034 1948 2016 1974 2028 1958
758 15784 42073 34595 2067 1982 2021 1970 23826 31134 2016 1932 2052 1967 2026 1940 2039 1981 2024 1929
759 15804 42069 33772 2075 1991 2031 1965 23822 31128 2040 1934 2069 1968 2039 1949 2030 1970 2030 1954
760 15824 42072 32703 2060 1973 2035 1937 23807 31116 2052 1968 2044 1942 2056 1925 1999 1940 2011 1924
761 15844 42069 34576 2063 1992 2060 1945 23820 31161 2006 1950 2040 1955 1982 1966 2028 1983 2006 1952
762 15864 42068 33432 2054 1990 2027 1958 23835 31122 2037 1936 2047 1928 2030 1928 2064 1969 2021 1970
763 15885 42074 36354 2059 2001 2013 1930 23848 31106 2022 1945 2068 1980 2029 1945 2035 1938 2040 1936
764 15905 42074 28959 2064 2007 2033 1963 23821 31101 2019 1951 2061 1970 2023 1956 2048 1988 2006 1941
765 15925 42069 33730 2043 1981 2008 1946 23834 31087 2018 1954 2068 1957 2043 1948 2058 1996 2004 1952
766 15946 42078 35990 2032 1958 2035 1951 23826 31084 2018 1937 2029 1971 2033 1917 2056 1963 2028 1989
767 15966 42072 33324 2058 1981 2020 1947 23839 31087 2028 1941 2075 1963 2023 1947 2030 1962 1983 1945
768 15986 42068 32226 2070 1994 2039 1952 23817 31113 2045 1956 2036 1977 2044 1950 2007 1960 2043 1935
769 16007 42072 33345 2087 1976 2059 1962 23809 31085 2022 1946 2040 1966 2017 1942 2027 1985 2029 1982
770 16027 42073 34289 2098 1950 2014 1946 23822 31151 2033 1976 2037 1975 2058 1961 2023 1980 2052 1941
771 16047 42082 29211 2064 1960 2056 1966 23841 31103 2041 1916 2055 1957 2020 1939 2027 1988 2022 1937
772 16067 42067 30785 2061 1996 2006 1944 23829 31115 2042 1948 2048 1971 2042 1972 2011 1968 2014 1940
773 16088 42068 31980 2052 1973 2053 1944 23843 31098 2021 1965 2054 1987 2042 1948 2012 1992 2003 1936
774 16108 42071 31050 2056 1996 2048 1959 23823 31091 2012 1939 2037 1948 2032 1920 2040 1959 2029 1982
775 16128 42084 31743 2084 1978 2071 1975 23846 31121 1996 1951 2054 1967 2044 1947 1991 1939 2007 1969
776 16149 42074 29182 2034 1956 2043 1942 23806 31131 2024 1930 2072 1987 2044 1964 2028 1963 2025 1951
777 16169 42072 32638 2075 1944 2055 1923 23822 31106 2035 1971 2024 1978 2054 1947 2034 1973 2004 1938
778 16189 42070 28568 2068 1969 2024 1954 23820 31098 2035 1923 2063 1975 2022 1957 2011 1989 2044 1928
779 16209 42074 36376 2062 1965 2029 1928 23875 31114 2032 1941 2049 1964 2031 1954 2033 1948 2028 1932
780 16229 42069 34041 2055 1967 2050 1949 23825 31096 2012 1948 2051 1975 2071 1951 2007 1968 2009 1964
781 16250 42069 33636 2081 1958 2046 1941 23824 31099 1999 1955 2068 1980 2081 1963 2012 1991 2028 1980
782 16270 42075 30566 2092 1982 2021 1941 23809 31122 2011 1952 2062 1960 2051 1933 2040 1974 2021 1933
783 16290 42075 30458 2044 1987 2060 1964 23806 31081 2029 1975 2048 1953 2052 1976 2008 1961 2013 1968
784 16311 42075 30710 2082 1956 2042 1941 23849 31122 2001 1964 2059 1966 2036 1944 2037 1978 2013 1978
785 16331 42076 32226 2084 1963 2023 1959 23835 31111 2038 1953 2037 1966 2022 1944 2052 1964 2019 1932
786 16351 42072 32644 2071 1975 2023 1948 23826 31124 2009 1951 2037 1965 2044 1938 2048 1968 2007 1925
787 16372 42067 30367 2064 1985 2078 1932 23818 31133 2030 1940 2053 1998 2042 1947 2054 2002 2043 1957
788 16392 42072 32784 2060 2005 2033 1921 23826 31108 2034 1949 2047 1966 2026 1976 2018 1978 2014 1939
789 16412 42074 29101 2061 1984 2038 1934 23827 31075 2015 1970 2033 1954 2039 1927 2035 1945 2024 1958
790 16432 42074 36219 2062 1992 2062 1929 23847 31158 2027 1931 2029 1938 2045 1969 2022 1948 2061 1951
791 16452 42067 30524 2059 1993 2032 1949 23823 31104 2054 1941 2028 1958 2034 1952 2054 1952 2021 1941
792 16473 42066 36083 2068 1983 2045 1963 23827 31094 2050 1954 2024 1973 2058 1959 2081 1983 2010 1946
793 16493 42069 33618 2083 2006 2038 1945 23853 31114 2004 1947 2033 1989 2056 1941 1999 1969 2042 1919
794 16513 42064 32436 2062 1969 2051 1914 23839 31123 2048 1950 2053 1956 2034 1937 2039 1950 1983 1939
795 16534 42074 35785 2098 2002 2063 1937 23862 31113 2044 1943 2046 1950 2020 1944 2067 1951 2015 1973
796 16554 42070 29313 2045 1991 2074 1940 23823 31129 2026 1935 2034 1993 2031 1938 2063 1963 2054 1957
797 16574 42070 29398 2034 2008 2043 1933 23829 31132 2047 1951 2077 1955 2031 1941 2042 1980 2032 1958
798 16594 42072 32335 2058 1968 2050 1961 23819 31104 2046 1931 2028 1957 2026 1945 2035 1958 2035 1939
799 16615 42069 34804 2066 1965 2024 1942 23835 31122 2016 1951 2032 1955 2029 1962 2050 1994 2006 1951
800 16635 42067 30606 2042 1982 2038 1979 23834 31141 2050 1930 2035 1969 2045 1921 2042 1986 2026 1954
801 16655 42074 28646 2081 1978 2033 1931 23843 31129 2025 1953 2070 1979 2057 1951 2036 1957 2013 1943
802 16676 42069 34134 2054 1956 2028 1931 23823 31081 1996 1969 2063 1950 2061 1925 2041 1957 2042 1961
803 16696 42072 33073 2059 1950 2071 1930 23841 31110 2026 1934 2025 1975 2048 1958 2011 1947 2026 1956
804 16716 42074 35487 2044 1960 2064 1946 23849 31137 2026 1935 2051 1963 2034 1934 2022 1990 2011 1954
805 16736 42069 35426 2051 1998 2043 1955 23837 31129 2031 1931 2059 1957 2023 1916 2038 1957 2004 1958
806 16757 42068 33340 2075 1959 2050 1965 23788 31115 2013 1937 2029 1988 2058 1982 2031 1977 2026 1968
807 16777 42077 34189 2065 1954 2030 1918 23823 31088 2014 1948 2058 1986 2054 1970 2024 1970 2038 1935
808 16797 42062 35999 2073 2001 2072 1943 23830 31105 2038 1948 2041 1933 2020 1956 2037 1983 2029 1950
809 16818 42062 29079 2061 1987 2036 1947 23859 31135 2020 1959 2041 1983 2005 1963 2053 1982 2013 1967
810 16838 42071 30067 2034 1984 2050 1947 23811 31092 2052 1936 2041 1989 2023 1930 2028 1952 2011 1945
811 16858 42072 31744 2070 2004 2053 1966 23840 31128 2021 1931 2048 1954 2048 1943 2070 1959 2013 1964
812 16878 42065 35211 2026 1981 2044 1922 23865 31115 2001 1962 2040 1961 2023 1934 2012 1961 2002 1948
813 16899 42069 34566 2075 2000 2011 1951 23832 31115 2020 1944 2063 1981 2043 1943 2062 1978 2022 1934
814 16919 42075 31100 2070 1966 2034 1920 23812 31135 2021 1921 2071 1939 2031 1959 2043 1995 2039 1918
815 16939 42070 28604 2054 1964 2055 1940 23846 31094 2029 1982 2035 1964 2024 1949 2045 1970 2030 1965
816 16959 42061 35056 2061 1964 2048 1945 23855 31100 2019 1932 2035 1962 2014 1948 2029 1991 2032 1952
817 16980 42071 30337 2074 1976 2025 1943 23833 31112 2018 1968 2051 1958 2028 1941 2051 1978 2053 1964
818 17000 42064 32488 2063 1995 2052 1959 23831 31087 2030 1931 2046 1960 2039 1961 2034 1997 1991 1951
819 17020 42070 29104 2065 1985 2054 1958 23847 31125 2022 1962 2049 1989 2059 1959 2043 1976 2002 1944
820 17040 42066 36194 2028 1973 2014 1936 23837 31113 2023 1947 2075 1950 2034 1918 2029 1973 2036 1939
821 17061 42070 29476 2059 1968 2034 1951 23833 31109 2008 1913 2036 1945 2034 1978 2037 1976 2042 1944
822 17081 42071 30005 2046 1993 2041 1961 23845 31080 2025 1932 2066 1974 2038 1959 2040 1954 2025 1967
823 17101 42073 34530 2059 2013 2073 1952 23836 31130 2045 1917 2065 1974 2040 1951 2002 1984 2027 1942
824 17122 42071 30414 2045 1977 2041 1950 23841 31106 2039 1974 2048 1958 2019 1939 2018 1997 1967 1962
825 17142 42072 33248 2078 1966 2060 1958 23830 31118 2038 1952 2061 1954 2077 1946 2048 1961 2001 1936
826 17162 42066 28890 2037 1984 2047 1924 23800 31144 2016 1956 2041 1990 2046 1902 2049 1966 2021 1971
827 17182 42063 30414 2088 1968 2019 1936 23843 31108 2034 1951 2028 1963 2058 1931 2053 1979 2009 1957
828 17203 42066 36183 2038 1985 2013 1976 23843 31095 2009 1945 2062 1969 2032 1966 2065 1979 2033 1985
829 17223 42066 29039 2053 2001 2023 1939 23830 31114 2035 1928 2035 1969 2044 1931 2026 1964 2051 1952
830 17243 42068 31782 2026 1986 2052 1925 23845 31116 2060 1955 2062 1953 2034 1942 2033 1958 2009 1951
831 17264 42065 33832 2085 1958 2047 1941 23836 31100 2076 1956 2031 1939 2035 1961 2033 1978 2045 1944
832 17284 42062 29407 2040 1960 2050 1945 23838 31081 2035 1951 2059 1981 2018 1969 2018 1983 1986 1931
833 17304 42063 31320 2067 1965 2039 1962 23831 31110 2037 1947 2032 1964 2051 1932 2026 1984 2039 1925
834 17324 42065 34013 2057 1963 2068 1945 23866 31150 2012 1933 2075 1962 2052 1940 2049 1978 2037 1975
835 17345 42068 31750 2046 1981 2035 1921 23850 31092 2037 1961 2044 1965 2028 1953 2048 1942 2042 1912
836 17365 42069 34155 2084 1984 2024 1934 23796 31103 2038 1955 2055 1954 2049 1977 2022 1991 2045 1963
837 17385 42066 35528 2056 1974 2049 1945 23833 31120 2034 1952 2021 1986 2026 1940 2029 1927 2024 1950
838 17406 42074 29386 2078 1945 2026 1933 23848 31130 2004 1952 2057 1945 2017 1956 2028 1979 2037 1955
839 17426 42063 31009 2074 1992 2023 1965 23831 31113 1997 1983 2030 1966 2032 1952 2055 1949 2010 1930
840 17446 42068 33270 2057 1968 2056 1940 23851 31087 2024 1932 2035 1956 2032 1952 2045 1997 2029 1967
841 17466 42060 33341 2069 1981 2060 1948 23839 31106 2036 1946 2052 1958 2050 1926 2039 1928 2028 1949
842 17487 42058 36181 2054 1974 2057 1942 23823 31097 2019 1915 2049 1962 2040 1960 2023 1974 2023 1971
843 17507 42064 32719 2080 1983 2028 1962 23859 31109 2026 1983 2020 1969 2035 1927 2025 1984 1997 1955
844 17527 42063 30498 2045 1942 2077 1918 23817 31114 2027 1962 2050 1972 2026 1974 2026 1974 2009 1962
845 17547 42065 34405 2068 1998 2014 1934 23848 31111 2015 1954 2064 1972 2046 1939 2030 1991 2004 1950
846 17568 42065 34212 2068 1985 2076 1942 23856 31105 2024 1967 2019 1998 2036 1940 2032 1978 2011 1924
847 17588 42063 30185 2079 1986 2058 1935 23843 31117 2036 1956 2051 1990 2028 1939 2025 1973 2019 1968
848 17608 42069 34310 2024 1995 2038 1945 23843 31128 2050 1928 2042 1965 2025 1956 2030 1983 2019 1986
849 17629 42069 34532 2056 1976 2044 1941 23810 31062 2065 1920 2050 1945 2027 1957 2010 1938 2023 1921
850 17649 42065 34307 2063 1977 2056 1961 23846 31098 2061 1951 2022 1945 2056 1963 2033 1962 2013 1933
851 17669 42058 28960 2073 1965 2042 1927 23824 31112 2045 1921 2055 1969 2027 1949 2014 1962 2014 1946
852 17689 42066 35819 2077 1988 2023 1938 23838 31123 2001 1954 2055 1972 2054 1943 2035 1939 2017 1958
853 17709 42064 33325 2065 1970 2063 1971 23830 31097 1998 1929 2047 1973 2035 1915 2008 1966 2012 1940
854 17730 42065 34552 2081 1962 2021 1929 23813 31101 1993 1964 2052 1976 2021 1939 2020 1949 2025 1949
855 17750 42067 30579 2034 2018 2059 1950 23813 31122 2021 1911 2031 1978 2023 1980 2036 1966 2049 1931
856 17770 42065 34130 2057 1999 2038 1964 23815 31147 2029 1943 2046 1965 2044 1915 2037 1981 2022 1935
857 17791 42058 29522 2036 1969 2027 1959 23836 31138 2014 1955 2057 1962 2041 1939 2046 1974 2017 1949
858 17811 42060 32488 2066 1989 2032 1939 23840 31117 2012 1945 2054 1967 2016 1954 2015 1963 2014 1943
859 17831 42065 34165 2071 1944 2057 1946 23828 31121 2038 1963 2021 1960 2045 1961 2025 1984 2029 1961
860 17852 42067 29831 2027 1994 2041 1941 23839 31103 2024 1939 2030 1971 2028 1958 2038 1959 2002 1961
861 17872 42062 36084 2048 1965 2028 1939 23824 31088 1997 1935 2037 1948 2042 1953 2028 1967 2027 1959
862 17892 42065 33621 2076 1971 2058 1937 23844 31105 2040 1946 2048 1973 2022 1923 2012 1985 2024 1944
863 17912 42058 28891 2073 1970 2050 1946 23833 31127 2043 1949 2030 1966 2032 1970 2014 1967 2018 1926
864 17933 42065 34166 2075 1980 2044 1939 23837 31097 2012 1926 2032 1959 2022 1946 2035 1948 2009 1937
865 17953 42062 29490 2026 2004 2061 1923 23832 31096 2004 1947 2055 1955 2052 1956 2038 1995 2019 1970
866 17973 42068 32745 2047 1947 2081 1931 23837 31135 2028 1958 2067 1967 2009 1976 2033 1942 2029 1947
867 17994 42070 35552 2067 1980 2033 1966 23834 31103 2021 1922 2050 2002 2077 1958 2043 1977 2010 1952
868 18014 42061 33915 2052 1959 2050 1961 23799 31100 2051 1917 2047 1933 2017 1950 2043 1952 1998 1917
869 18034 42063 30916 2053 1980 2058 1939 23857 31104 2055 1947 2061 1972 1994 1971 2027 1969 2010 1937
870 18054 42062 35941 2059 1981 2060 1962 23845 31080 2039 1926 2039 1967 2018 1939 2028 1961 2055 1935
871 18075 42062 28786 2047 1986 2035 1942 23831 31139 2029 1936 2035 1978 2012 1939 2064 1971 2008 1929
872 18095 42063 30491 2045 1989 2046 1946 23876 31132 2017 1951 2029 1994 2021 1956 2013 1970 2032 1944
873 18115 42061 34723 2059 1997 2065 1947 23876 31125 2051 1957 2044 1964 2041 1971 2011 1941 2014 1952
874 18135 42066 35962 2101 1965 2028 1928 23847 31099 2004 1957 2056 1963 2067 1928 2018 2003 2032 1947
875 18156 42067 31342 2039 2003 2027 1952 23839 31089 2021 1976 2037 1986 2072 1938 2038 1994 2039 1954
876 18176 42067 30218 2035 1970 2006 1949 23850 31114 2042 1979 2062 1943 2066 1926 2005 1960 2007 1932
877 18196 42064 32666 2072 1987 2065 1945 23819 31107 2038 1944 2052 1987 2031 1943 2013 1936 2032 1946
878 18216 42061 33665 2081 1984 2063 1907 23820 31121 2044 1941 2060 1962 2041 1920 2067 1994 2010 1944
879 18237 42062 28853 2084 1996 2069 1935 23849 31145 2028 1939 2042 1963 2045 1955 2054 1957 1993 1947
880 18257 42069 34792 2071 1948 2044 1965 23823 31080 2036 1939 2044 1949 2028 1954 2063 1949 2009 1978
881 18277 42054 29002 2053 1971 2036 1947 23836 31105 2015 1962 2057 1975 2048 1943 2006 1981 2009 1969
882 18297 42059 30560 2067 1933 2059 1907 23846 31072 2024 1940 2035 1985 2053 1954 2054 1948 2020 1957
883 18318 42058 29108 2071 1948 2054 1951 23826 31091 2009 1947 2041 1999 2036 1964 2026 1936 1978 1958
884 18338 42073 33999 2055 1984 2046 1924 23835 31105 2012 1965 2069 1983 2048 1936 2029 1978 2018 1942
885 18358 42057 33529 2049 1990 2027 1948 23854 31102 2017 1948 2064 1966 2049 1941 2003 1995 1982 1923
886 18379 42084 32298 2100 1971 2015 1918 23846 31131 2000 1949 2072 1959 2032 1937 2030 1941 2015 1917
887 18399 42059 30417 2083 1961 2053 1961 23839 31100 2030 1970 2035 1945 2007 1951 2055 1942 2010 1956
888 18419 42063 30515 2056 1988 2035 1939 23836 31140 2027 1959 2037 1972 2019 1932 2027 1957 2028 1968
889 18439 42062 28572 2065 2021 2061 1931 23824 31103 2009 1940 2029 1981 2037 1937 2049 1952 2048 1969
890 18460 42054 35685 2081 1980 2046 1946 23851 31096 2064 1938 2052 1976 2025 1940 2025 1930 2017 1927
891 18480 42066 35881 2076 1970 2039 1943 23827 31138 1999 1940 2044 1951 2046 1948 1990 1959 2018 1952
892 18500 42062 35854 2078 1967 2045 1956 23829 31084 2028 1939 2032 1952 2044 1965 2042 1955 2026 1953
893 18520 42066 35502 2067 1963 2037 1940 23807 31076 2045 1975 2042 1982 2015 1948 2037 1941 2019 1945
894 18541 42047 30388 2073 1990 2048 1956 23833 31090 2011 1922 2041 1981 2051 1941 2029 2000 2050 1926
895 18561 42057 34352 2079 2000 2039 1929 23835 31112 2032 1935 2065 1970 2049 1932 2048 1985 2009 1938
896 18581 42063 29655 2033 1971 2014 1949 23828 31086 2000 1923 2037 1952 2009 1929 2027 1979 2007 1933
897 18602 42059 29977 2077 1980 2024 1932 23823 31115 2005 1960 2039 1970 2029 1964 2025 1970 2034 1935
898 18622 42055 30131 2035 1975 2027 1955 23809 31095 2006 1934 2062 1947 2035 1949 2002 1974 2008 1951
899 18642 42061 34282 2057 1985 2033 1931 23816 31097 2014 1979 2017 1938 2048 1946 2043 1979 2032 1942
900 18662 42065 34781 2064 2002 2020 1936 23810 31086 2019 1980 2032 1956 2043 1937 2038 1978 2061 1961
901 18683 42068 31964 2063 1975 2045 1985 23796 31080 2066 1961 2067 1956 2032 1962 2035 1947 2011 1931
902 18703 42056 32520 2074 1996 2017 1942 23830 31117 2019 1957 2055 1969 2058 1936 2043 1962 2014 1968
903 18723 42055 30774 2053 1979 2062 1964 23817 31063 2008 1941 2079 1951 2056 1944 2040 1952 2017 1952
904 18744 42061 33827 2077 1975 2045 1945 23843 31107 1994 1949 2069 1958 2046 1965 2044 1952 2012 1958
905 18764 42058 28933 2064 1970 2050 1948 23810 31125 2036 1951 2043 1955 2058 1957 2013 1993 2029 1975
906 18784 42072 31600 2049 1978 2038 1946 23833 31108 2042 1952 2074 1954 2038 1970 2040 1960 2015 1925
907 18804 42052 32887 2061 2004 2046 1925 23834 31100 2037 1970 2027 1944 2056 1935 2029 1967 2000 1938
908 18825 42053 34954 2057 1972 2053 1933 23821 31083 2033 1926 2062 1971 2047 1973 2036 1962 2015 1957
909 18845 42062 36204 2070 1965 2043 1910 23841 31128 2023 1945 2061 1966 2040 1944 2036 1953 2013 1962
910 18865 42061 34570 2091 1989 2057 1943 23852 31108 2044 1941 2040 1970 2044 1934 2021 1960 2029 1943
911 18885 42059 31399 2049 1982 2019 1922 23810 31107 2000 1939 2022 1953 2031 1939 2030 1955 1992 1930
912 18906 42066 36178 2086 1998 2039 1935 23822 31095 1996 1950 2032 1990 2052 1925 2048 1962 2059 1979
913 18926 42053 33924 2068 1970 2053 1949 23820 31102 2032 1956 2020 1981 2035 1940 2020 1972 2013 1953
914 18946 42059 30705 2086 1969 2033 1930 23815 31119 1984 1955 2060 1977 2063 1942 2024 1960 2016 1943
915 18967 42054 35760 2081 2007 2044 1956 23811 31124 2032 1950 2037 1939 2033 1937 2005 1954 2034 1963
916 18987 42059 30405 2049 1955 2053 1975 23833 31110 2011 1919 2037 1961 2032 1924 2024 1984 2030 1934
917 19007 42064 32167 2070 1979 2070 1922 23836 31130 2031 1974 2014 1940 2042 1935 2036 1950 2014 1963
918 19027 42062 28688 2058 1982 2040 1942 23802 31114 2018 1933 2086 1984 2055 1928 2033 1987 2046 1940
919 19048 42057 34448 2069 1992 2041 1928 23824 31133 2012 1947 2059 1981 2040 1940 2021 1987 2029 1918
920 19068 42056 31684 2051 1998 2046 1965 23846 31093 2017 1965 2067 1955 2031 1938 2041 1957 2002 1939
921 19088 42057 33855 2085 1971 2037 1936 23815 31095 2001 1974 2044 1952 2031 1970 2048 1956 1998 1970
