Time SensTime Temper Pwr UV_Al UV_Bl UV_Cl UV_Dl UV_Ah UV_Bh UV_Ch UV_Dh Blue_Al Blue_Bl Blue_Cl Blue_Dl Blue_Ah Blue_Bh Blue_Ch Blue_Dh32 118 42485 32248 2062 1984 2045 1953 24171 31529 2025 1948 2049 1966 2041 1952 2036 1966 2022 1949
33 118 42485 32248 2062 1984 2045 1953 24171 31529 2025 1948 2049 1966 2041 1952 2036 1966 2022 1949
34 118 42485 32248 2062 1984 2045 1953 24171 31529 2025 1948 2049 1966 2041 1952 2036 1966 2022 1949
35 118 42485 32248 2062 1984 2045 1953 24171 31529 2025 1948 2049 1966 2041 1952 2036 1966 2022 1949
36 118 42485 32248 2062 1984 2045 1953 24171 31529 2025 1948 2049 1966 2041 1952 2036 1966 2022 1949
37 119 42481 32534 2061 1980 2046 1950 24168 31526 2025 1948 2047 1968 2040 1953 2035 1969 2024 1947
38 119 42481 32534 2061 1980 2046 1950 24168 31526 2025 1948 2047 1968 2040 1953 2035 1969 2024 1947
39 119 42481 32534 2061 1980 2046 1950 24168 31526 2025 1948 2047 1968 2040 1953 2035 1969 2024 1947
40 119 42481 32534 2061 1980 2046 1950 24168 31526 2025 1948 2047 1968 2040 1953 2035 1969 2024 1947
41 119 42481 32534 2061 1980 2046 1950 24168 31526 2025 1948 2047 1968 2040 1953 2035 1969 2024 1947
42 120 42477 32469 2062 1981 2047 1953 24161 31522 2026 1948 2049 1970 2040 1949 2033 1965 2022 1949
43 120 42477 32469 2062 1981 2047 1953 24161 31522 2026 1948 2049 1970 2040 1949 2033 1965 2022 1949
44 120 42477 32469 2062 1981 2047 1953 24161 31522 2026 1948 2049 1970 2040 1949 2033 1965 2022 1949
45 120 42477 32469 2062 1981 2047 1953 24161 31522 2026 1948 2049 1970 2040 1949 2033 1965 2022 1949
46 120 42477 32469 2062 1981 2047 1953 24161 31522 2026 1948 2049 1970 2040 1949 2033 1965 2022 1949
47 121 42474 32468 2061 1982 2046 1953 24161 31518 2025 1948 2051 1970 2041 1954 2034 1965 2019 1948
48 121 42474 32468 2061 1982 2046 1953 24161 31518 2025 1948 2051 1970 2041 1954 2034 1965 2019 1948
49 121 42474 32468 2061 1982 2046 1953 24161 31518 2025 1948 2051 1970 2041 1954 2034 1965 2019 1948
50 121 42474 32468 2061 1982 2046 1953 24161 31518 2025 1948 2051 1970 2041 1954 2034 1965 2019 1948
51 121 42474 32468 2061 1982 2046 1953 24161 31518 2025 1948 2051 1970 2041 1954 2034 1965 2019 1948
52 122 42469 32690 2060 1982 2044 1955 24156 31510 2024 1947 2048 1969 2038 1952 2031 1962 2024 1947
53 122 42469 32690 2060 1982 2044 1955 24156 31510 2024 1947 2048 1969 2038 1952 2031 1962 2024 1947
54 122 42469 32690 2060 1982 2044 1955 24156 31510 2024 1947 2048 1969 2038 1952 2031 1962 2024 1947
55 122 42469 32690 2060 1982 2044 1955 24156 31510 2024 1947 2048 1969 2038 1952 2031 1962 2024 1947
56 122 42469 32690 2060 1982 2044 1955 24156 31510 2024 1947 2048 1969 2038 1952 2031 1962 2024 1947
57 123 42466 32145 2066 1983 2045 1956 24153 31508 2023 1946 2047 1967 2041 1951 2034 1969 2022 1946
58 123 42466 32145 2066 1983 2045 1956 24153 31508 2023 1946 2047 1967 2041 1951 2034 1969 2022 1946
59 123 42466 32145 2066 1983 2045 1956 24153 31508 2023 1946 2047 1967 2041 1951 2034 1969 2022 1946
60 123 42466 32145 2066 1983 2045 1956 24153 31508 2023 1946 2047 1967 2041 1951 2034 1969 2022 1946
61 123 42466 32145 2066 1983 2045 1956 24153 31508 2023 1946 2047 1967 2041 1951 2034 1969 2022 1946
62 124 42462 32700 2058 1983 2047 1953 24147 31504 2026 1946 2046 1966 2043 1954 2032 1966 2021 1948
63 124 42462 32700 2058 1983 2047 1953 24147 31504 2026 1946 2046 1966 2043 1954 2032 1966 2021 1948
64 124 42462 32700 2058 1983 2047 1953 24147 31504 2026 1946 2046 1966 2043 1954 2032 1966 2021 1948
65 124 42462 32700 2058 1983 2047 1953 24147 31504 2026 1946 2046 1966 2043 1954 2032 1966 2021 1948
66 124 42462 32700 2058 1983 2047 1953 24147 31504 2026 1946 2046 1966 2043 1954 2032 1966 2021 1948
67 125 42458 32613 2062 1984 2042 1952 24145 31499 2025 1945 2048 1965 2037 1956 2032 1965 2022 1943
68 125 42458 32613 2062 1984 2042 1952 24145 31499 2025 1945 2048 1965 2037 1956 2032 1965 2022 1943
69 125 42458 32613 2062 1984 2042 1952 24145 31499 2025 1945 2048 1965 2037 1956 2032 1965 2022 1943
70 125 42458 32613 2062 1984 2042 1952 24145 31499 2025 1945 2048 1965 2037 1956 2032 1965 2022 1943
71 125 42458 32613 2062 1984 2042 1952 24145 31499 2025 1945 2048 1965 2037 1956 2032 1965 2022 1943
72 126 42455 32433 2062 1982 2044 1955 24142 31496 2022 1949 2049 1966 2037 1953 2032 1966 2021 1947
73 126 42455 32433 2062 1982 2044 1955 24142 31496 2022 1949 2049 1966 2037 1953 2032 1966 2021 1947
74 126 42455 32433 2062 1982 2044 1955 24142 31496 2022 1949 2049 1966 2037 1953 2032 1966 2021 1947
75 126 42455 32433 2062 1982 2044 1955 24142 31496 2022 1949 2049 1966 2037 1953 2032 1966 2021 1947
76 126 42455 32433 2062 1982 2044 1955 24142 31496 2022 1949 2049 1966 2037 1953 2032 1966 2021 1947
77 127 42451 32619 2063 1985 2046 1955 24138 31490 2021 1951 2051 1967 2040 1951 2037 1965 2022 1948
78 127 42451 32619 2063 1985 2046 1955 24138 31490 2021 1951 2051 1967 2040 1951 2037 1965 2022 1948
79 127 42451 32619 2063 1985 2046 1955 24138 31490 2021 1951 2051 1967 2040 1951 2037 1965 2022 1948
80 127 42451 32619 2063 1985 2046 1955 24138 31490 2021 1951 2051 1967 2040 1951 2037 1965 2022 1948
81 127 42451 32619 2063 1985 2046 1955 24138 31490 2021 1951 2051 1967 2040 1951 2037 1965 2022 1948
82 128 42448 32461 2064 1981 2047 1954 24134 31487 2024 1948 2050 1966 2039 1951 2036 1965 2024 1951
83 128 42448 32461 2064 1981 2047 1954 24134 31487 2024 1948 2050 1966 2039 1951 2036 1965 2024 1951
84 128 42448 32461 2064 1981 2047 1954 24134 31487 2024 1948 2050 1966 2039 1951 2036 1965 2024 1951
85 128 42448 32461 2064 1981 2047 1954 24134 31487 2024 1948 2050 1966 2039 1951 2036 1965 2024 1951
86 128 42448 32461 2064 1981 2047 1954 24134 31487 2024 1948 2050 1966 2039 1951 2036 1965 2024 1951
87 129 42445 32336 2063 1983 2045 1955 24130 31478 2025 1947 2048 1966 2039 1956 2035 1967 2022 1947
88 129 42445 32336 2063 1983 2045 1955 24130 31478 2025 1947 2048 1966 2039 1956 2035 1967 2022 1947
89 129 42445 32336 2063 1983 2045 1955 24130 31478 2025 1947 2048 1966 2039 1956 2035 1967 2022 1947
90 129 42445 32336 2063 1983 2045 1955 24130 31478 2025 1947 2048 1966 2039 1956 2035 1967 2022 1947
91 130 42441 32188 2064 1981 2043 1954 24129 31478 2026 1950 2047 1967 2038 1952 2033 1965 2022 1946
92 130 42441 32188 2064 1981 2043 1954 24129 31478 2026 1950 2047 1967 2038 1952 2033 1965 2022 1946
93 130 42441 32188 2064 1981 2043 1954 24129 31478 2026 1950 2047 1967 2038 1952 2033 1965 2022 1946
94 130 42441 32188 2064 1981 2043 1954 24129 31478 2026 1950 2047 1967 2038 1952 2033 1965 2022 1946
95 130 42441 32188 2064 1981 2043 1954 24129 31478 2026 1950 2047 1967 2038 1952 2033 1965 2022 1946
96 131 42438 32491 2061 1984 2046 1952 24125 31472 2024 1946 2048 1967 2039 1951 2032 1965 2020 1945
97 131 42438 32491 2061 1984 2046 1952 24125 31472 2024 1946 2048 1967 2039 1951 2032 1965 2020 1945
98 131 42438 32491 2061 1984 2046 1952 24125 31472 2024 1946 2048 1967 2039 1951 2032 1965 2020 1945
99 131 42438 32491 2061 1984 2046 1952 24125 31472 2024 1946 2048 1967 2039 1951 2032 1965 2020 1945
100 131 42438 32491 2061 1984 2046 1952 24125 31472 2024 1946 2048 1967 2039 1951 2032 1965 2020 1945
101 132 42435 31976 2063 1982 2046 1953 24127 31475 2026 1949 2049 1967 2040 1952 2032 1965 2026 1951
102 132 42435 31976 2063 1982 2046 1953 24127 31475 2026 1949 2049 1967 2040 1952 2032 1965 2026 1951
103 132 42435 31976 2063 1982 2046 1953 24127 31475 2026 1949 2049 1967 2040 1952 2032 1965 2026 1951
104 132 42435 31976 2063 1982 2046 1953 24127 31475 2026 1949 2049 1967 2040 1952 2032 1965 2026 1951
105 132 42435 31976 2063 1982 2046 1953 24127 31475 2026 1949 2049 1967 2040 1952 2032 1965 2026 1951
106 133 42430 32541 2060 1981 2048 1953 24123 31468 2025 1948 2048 1967 2041 1952 2035 1967 2021 1948
107 133 42430 32541 2060 1981 2048 1953 24123 31468 2025 1948 2048 1967 2041 1952 2035 1967 2021 1948
108 133 42430 32541 2060 1981 2048 1953 24123 31468 2025 1948 2048 1967 2041 1952 2035 1967 2021 1948
109 133 42430 32541 2060 1981 2048 1953 24123 31468 2025 1948 2048 1967 2041 1952 2035 1967 2021 1948
110 133 42430 32541 2060 1981 2048 1953 24123 31468 2025 1948 2048 1967 2041 1952 2035 1967 2021 1948
111 134 42427 32682 2063 1982 2045 1952 24119 31465 2027 1947 2048 1966 2040 1950 2032 1966 2023 1947
112 134 42427 32682 2063 1982 2045 1952 24119 31465 2027 1947 2048 1966 2040 1950 2032 1966 2023 1947
113 134 42427 32682 2063 1982 2045 1952 24119 31465 2027 1947 2048 1966 2040 1950 2032 1966 2023 1947
114 134 42427 32682 2063 1982 2045 1952 24119 31465 2027 1947 2048 1966 2040 1950 2032 1966 2023 1947
115 134 42427 32682 2063 1982 2045 1952 24119 31465 2027 1947 2048 1966 2040 1950 2032 1966 2023 1947
116 135 42425 32641 2061 1982 2047 1954 24119 31465 2027 1943 2050 1966 2042 1953 2035 1965 2022 1948
117 135 42425 32641 2061 1982 2047 1954 24119 31465 2027 1943 2050 1966 2042 1953 2035 1965 2022 1948
118 135 42425 32641 2061 1982 2047 1954 24119 31465 2027 1943 2050 1966 2042 1953 2035 1965 2022 1948
119 135 42425 32641 2061 1982 2047 1954 24119 31465 2027 1943 2050 1966 2042 1953 2035 1965 2022 1948
120 135 42425 32641 2061 1982 2047 1954 24119 31465 2027 1943 2050 1966 2042 1953 2035 1965 2022 1948
121 136 42422 32419 2062 1982 2047 1954 24118 31459 2027 1949 2047 1967 2038 1950 2033 1968 2024 1947
122 136 42422 32419 2062 1982 2047 1954 24118 31459 2027 1949 2047 1967 2038 1950 2033 1968 2024 1947
123 136 42422 32419 2062 1982 2047 1954 24118 31459 2027 1949 2047 1967 2038 1950 2033 1968 2024 1947
124 136 42422 32419 2062 1982 2047 1954 24118 31459 2027 1949 2047 1967 2038 1950 2033 1968 2024 1947
125 136 42422 32419 2062 1982 2047 1954 24118 31459 2027 1949 2047 1967 2038 1950 2033 1968 2024 1947
126 137 42418 32546 2061 1983 2046 1951 24110 31456 2025 1948 2047 1965 2039 1954 2035 1965 2024 1946
127 137 42418 32546 2061 1983 2046 1951 24110 31456 2025 1948 2047 1965 2039 1954 2035 1965 2024 1946
128 137 42418 32546 2061 1983 2046 1951 24110 31456 2025 1948 2047 1965 2039 1954 2035 1965 2024 1946
129 137 42418 32546 2061 1983 2046 1951 24110 31456 2025 1948 2047 1965 2039 1954 2035 1965 2024 1946
130 137 42418 32546 2061 1983 2046 1951 24110 31456 2025 1948 2047 1965 2039 1954 2035 1965 2024 1946
131 138 42416 32320 2062 1980 2044 1952 24111 31450 2023 1946 2049 1968 2038 1953 2033 1963 2022 1949
132 138 42416 32320 2062 1980 2044 1952 24111 31450 2023 1946 2049 1968 2038 1953 2033 1963 2022 1949
133 138 42416 32320 2062 1980 2044 1952 24111 31450 2023 1946 2049 1968 2038 1953 2033 1963 2022 1949
134 138 42416 32320 2062 1980 2044 1952 24111 31450 2023 1946 2049 1968 2038 1953 2033 1963 2022 1949
135 138 42416 32320 2062 1980 2044 1952 24111 31450 2023 1946 2049 1968 2038 1953 2033 1963 2022 1949
136 139 42413 32146 2059 1981 2045 1953 24104 31446 2024 1949 2048 1965 2038 1953 2034 1968 2024 1946
137 139 42413 32146 2059 1981 2045 1953 24104 31446 2024 1949 2048 1965 2038 1953 2034 1968 2024 1946
138 139 42413 32146 2059 1981 2045 1953 24104 31446 2024 1949 2048 1965 2038 1953 2034 1968 2024 1946
139 139 42413 32146 2059 1981 2045 1953 24104 31446 2024 1949 2048 1965 2038 1953 2034 1968 2024 1946
140 139 42413 32146 2059 1981 2045 1953 24104 31446 2024 1949 2048 1965 2038 1953 2034 1968 2024 1946
141 140 42410 32120 2057 1983 2043 1955 24104 31446 2023 1951 2049 1967 2040 1954 2034 1966 2019 1948
142 140 42410 32120 2057 1983 2043 1955 24104 31446 2023 1951 2049 1967 2040 1954 2034 1966 2019 1948
143 140 42410 32120 2057 1983 2043 1955 24104 31446 2023 1951 2049 1967 2040 1954 2034 1966 2019 1948
144 140 42410 32120 2057 1983 2043 1955 24104 31446 2023 1951 2049 1967 2040 1954 2034 1966 2019 1948
145 140 42410 32120 2057 1983 2043 1955 24104 31446 2023 1951 2049 1967 2040 1954 2034 1966 2019 1948
146 141 42407 32410 2063 1981 2042 1951 24101 31444 2024 1948 2050 1968 2039 1954 2035 1965 2023 1947
147 141 42407 32410 2063 1981 2042 1951 24101 31444 2024 1948 2050 1968 2039 1954 2035 1965 2023 1947
148 141 42407 32410 2063 1981 2042 1951 24101 31444 2024 1948 2050 1968 2039 1954 2035 1965 2023 1947
149 141 42407 32410 2063 1981 2042 1951 24101 31444 2024 1948 2050 1968 2039 1954 2035 1965 2023 1947
150 141 42407 32410 2063 1981 2042 1951 24101 31444 2024 1948 2050 1968 2039 1954 2035 1965 2023 1947
151 142 42405 32877 2060 1983 2041 1951 24099 31439 2025 1948 2049 1970 2038 1953 2034 1966 2021 1947
152 142 42405 32877 2060 1983 2041 1951 24099 31439 2025 1948 2049 1970 2038 1953 2034 1966 2021 1947
153 142 42405 32877 2060 1983 2041 1951 24099 31439 2025 1948 2049 1970 2038 1953 2034 1966 2021 1947
154 142 42405 32877 2060 1983 2041 1951 24099 31439 2025 1948 2049 1970 2038 1953 2034 1966 2021 1947
155 142 42405 32877 2060 1983 2041 1951 24099 31439 2025 1948 2049 1970 2038 1953 2034 1966 2021 1947
156 143 42402 32592 2061 1983 2043 1952 24095 31432 2025 1947 2048 1966 2039 1951 2031 1965 2024 1946
157 143 42402 32592 2061 1983 2043 1952 24095 31432 2025 1947 2048 1966 2039 1951 2031 1965 2024 1946
158 143 42402 32592 2061 1983 2043 1952 24095 31432 2025 1947 2048 1966 2039 1951 2031 1965 2024 1946
159 143 42402 32592 2061 1983 2043 1952 24095 31432 2025 1947 2048 1966 2039 1951 2031 1965 2024 1946
160 144 42398 32703 2066 1982 2044 1952 24092 31434 2027 1947 2048 1969 2041 1953 2033 1965 2022 1947
161 144 42398 32703 2066 1982 2044 1952 24092 31434 2027 1947 2048 1969 2041 1953 2033 1965 2022 1947
162 144 42398 32703 2066 1982 2044 1952 24092 31434 2027 1947 2048 1969 2041 1953 2033 1965 2022 1947
163 144 42398 32703 2066 1982 2044 1952 24092 31434 2027 1947 2048 1969 2041 1953 2033 1965 2022 1947
164 144 42398 32703 2066 1982 2044 1952 24092 31434 2027 1947 2048 1969 2041 1953 2033 1965 2022 1947
165 145 42397 32927 2063 1981 2046 1953 24089 31430 2024 1947 2048 1968 2042 1952 2034 1965 2017 1943
166 145 42397 32927 2063 1981 2046 1953 24089 31430 2024 1947 2048 1968 2042 1952 2034 1965 2017 1943
167 145 42397 32927 2063 1981 2046 1953 24089 31430 2024 1947 2048 1968 2042 1952 2034 1965 2017 1943
168 145 42397 32927 2063 1981 2046 1953 24089 31430 2024 1947 2048 1968 2042 1952 2034 1965 2017 1943
169 145 42397 32927 2063 1981 2046 1953 24089 31430 2024 1947 2048 1968 2042 1952 2034 1965 2017 1943
170 146 42395 32475 2061 1985 2042 1952 24090 31425 2025 1947 2048 1969 2040 1952 2035 1964 2023 1949
171 146 42395 32475 2061 1985 2042 1952 24090 31425 2025 1947 2048 1969 2040 1952 2035 1964 2023 1949
172 146 42395 32475 2061 1985 2042 1952 24090 31425 2025 1947 2048 1969 2040 1952 2035 1964 2023 1949
173 146 42395 32475 2061 1985 2042 1952 24090 31425 2025 1947 2048 1969 2040 1952 2035 1964 2023 1949
174 146 42395 32475 2061 1985 2042 1952 24090 31425 2025 1947 2048 1969 2040 1952 2035 1964 2023 1949
175 147 42391 32405 2063 1985 2045 1955 24086 31422 2024 1949 2049 1966 2039 1953 2030 1966 2025 1947
176 147 42391 32405 2063 1985 2045 1955 24086 31422 2024 1949 2049 1966 2039 1953 2030 1966 2025 1947
177 147 42391 32405 2063 1985 2045 1955 24086 31422 2024 1949 2049 1966 2039 1953 2030 1966 2025 1947
178 147 42391 32405 2063 1985 2045 1955 24086 31422 2024 1949 2049 1966 2039 1953 2030 1966 2025 1947
179 147 42391 32405 2063 1985 2045 1955 24086 31422 2024 1949 2049 1966 2039 1953 2030 1966 2025 1947
180 148 42388 32312 2058 1981 2046 1955 24082 31418 2027 1950 2047 1967 2038 1953 2032 1964 2023 1948
181 148 42388 32312 2058 1981 2046 1955 24082 31418 2027 1950 2047 1967 2038 1953 2032 1964 2023 1948
182 148 42388 32312 2058 1981 2046 1955 24082 31418 2027 1950 2047 1967 2038 1953 2032 1964 2023 1948
183 148 42388 32312 2058 1981 2046 1955 24082 31418 2027 1950 2047 1967 2038 1953 2032 1964 2023 1948
184 148 42388 32312 2058 1981 2046 1955 24082 31418 2027 1950 2047 1967 2038 1953 2032 1964 2023 1948
185 149 42386 32067 2065 1979 2042 1954 24081 31413 2025 1950 2050 1969 2039 1952 2031 1967 2022 1947
186 149 42386 32067 2065 1979 2042 1954 24081 31413 2025 1950 2050 1969 2039 1952 2031 1967 2022 1947
187 149 42386 32067 2065 1979 2042 1954 24081 31413 2025 1950 2050 1969 2039 1952 2031 1967 2022 1947
188 149 42386 32067 2065 1979 2042 1954 24081 31413 2025 1950 2050 1969 2039 1952 2031 1967 2022 1947
189 149 42386 32067 2065 1979 2042 1954 24081 31413 2025 1950 2050 1969 2039 1952 2031 1967 2022 1947
190 150 42384 33066 2060 1985 2046 1955 24074 31407 2026 1946 2050 1971 2037 1950 2032 1965 2021 1949
191 150 42384 33066 2060 1985 2046 1955 24074 31407 2026 1946 2050 1971 2037 1950 2032 1965 2021 1949
192 150 42384 33066 2060 1985 2046 1955 24074 31407 2026 1946 2050 1971 2037 1950 2032 1965 2021 1949
193 150 42384 33066 2060 1985 2046 1955 24074 31407 2026 1946 2050 1971 2037 1950 2032 1965 2021 1949
194 150 42384 33066 2060 1985 2046 1955 24074 31407 2026 1946 2050 1971 2037 1950 2032 1965 2021 1949
195 151 42381 32673 2060 1983 2048 1953 24073 31405 2025 1947 2047 1971 2040 1952 2033 1964 2020 1948
196 151 42381 32673 2060 1983 2048 1953 24073 31405 2025 1947 2047 1971 2040 1952 2033 1964 2020 1948
197 151 42381 32673 2060 1983 2048 1953 24073 31405 2025 1947 2047 1971 2040 1952 2033 1964 2020 1948
198 151 42381 32673 2060 1983 2048 1953 24073 31405 2025 1947 2047 1971 2040 1952 2033 1964 2020 1948
199 151 42381 32673 2060 1983 2048 1953 24073 31405 2025 1947 2047 1971 2040 1952 2033 1964 2020 1948
200 152 42379 32374 2061 1984 2048 1953 24073 31409 2024 1947 2050 1967 2038 1953 2034 1964 2022 1949
201 152 42379 32374 2061 1984 2048 1953 24073 31409 2024 1947 2050 1967 2038 1953 2034 1964 2022 1949
202 152 42379 32374 2061 1984 2048 1953 24073 31409 2024 1947 2050 1967 2038 1953 2034 1964 2022 1949
203 152 42379 32374 2061 1984 2048 1953 24073 31409 2024 1947 2050 1967 2038 1953 2034 1964 2022 1949
204 152 42379 32374 2061 1984 2048 1953 24073 31409 2024 1947 2050 1967 2038 1953 2034 1964 2022 1949
205 153 42376 32489 2064 1981 2044 1954 24073 31403 2027 1948 2050 1970 2038 1953 2033 1966 2020 1944
206 153 42376 32489 2064 1981 2044 1954 24073 31403 2027 1948 2050 1970 2038 1953 2033 1966 2020 1944
207 153 42376 32489 2064 1981 2044 1954 24073 31403 2027 1948 2050 1970 2038 1953 2033 1966 2020 1944
208 153 42376 32489 2064 1981 2044 1954 24073 31403 2027 1948 2050 1970 2038 1953 2033 1966 2020 1944
209 153 42376 32489 2064 1981 2044 1954 24073 31403 2027 1948 2050 1970 2038 1953 2033 1966 2020 1944
210 154 42374 32899 2065 1984 2041 1952 24069 31400 2020 1948 2049 1966 2037 1952 2032 1963 2024 1946
211 154 42374 32899 2065 1984 2041 1952 24069 31400 2020 1948 2049 1966 2037 1952 2032 1963 2024 1946
212 154 42374 32899 2065 1984 2041 1952 24069 31400 2020 1948 2049 1966 2037 1952 2032 1963 2024 1946
213 154 42374 32899 2065 1984 2041 1952 24069 31400 2020 1948 2049 1966 2037 1952 2032 1963 2024 1946
214 154 42374 32899 2065 1984 2041 1952 24069 31400 2020 1948 2049 1966 2037 1952 2032 1963 2024 1946
215 155 42372 32674 2065 1981 2046 1953 24067 31398 2026 1948 2047 1966 2040 1950 2031 1961 2024 1948
216 155 42372 32674 2065 1981 2046 1953 24067 31398 2026 1948 2047 1966 2040 1950 2031 1961 2024 1948
217 155 42372 32674 2065 1981 2046 1953 24067 31398 2026 1948 2047 1966 2040 1950 2031 1961 2024 1948
218 155 42372 32674 2065 1981 2046 1953 24067 31398 2026 1948 2047 1966 2040 1950 2031 1961 2024 1948
219 155 42372 32674 2065 1981 2046 1953 24067 31398 2026 1948 2047 1966 2040 1950 2031 1961 2024 1948
220 156 42368 32364 2061 1980 2045 1952 24067 31397 2023 1948 2046 1967 2042 1950 2034 1964 2019 1946
221 156 42368 32364 2061 1980 2045 1952 24067 31397 2023 1948 2046 1967 2042 1950 2034 1964 2019 1946
222 156 42368 32364 2061 1980 2045 1952 24067 31397 2023 1948 2046 1967 2042 1950 2034 1964 2019 1946
223 156 42368 32364 2061 1980 2045 1952 24067 31397 2023 1948 2046 1967 2042 1950 2034 1964 2019 1946
224 156 42368 32364 2061 1980 2045 1952 24067 31397 2023 1948 2046 1967 2042 1950 2034 1964 2019 1946
225 157 42366 32833 2063 1983 2045 1953 24066 31395 2028 1949 2049 1970 2038 1954 2035 1966 2021 1948
226 157 42366 32833 2063 1983 2045 1953 24066 31395 2028 1949 2049 1970 2038 1954 2035 1966 2021 1948
227 157 42366 32833 2063 1983 2045 1953 24066 31395 2028 1949 2049 1970 2038 1954 2035 1966 2021 1948
228 157 42366 32833 2063 1983 2045 1953 24066 31395 2028 1949 2049 1970 2038 1954 2035 1966 2021 1948
229 157 42366 32833 2063 1983 2045 1953 24066 31395 2028 1949 2049 1970 2038 1954 2035 1966 2021 1948
230 158 42365 32604 2060 1983 2042 1952 24062 31389 2025 1945 2048 1969 2041 1953 2033 1964 2022 1947
231 158 42365 32604 2060 1983 2042 1952 24062 31389 2025 1945 2048 1969 2041 1953 2033 1964 2022 1947
232 158 42365 32604 2060 1983 2042 1952 24062 31389 2025 1945 2048 1969 2041 1953 2033 1964 2022 1947
233 158 42365 32604 2060 1983 2042 1952 24062 31389 2025 1945 2048 1969 2041 1953 2033 1964 2022 1947
234 159 42362 32413 2058 1983 2045 1952 24058 31387 2026 1949 2048 1966 2040 1952 2031 1964 2022 1947
235 159 42362 32413 2058 1983 2045 1952 24058 31387 2026 1949 2048 1966 2040 1952 2031 1964 2022 1947
236 159 42362 32413 2058 1983 2045 1952 24058 31387 2026 1949 2048 1966 2040 1952 2031 1964 2022 1947
237 159 42362 32413 2058 1983 2045 1952 24058 31387 2026 1949 2048 1966 2040 1952 2031 1964 2022 1947
238 159 42362 32413 2058 1983 2045 1952 24058 31387 2026 1949 2048 1966 2040 1952 2031 1964 2022 1947
239 160 42359 32464 2063 1982 2043 1952 24053 31384 2022 1949 2050 1967 2039 1951 2029 1965 2022 1946
240 160 42359 32464 2063 1982 2043 1952 24053 31384 2022 1949 2050 1967 2039 1951 2029 1965 2022 1946
241 160 42359 32464 2063 1982 2043 1952 24053 31384 2022 1949 2050 1967 2039 1951 2029 1965 2022 1946
242 160 42359 32464 2063 1982 2043 1952 24053 31384 2022 1949 2050 1967 2039 1951 2029 1965 2022 1946
243 160 42359 32464 2063 1982 2043 1952 24053 31384 2022 1949 2050 1967 2039 1951 2029 1965 2022 1946
244 161 42357 32377 2061 1981 2043 1949 24054 31382 2028 1946 2049 1970 2039 1952 2033 1964 2021 1947
245 161 42357 32377 2061 1981 2043 1949 24054 31382 2028 1946 2049 1970 2039 1952 2033 1964 2021 1947
246 161 42357 32377 2061 1981 2043 1949 24054 31382 2028 1946 2049 1970 2039 1952 2033 1964 2021 1947
247 161 42357 32377 2061 1981 2043 1949 24054 31382 2028 1946 2049 1970 2039 1952 2033 1964 2021 1947
248 161 42357 32377 2061 1981 2043 1949 24054 31382 2028 1946 2049 1970 2039 1952 2033 1964 2021 1947
249 162 42355 32475 2063 1982 2043 1953 24053 31379 2023 1948 2048 1966 2037 1952 2032 1965 2024 1950
250 162 42355 32475 2063 1982 2043 1953 24053 31379 2023 1948 2048 1966 2037 1952 2032 1965 2024 1950
251 162 42355 32475 2063 1982 2043 1953 24053 31379 2023 1948 2048 1966 2037 1952 2032 1965 2024 1950
252 162 42355 32475 2063 1982 2043 1953 24053 31379 2023 1948 2048 1966 2037 1952 2032 1965 2024 1950
253 162 42355 32475 2063 1982 2043 1953 24053 31379 2023 1948 2048 1966 2037 1952 2032 1965 2024 1950
254 163 42353 32717 2062 1984 2045 1954 24052 31377 2025 1947 2048 1965 2039 1953 2031 1965 2022 1948
255 163 42353 32717 2062 1984 2045 1954 24052 31377 2025 1947 2048 1965 2039 1953 2031 1965 2022 1948
256 163 42353 32717 2062 1984 2045 1954 24052 31377 2025 1947 2048 1965 2039 1953 2031 1965 2022 1948
257 163 42353 32717 2062 1984 2045 1954 24052 31377 2025 1947 2048 1965 2039 1953 2031 1965 2022 1948
258 163 42353 32717 2062 1984 2045 1954 24052 31377 2025 1947 2048 1965 2039 1953 2031 1965 2022 1948
259 164 42352 32258 2058 1983 2045 1953 24048 31376 2022 1948 2050 1966 2041 1952 2036 1963 2023 1947
260 164 42352 32258 2058 1983 2045 1953 24048 31376 2022 1948 2050 1966 2041 1952 2036 1963 2023 1947
261 164 42352 32258 2058 1983 2045 1953 24048 31376 2022 1948 2050 1966 2041 1952 2036 1963 2023 1947
262 164 42352 32258 2058 1983 2045 1953 24048 31376 2022 1948 2050 1966 2041 1952 2036 1963 2023 1947
263 164 42352 32258 2058 1983 2045 1953 24048 31376 2022 1948 2050 1966 2041 1952 2036 1963 2023 1947
264 165 42348 32273 2062 1980 2045 1953 24054 31377 2027 1945 2049 1968 2039 1953 2029 1963 2024 1948
265 165 42348 32273 2062 1980 2045 1953 24054 31377 2027 1945 2049 1968 2039 1953 2029 1963 2024 1948
266 165 42348 32273 2062 1980 2045 1953 24054 31377 2027 1945 2049 1968 2039 1953 2029 1963 2024 1948
267 165 42348 32273 2062 1980 2045 1953 24054 31377 2027 1945 2049 1968 2039 1953 2029 1963 2024 1948
268 165 42348 32273 2062 1980 2045 1953 24054 31377 2027 1945 2049 1968 2039 1953 2029 1963 2024 1948
269 166 42347 32814 2062 1982 2043 1952 24047 31371 2025 1948 2046 1968 2041 1954 2034 1965 2020 1950
270 166 42347 32814 2062 1982 2043 1952 24047 31371 2025 1948 2046 1968 2041 1954 2034 1965 2020 1950
271 166 42347 32814 2062 1982 2043 1952 24047 31371 2025 1948 2046 1968 2041 1954 2034 1965 2020 1950
272 166 42347 32814 2062 1982 2043 1952 24047 31371 2025 1948 2046 1968 2041 1954 2034 1965 2020 1950
273 166 42347 32814 2062 1982 2043 1952 24047 31371 2025 1948 2046 1968 2041 1954 2034 1965 2020 1950
274 167 42344 32489 2065 1984 2042 1955 24049 31374 2026 1947 2051 1969 2039 1950 2032 1967 2023 1950
275 167 42344 32489 2065 1984 2042 1955 24049 31374 2026 1947 2051 1969 2039 1950 2032 1967 2023 1950
276 167 42344 32489 2065 1984 2042 1955 24049 31374 2026 1947 2051 1969 2039 1950 2032 1967 2023 1950
277 167 42344 32489 2065 1984 2042 1955 24049 31374 2026 1947 2051 1969 2039 1950 2032 1967 2023 1950
278 167 42344 32489 2065 1984 2042 1955 24049 31374 2026 1947 2051 1969 2039 1950 2032 1967 2023 1950
279 168 42342 32133 2061 1984 2040 1952 24041 31365 2025 1948 2046 1967 2039 1957 2033 1967 2022 1946
280 168 42342 32133 2061 1984 2040 1952 24041 31365 2025 1948 2046 1967 2039 1957 2033 1967 2022 1946
281 168 42342 32133 2061 1984 2040 1952 24041 31365 2025 1948 2046 1967 2039 1957 2033 1967 2022 1946
282 168 42342 32133 2061 1984 2040 1952 24041 31365 2025 1948 2046 1967 2039 1957 2033 1967 2022 1946
283 168 42342 32133 2061 1984 2040 1952 24041 31365 2025 1948 2046 1967 2039 1957 2033 1967 2022 1946
284 169 42340 32564 2061 1982 2046 1953 24040 31362 2026 1947 2050 1966 2039 1951 2034 1968 2021 1947
285 169 42340 32564 2061 1982 2046 1953 24040 31362 2026 1947 2050 1966 2039 1951 2034 1968 2021 1947
286 169 42340 32564 2061 1982 2046 1953 24040 31362 2026 1947 2050 1966 2039 1951 2034 1968 2021 1947
287 169 42340 32564 2061 1982 2046 1953 24040 31362 2026 1947 2050 1966 2039 1951 2034 1968 2021 1947
288 169 42340 32564 2061 1982 2046 1953 24040 31362 2026 1947 2050 1966 2039 1951 2034 1968 2021 1947
289 170 42338 32637 2066 1982 2043 1953 24037 31362 2025 1946 2050 1966 2038 1952 2032 1964 2023 1946
290 170 42338 32637 2066 1982 2043 1953 24037 31362 2025 1946 2050 1966 2038 1952 2032 1964 2023 1946
291 170 42338 32637 2066 1982 2043 1953 24037 31362 2025 1946 2050 1966 2038 1952 2032 1964 2023 1946
292 170 42338 32637 2066 1982 2043 1953 24037 31362 2025 1946 2050 1966 2038 1952 2032 1964 2023 1946
293 170 42338 32637 2066 1982 2043 1953 24037 31362 2025 1946 2050 1966 2038 1952 2032 1964 2023 1946
294 171 42336 32352 2063 1981 2045 1953 24037 31359 2025 1948 2050 1968 2042 1952 2034 1966 2020 1945
295 171 42336 32352 2063 1981 2045 1953 24037 31359 2025 1948 2050 1968 2042 1952 2034 1966 2020 1945
296 171 42336 32352 2063 1981 2045 1953 24037 31359 2025 1948 2050 1968 2042 1952 2034 1966 2020 1945
297 171 42336 32352 2063 1981 2045 1953 24037 31359 2025 1948 2050 1968 2042 1952 2034 1966 2020 1945
298 171 42336 32352 2063 1981 2045 1953 24037 31359 2025 1948 2050 1968 2042 1952 2034 1966 2020 1945
299 172 42333 32508 2061 1984 2044 1954 24033 31356 2022 1945 2049 1967 2039 1952 2033 1963 2023 1947
300 172 42333 32508 2061 1984 2044 1954 24033 31356 2022 1945 2049 1967 2039 1952 2033 1963 2023 1947
301 172 42333 32508 2061 1984 2044 1954 24033 31356 2022 1945 2049 1967 2039 1952 2033 1963 2023 1947
302 172 42333 32508 2061 1984 2044 1954 24033 31356 2022 1945 2049 1967 2039 1952 2033 1963 2023 1947
303 172 42333 32508 2061 1984 2044 1954 24033 31356 2022 1945 2049 1967 2039 1952 2033 1963 2023 1947
304 173 42332 32166 2062 1982 2045 1954 24032 31352 2026 1945 2052 1967 2040 1949 2033 1967 2023 1946
305 173 42332 32166 2062 1982 2045 1954 24032 31352 2026 1945 2052 1967 2040 1949 2033 1967 2023 1946
306 173 42332 32166 2062 1982 2045 1954 24032 31352 2026 1945 2052 1967 2040 1949 2033 1967 2023 1946
307 173 42332 32166 2062 1982 2045 1954 24032 31352 2026 1945 2052 1967 2040 1949 2033 1967 2023 1946
308 174 42330 32719 2058 1981 2042 1952 24032 31353 2021 1947 2047 1966 2040 1952 2031 1965 2018 1947
309 174 42330 32719 2058 1981 2042 1952 24032 31353 2021 1947 2047 1966 2040 1952 2031 1965 2018 1947
310 174 42330 32719 2058 1981 2042 1952 24032 31353 2021 1947 2047 1966 2040 1952 2031 1965 2018 1947
311 174 42330 32719 2058 1981 2042 1952 24032 31353 2021 1947 2047 1966 2040 1952 2031 1965 2018 1947
312 174 42330 32719 2058 1981 2042 1952 24032 31353 2021 1947 2047 1966 2040 1952 2031 1965 2018 1947
313 175 42328 32420 2063 1982 2045 1951 24033 31354 2026 1947 2045 1964 2038 1953 2035 1965 2022 1944
314 175 42328 32420 2063 1982 2045 1951 24033 31354 2026 1947 2045 1964 2038 1953 2035 1965 2022 1944
315 175 42328 32420 2063 1982 2045 1951 24033 31354 2026 1947 2045 1964 2038 1953 2035 1965 2022 1944
316 175 42328 32420 2063 1982 2045 1951 24033 31354 2026 1947 2045 1964 2038 1953 2035 1965 2022 1944
317 175 42328 32420 2063 1982 2045 1951 24033 31354 2026 1947 2045 1964 2038 1953 2035 1965 2022 1944
318 176 42327 32388 2064 1981 2043 1953 24031 31349 2024 1947 2050 1964 2039 1955 2034 1964 2022 1946
319 176 42327 32388 2064 1981 2043 1953 24031 31349 2024 1947 2050 1964 2039 1955 2034 1964 2022 1946
320 176 42327 32388 2064 1981 2043 1953 24031 31349 2024 1947 2050 1964 2039 1955 2034 1964 2022 1946
321 176 42327 32388 2064 1981 2043 1953 24031 31349 2024 1947 2050 1964 2039 1955 2034 1964 2022 1946
322 176 42327 32388 2064 1981 2043 1953 24031 31349 2024 1947 2050 1964 2039 1955 2034 1964 2022 1946
323 177 42324 32562 2062 1982 2043 1954 24027 31348 2024 1947 2046 1968 2038 1954 2029 1967 2025 1947
324 177 42324 32562 2062 1982 2043 1954 24027 31348 2024 1947 2046 1968 2038 1954 2029 1967 2025 1947
325 177 42324 32562 2062 1982 2043 1954 24027 31348 2024 1947 2046 1968 2038 1954 2029 1967 2025 1947
326 177 42324 32562 2062 1982 2043 1954 24027 31348 2024 1947 2046 1968 2038 1954 2029 1967 2025 1947
327 177 42324 32562 2062 1982 2043 1954 24027 31348 2024 1947 2046 1968 2038 1954 2029 1967 2025 1947
328 178 42322 32580 2061 1983 2042 1953 24024 31342 2024 1947 2044 1966 2041 1951 2032 1965 2023 1944
329 178 42322 32580 2061 1983 2042 1953 24024 31342 2024 1947 2044 1966 2041 1951 2032 1965 2023 1944
330 178 42322 32580 2061 1983 2042 1953 24024 31342 2024 1947 2044 1966 2041 1951 2032 1965 2023 1944
331 178 42322 32580 2061 1983 2042 1953 24024 31342 2024 1947 2044 1966 2041 1951 2032 1965 2023 1944
332 178 42322 32580 2061 1983 2042 1953 24024 31342 2024 1947 2044 1966 2041 1951 2032 1965 2023 1944
333 179 42321 32966 2065 1981 2045 1951 24026 31343 2022 1950 2050 1968 2038 1951 2036 1965 2024 1946
334 179 42321 32966 2065 1981 2045 1951 24026 31343 2022 1950 2050 1968 2038 1951 2036 1965 2024 1946
335 179 42321 32966 2065 1981 2045 1951 24026 31343 2022 1950 2050 1968 2038 1951 2036 1965 2024 1946
336 179 42321 32966 2065 1981 2045 1951 24026 31343 2022 1950 2050 1968 2038 1951 2036 1965 2024 1946
337 179 42321 32966 2065 1981 2045 1951 24026 31343 2022 1950 2050 1968 2038 1951 2036 1965 2024 1946
338 180 42318 32501 2060 1982 2045 1951 24020 31339 2026 1947 2049 1969 2038 1952 2035 1967 2022 1948
339 180 42318 32501 2060 1982 2045 1951 24020 31339 2026 1947 2049 1969 2038 1952 2035 1967 2022 1948
340 180 42318 32501 2060 1982 2045 1951 24020 31339 2026 1947 2049 1969 2038 1952 2035 1967 2022 1948
341 180 42318 32501 2060 1982 2045 1951 24020 31339 2026 1947 2049 1969 2038 1952 2035 1967 2022 1948
342 180 42318 32501 2060 1982 2045 1951 24020 31339 2026 1947 2049 1969 2038 1952 2035 1967 2022 1948
343 181 42317 32659 2060 1983 2043 1951 24020 31339 2026 1949 2046 1968 2041 1954 2033 1963 2024 1947
344 181 42317 32659 2060 1983 2043 1951 24020 31339 2026 1949 2046 1968 2041 1954 2033 1963 2024 1947
345 181 42317 32659 2060 1983 2043 1951 24020 31339 2026 1949 2046 1968 2041 1954 2033 1963 2024 1947
346 181 42317 32659 2060 1983 2043 1951 24020 31339 2026 1949 2046 1968 2041 1954 2033 1963 2024 1947
347 181 42317 32659 2060 1983 2043 1951 24020 31339 2026 1949 2046 1968 2041 1954 2033 1963 2024 1947
348 182 42315 32631 2061 1985 2041 1954 24019 31339 2024 1946 2046 1968 2040 1951 2033 1966 2023 1945
349 182 42315 32631 2061 1985 2041 1954 24019 31339 2024 1946 2046 1968 2040 1951 2033 1966 2023 1945
350 182 42315 32631 2061 1985 2041 1954 24019 31339 2024 1946 2046 1968 2040 1951 2033 1966 2023 1945
351 182 42315 32631 2061 1985 2041 1954 24019 31339 2024 1946 2046 1968 2040 1951 2033 1966 2023 1945
352 182 42315 32631 2061 1985 2041 1954 24019 31339 2024 1946 2046 1968 2040 1951 2033 1966 2023 1945
353 183 42313 31996 2061 1983 2043 1951 24017 31333 2026 1946 2048 1967 2040 1953 2033 1963 2024 1950
354 183 42313 31996 2061 1983 2043 1951 24017 31333 2026 1946 2048 1967 2040 1953 2033 1963 2024 1950
355 183 42313 31996 2061 1983 2043 1951 24017 31333 2026 1946 2048 1967 2040 1953 2033 1963 2024 1950
356 183 42313 31996 2061 1983 2043 1951 24017 31333 2026 1946 2048 1967 2040 1953 2033 1963 2024 1950
357 183 42313 31996 2061 1983 2043 1951 24017 31333 2026 1946 2048 1967 2040 1953 2033 1963 2024 1950
358 184 42313 32139 2060 1979 2044 1954 24012 31334 2025 1946 2046 1966 2039 1951 2030 1963 2023 1946
359 184 42313 32139 2060 1979 2044 1954 24012 31334 2025 1946 2046 1966 2039 1951 2030 1963 2023 1946
360 184 42313 32139 2060 1979 2044 1954 24012 31334 2025 1946 2046 1966 2039 1951 2030 1963 2023 1946
361 184 42313 32139 2060 1979 2044 1954 24012 31334 2025 1946 2046 1966 2039 1951 2030 1963 2023 1946
362 184 42313 32139 2060 1979 2044 1954 24012 31334 2025 1946 2046 1966 2039 1951 2030 1963 2023 1946
363 185 42309 32601 2065 1982 2044 1953 24012 31332 2024 1947 2049 1969 2039 1952 2033 1966 2025 1945
364 185 42309 32601 2065 1982 2044 1953 24012 31332 2024 1947 2049 1969 2039 1952 2033 1966 2025 1945
365 185 42309 32601 2065 1982 2044 1953 24012 31332 2024 1947 2049 1969 2039 1952 2033 1966 2025 1945
366 185 42309 32601 2065 1982 2044 1953 24012 31332 2024 1947 2049 1969 2039 1952 2033 1966 2025 1945
367 185 42309 32601 2065 1982 2044 1953 24012 31332 2024 1947 2049 1969 2039 1952 2033 1966 2025 1945
368 186 42308 32156 2065 1982 2042 1954 24014 31333 2024 1949 2045 1967 2040 1955 2029 1963 2024 1946
369 186 42308 32156 2065 1982 2042 1954 24014 31333 2024 1949 2045 1967 2040 1955 2029 1963 2024 1946
370 186 42308 32156 2065 1982 2042 1954 24014 31333 2024 1949 2045 1967 2040 1955 2029 1963 2024 1946
371 186 42308 32156 2065 1982 2042 1954 24014 31333 2024 1949 2045 1967 2040 1955 2029 1963 2024 1946
372 186 42308 32156 2065 1982 2042 1954 24014 31333 2024 1949 2045 1967 2040 1955 2029 1963 2024 1946
373 187 42305 32699 2061 1982 2042 1955 24012 31332 2026 1945 2049 1966 2036 1952 2031 1961 2024 1947
374 187 42305 32699 2061 1982 2042 1955 24012 31332 2026 1945 2049 1966 2036 1952 2031 1961 2024 1947
375 187 42305 32699 2061 1982 2042 1955 24012 31332 2026 1945 2049 1966 2036 1952 2031 1961 2024 1947
376 187 42305 32699 2061 1982 2042 1955 24012 31332 2026 1945 2049 1966 2036 1952 2031 1961 2024 1947
377 187 42305 32699 2061 1982 2042 1955 24012 31332 2026 1945 2049 1966 2036 1952 2031 1961 2024 1947
378 188 42304 32749 2065 1981 2045 1951 24012 31330 2023 1948 2049 1964 2038 1951 2034 1961 2021 1946
379 188 42304 32749 2065 1981 2045 1951 24012 31330 2023 1948 2049 1964 2038 1951 2034 1961 2021 1946
380 188 42304 32749 2065 1981 2045 1951 24012 31330 2023 1948 2049 1964 2038 1951 2034 1961 2021 1946
381 188 42304 32749 2065 1981 2045 1951 24012 31330 2023 1948 2049 1964 2038 1951 2034 1961 2021 1946
382 189 42303 32375 2063 1984 2043 1950 24010 31329 2025 1945 2052 1967 2041 1953 2029 1964 2025 1946
383 189 42303 32375 2063 1984 2043 1950 24010 31329 2025 1945 2052 1967 2041 1953 2029 1964 2025 1946
384 189 42303 32375 2063 1984 2043 1950 24010 31329 2025 1945 2052 1967 2041 1953 2029 1964 2025 1946
385 189 42303 32375 2063 1984 2043 1950 24010 31329 2025 1945 2052 1967 2041 1953 2029 1964 2025 1946
386 189 42303 32375 2063 1984 2043 1950 24010 31329 2025 1945 2052 1967 2041 1953 2029 1964 2025 1946
387 190 42301 32759 2063 1984 2041 1950 24005 31325 2023 1948 2046 1964 2040 1952 2035 1966 2026 1945
388 190 42301 32759 2063 1984 2041 1950 24005 31325 2023 1948 2046 1964 2040 1952 2035 1966 2026 1945
389 190 42301 32759 2063 1984 2041 1950 24005 31325 2023 1948 2046 1964 2040 1952 2035 1966 2026 1945
390 190 42301 32759 2063 1984 2041 1950 24005 31325 2023 1948 2046 1964 2040 1952 2035 1966 2026 1945
391 190 42301 32759 2063 1984 2041 1950 24005 31325 2023 1948 2046 1964 2040 1952 2035 1966 2026 1945
392 191 42299 32971 2066 1980 2043 1955 24011 31325 2026 1950 2048 1971 2041 1951 2032 1963 2023 1947
393 191 42299 32971 2066 1980 2043 1955 24011 31325 2026 1950 2048 1971 2041 1951 2032 1963 2023 1947
394 191 42299 32971 2066 1980 2043 1955 24011 31325 2026 1950 2048 1971 2041 1951 2032 1963 2023 1947
395 191 42299 32971 2066 1980 2043 1955 24011 31325 2026 1950 2048 1971 2041 1951 2032 1963 2023 1947
396 191 42299 32971 2066 1980 2043 1955 24011 31325 2026 1950 2048 1971 2041 1951 2032 1963 2023 1947
397 192 42297 32311 2061 1982 2044 1949 24008 31321 2024 1945 2046 1970 2039 1953 2033 1963 2021 1949
398 192 42297 32311 2061 1982 2044 1949 24008 31321 2024 1945 2046 1970 2039 1953 2033 1963 2021 1949
399 192 42297 32311 2061 1982 2044 1949 24008 31321 2024 1945 2046 1970 2039 1953 2033 1963 2021 1949
400 192 42297 32311 2061 1982 2044 1949 24008 31321 2024 1945 2046 1970 2039 1953 2033 1963 2021 1949
401 192 42297 32311 2061 1982 2044 1949 24008 31321 2024 1945 2046 1970 2039 1953 2033 1963 2021 1949
402 193 42295 32822 2062 1981 2045 1951 24007 31317 2027 1948 2048 1967 2039 1952 2031 1964 2022 1947
403 193 42295 32822 2062 1981 2045 1951 24007 31317 2027 1948 2048 1967 2039 1952 2031 1964 2022 1947
404 193 42295 32822 2062 1981 2045 1951 24007 31317 2027 1948 2048 1967 2039 1952 2031 1964 2022 1947
405 193 42295 32822 2062 1981 2045 1951 24007 31317 2027 1948 2048 1967 2039 1952 2031 1964 2022 1947
406 193 42295 32822 2062 1981 2045 1951 24007 31317 2027 1948 2048 1967 2039 1952 2031 1964 2022 1947
407 194 42294 32178 2060 1981 2045 1951 24004 31317 2023 1950 2049 1967 2041 1955 2032 1962 2023 1948
408 194 42294 32178 2060 1981 2045 1951 24004 31317 2023 1950 2049 1967 2041 1955 2032 1962 2023 1948
409 194 42294 32178 2060 1981 2045 1951 24004 31317 2023 1950 2049 1967 2041 1955 2032 1962 2023 1948
410 194 42294 32178 2060 1981 2045 1951 24004 31317 2023 1950 2049 1967 2041 1955 2032 1962 2023 1948
411 194 42294 32178 2060 1981 2045 1951 24004 31317 2023 1950 2049 1967 2041 1955 2032 1962 2023 1948
412 195 42291 32130 2061 1982 2044 1952 24005 31317 2023 1948 2046 1969 2040 1952 2038 1964 2021 1948
413 195 42291 32130 2061 1982 2044 1952 24005 31317 2023 1948 2046 1969 2040 1952 2038 1964 2021 1948
414 195 42291 32130 2061 1982 2044 1952 24005 31317 2023 1948 2046 1969 2040 1952 2038 1964 2021 1948
415 195 42291 32130 2061 1982 2044 1952 24005 31317 2023 1948 2046 1969 2040 1952 2038 1964 2021 1948
416 195 42291 32130 2061 1982 2044 1952 24005 31317 2023 1948 2046 1969 2040 1952 2038 1964 2021 1948
417 196 42291 32413 2061 1983 2043 1953 24001 31317 2024 1943 2048 1967 2038 1953 2031 1965 2022 1947
418 196 42291 32413 2061 1983 2043 1953 24001 31317 2024 1943 2048 1967 2038 1953 2031 1965 2022 1947
419 196 42291 32413 2061 1983 2043 1953 24001 31317 2024 1943 2048 1967 2038 1953 2031 1965 2022 1947
420 196 42291 32413 2061 1983 2043 1953 24001 31317 2024 1943 2048 1967 2038 1953 2031 1965 2022 1947
421 196 42291 32413 2061 1983 2043 1953 24001 31317 2024 1943 2048 1967 2038 1953 2031 1965 2022 1947
422 197 42290 32344 2065 1984 2047 1954 23997 31311 2025 1948 2050 1968 2038 1951 2033 1963 2023 1948
423 197 42290 32344 2065 1984 2047 1954 23997 31311 2025 1948 2050 1968 2038 1951 2033 1963 2023 1948
424 197 42290 32344 2065 1984 2047 1954 23997 31311 2025 1948 2050 1968 2038 1951 2033 1963 2023 1948
425 197 42290 32344 2065 1984 2047 1954 23997 31311 2025 1948 2050 1968 2038 1951 2033 1963 2023 1948
426 197 42290 32344 2065 1984 2047 1954 23997 31311 2025 1948 2050 1968 2038 1951 2033 1963 2023 1948
427 198 42288 33159 2061 1981 2046 1951 23997 31309 2025 1947 2052 1969 2039 1952 2036 1964 2021 1947
428 198 42288 33159 2061 1981 2046 1951 23997 31309 2025 1947 2052 1969 2039 1952 2036 1964 2021 1947
429 198 42288 33159 2061 1981 2046 1951 23997 31309 2025 1947 2052 1969 2039 1952 2036 1964 2021 1947
430 198 42288 33159 2061 1981 2046 1951 23997 31309 2025 1947 2052 1969 2039 1952 2036 1964 2021 1947
431 198 42288 33159 2061 1981 2046 1951 23997 31309 2025 1947 2052 1969 2039 1952 2036 1964 2021 1947
432 199 42285 32268 2060 1978 2042 1952 23995 31306 2026 1948 2047 1966 2043 1953 2032 1960 2022 1949
433 199 42285 32268 2060 1978 2042 1952 23995 31306 2026 1948 2047 1966 2043 1953 2032 1960 2022 1949
434 199 42285 32268 2060 1978 2042 1952 23995 31306 2026 1948 2047 1966 2043 1953 2032 1960 2022 1949
435 199 42285 32268 2060 1978 2042 1952 23995 31306 2026 1948 2047 1966 2043 1953 2032 1960 2022 1949
436 199 42285 32268 2060 1978 2042 1952 23995 31306 2026 1948 2047 1966 2043 1953 2032 1960 2022 1949
437 200 42285 32331 2064 1977 2044 1953 23993 31305 2025 1948 2050 1967 2036 1950 2034 1965 2022 1945
438 200 42285 32331 2064 1977 2044 1953 23993 31305 2025 1948 2050 1967 2036 1950 2034 1965 2022 1945
439 200 42285 32331 2064 1977 2044 1953 23993 31305 2025 1948 2050 1967 2036 1950 2034 1965 2022 1945
440 200 42285 32331 2064 1977 2044 1953 23993 31305 2025 1948 2050 1967 2036 1950 2034 1965 2022 1945
441 200 42285 32331 2064 1977 2044 1953 23993 31305 2025 1948 2050 1967 2036 1950 2034 1965 2022 1945
442 201 42282 32367 2063 1981 2043 1954 23995 31306 2027 1949 2049 1968 2039 1956 2033 1965 2021 1944
443 201 42282 32367 2063 1981 2043 1954 23995 31306 2027 1949 2049 1968 2039 1956 2033 1965 2021 1944
444 201 42282 32367 2063 1981 2043 1954 23995 31306 2027 1949 2049 1968 2039 1956 2033 1965 2021 1944
445 201 42282 32367 2063 1981 2043 1954 23995 31306 2027 1949 2049 1968 2039 1956 2033 1965 2021 1944
446 201 42282 32367 2063 1981 2043 1954 23995 31306 2027 1949 2049 1968 2039 1956 2033 1965 2021 1944
447 202 42282 32208 2063 1980 2043 1953 23989 31302 2026 1947 2049 1967 2040 1951 2031 1964 2022 1945
448 202 42282 32208 2063 1980 2043 1953 23989 31302 2026 1947 2049 1967 2040 1951 2031 1964 2022 1945
449 202 42282 32208 2063 1980 2043 1953 23989 31302 2026 1947 2049 1967 2040 1951 2031 1964 2022 1945
450 202 42282 32208 2063 1980 2043 1953 23989 31302 2026 1947 2049 1967 2040 1951 2031 1964 2022 1945
451 203 42279 32176 2063 1982 2042 1952 23989 31295 2021 1948 2048 1968 2041 1955 2033 1965 2023 1947
452 203 42279 32176 2063 1982 2042 1952 23989 31295 2021 1948 2048 1968 2041 1955 2033 1965 2023 1947
453 203 42279 32176 2063 1982 2042 1952 23989 31295 2021 1948 2048 1968 2041 1955 2033 1965 2023 1947
454 203 42279 32176 2063 1982 2042 1952 23989 31295 2021 1948 2048 1968 2041 1955 2033 1965 2023 1947
455 203 42279 32176 2063 1982 2042 1952 23989 31295 2021 1948 2048 1968 2041 1955 2033 1965 2023 1947
456 204 42278 32547 2059 1979 2043 1953 23991 31299 2025 1946 2048 1966 2037 1950 2030 1963 2021 1945
457 204 42278 32547 2059 1979 2043 1953 23991 31299 2025 1946 2048 1966 2037 1950 2030 1963 2021 1945
458 204 42278 32547 2059 1979 2043 1953 23991 31299 2025 1946 2048 1966 2037 1950 2030 1963 2021 1945
459 204 42278 32547 2059 1979 2043 1953 23991 31299 2025 1946 2048 1966 2037 1950 2030 1963 2021 1945
460 204 42278 32547 2059 1979 2043 1953 23991 31299 2025 1946 2048 1966 2037 1950 2030 1963 2021 1945
461 205 42278 32593 2064 1983 2043 1954 23989 31302 2024 1949 2049 1969 2040 1951 2033 1963 2021 1946
462 205 42278 32593 2064 1983 2043 1954 23989 31302 2024 1949 2049 1969 2040 1951 2033 1963 2021 1946
463 205 42278 32593 2064 1983 2043 1954 23989 31302 2024 1949 2049 1969 2040 1951 2033 1963 2021 1946
464 205 42278 32593 2064 1983 2043 1954 23989 31302 2024 1949 2049 1969 2040 1951 2033 1963 2021 1946
465 205 42278 32593 2064 1983 2043 1954 23989 31302 2024 1949 2049 1969 2040 1951 2033 1963 2021 1946
466 206 42275 32604 2062 1981 2046 1949 23989 31299 2024 1946 2049 1967 2038 1949 2031 1965 2022 1947
467 206 42275 32604 2062 1981 2046 1949 23989 31299 2024 1946 2049 1967 2038 1949 2031 1965 2022 1947
468 206 42275 32604 2062 1981 2046 1949 23989 31299 2024 1946 2049 1967 2038 1949 2031 1965 2022 1947
469 206 42275 32604 2062 1981 2046 1949 23989 31299 2024 1946 2049 1967 2038 1949 2031 1965 2022 1947
470 206 42275 32604 2062 1981 2046 1949 23989 31299 2024 1946 2049 1967 2038 1949 2031 1965 2022 1947
471 207 42273 31958 2062 1981 2043 1952 23985 31294 2026 1947 2048 1966 2037 1953 2033 1963 2020 1947
472 207 42273 31958 2062 1981 2043 1952 23985 31294 2026 1947 2048 1966 2037 1953 2033 1963 2020 1947
473 207 42273 31958 2062 1981 2043 1952 23985 31294 2026 1947 2048 1966 2037 1953 2033 1963 2020 1947
474 207 42273 31958 2062 1981 2043 1952 23985 31294 2026 1947 2048 1966 2037 1953 2033 1963 2020 1947
475 207 42273 31958 2062 1981 2043 1952 23985 31294 2026 1947 2048 1966 2037 1953 2033 1963 2020 1947
476 208 42272 32612 2062 1980 2042 1954 23983 31292 2024 1946 2051 1965 2037 1951 2035 1965 2024 1947
477 208 42272 32612 2062 1980 2042 1954 23983 31292 2024 1946 2051 1965 2037 1951 2035 1965 2024 1947
478 208 42272 32612 2062 1980 2042 1954 23983 31292 2024 1946 2051 1965 2037 1951 2035 1965 2024 1947
479 208 42272 32612 2062 1980 2042 1954 23983 31292 2024 1946 2051 1965 2037 1951 2035 1965 2024 1947
480 208 42272 32612 2062 1980 2042 1954 23983 31292 2024 1946 2051 1965 2037 1951 2035 1965 2024 1947
481 209 42272 31914 2063 1985 2044 1953 23984 31290 2024 1946 2047 1965 2040 1953 2032 1966 2023 1947
482 209 42272 31914 2063 1985 2044 1953 23984 31290 2024 1946 2047 1965 2040 1953 2032 1966 2023 1947
483 209 42272 31914 2063 1985 2044 1953 23984 31290 2024 1946 2047 1965 2040 1953 2032 1966 2023 1947
484 209 42272 31914 2063 1985 2044 1953 23984 31290 2024 1946 2047 1965 2040 1953 2032 1966 2023 1947
485 209 42272 31914 2063 1985 2044 1953 23984 31290 2024 1946 2047 1965 2040 1953 2032 1966 2023 1947
486 210 42270 32376 2060 1978 2045 1950 23979 31290 2022 1946 2046 1965 2039 1951 2031 1966 2024 1948
487 210 42270 32376 2060 1978 2045 1950 23979 31290 2022 1946 2046 1965 2039 1951 2031 1966 2024 1948
488 210 42270 32376 2060 1978 2045 1950 23979 31290 2022 1946 2046 1965 2039 1951 2031 1966 2024 1948
489 210 42270 32376 2060 1978 2045 1950 23979 31290 2022 1946 2046 1965 2039 1951 2031 1966 2024 1948
490 210 42270 32376 2060 1978 2045 1950 23979 31290 2022 1946 2046 1965 2039 1951 2031 1966 2024 1948
491 211 42268 32559 2063 1983 2044 1951 23982 31288 2027 1944 2049 1971 2038 1951 2034 1964 2023 1948
492 211 42268 32559 2063 1983 2044 1951 23982 31288 2027 1944 2049 1971 2038 1951 2034 1964 2023 1948
493 211 42268 32559 2063 1983 2044 1951 23982 31288 2027 1944 2049 1971 2038 1951 2034 1964 2023 1948
494 211 42268 32559 2063 1983 2044 1951 23982 31288 2027 1944 2049 1971 2038 1951 2034 1964 2023 1948
495 211 42268 32559 2063 1983 2044 1951 23982 31288 2027 1944 2049 1971 2038 1951 2034 1964 2023 1948
496 212 42266 32447 2062 1983 2045 1954 23980 31286 2024 1948 2049 1966 2037 1951 2031 1962 2021 1947
497 212 42266 32447 2062 1983 2045 1954 23980 31286 2024 1948 2049 1966 2037 1951 2031 1962 2021 1947
498 212 42266 32447 2062 1983 2045 1954 23980 31286 2024 1948 2049 1966 2037 1951 2031 1962 2021 1947
499 212 42266 32447 2062 1983 2045 1954 23980 31286 2024 1948 2049 1966 2037 1951 2031 1962 2021 1947
500 212 42266 32447 2062 1983 2045 1954 23980 31286 2024 1948 2049 1966 2037 1951 2031 1962 2021 1947
501 213 42265 32647 2062 1983 2042 1956 23978 31283 2023 1946 2052 1966 2041 1953 2033 1964 2020 1947
502 213 42265 32647 2062 1983 2042 1956 23978 31283 2023 1946 2052 1966 2041 1953 2033 1964 2020 1947
503 213 42265 32647 2062 1983 2042 1956 23978 31283 2023 1946 2052 1966 2041 1953 2033 1964 2020 1947
504 213 42265 32647 2062 1983 2042 1956 23978 31283 2023 1946 2052 1966 2041 1953 2033 1964 2020 1947
505 213 42265 32647 2062 1983 2042 1956 23978 31283 2023 1946 2052 1966 2041 1953 2033 1964 2020 1947
506 214 42264 32441 2061 1979 2042 1953 23974 31286 2028 1950 2046 1968 2038 1951 2034 1966 2022 1946
507 214 42264 32441 2061 1979 2042 1953 23974 31286 2028 1950 2046 1968 2038 1951 2034 1966 2022 1946
508 214 42264 32441 2061 1979 2042 1953 23974 31286 2028 1950 2046 1968 2038 1951 2034 1966 2022 1946
509 214 42264 32441 2061 1979 2042 1953 23974 31286 2028 1950 2046 1968 2038 1951 2034 1966 2022 1946
510 214 42264 32441 2061 1979 2042 1953 23974 31286 2028 1950 2046 1968 2038 1951 2034 1966 2022 1946
511 215 42262 32745 2062 1982 2043 1952 23978 31283 2024 1946 2047 1968 2039 1952 2032 1966 2021 1947
512 215 42262 32745 2062 1982 2043 1952 23978 31283 2024 1946 2047 1968 2039 1952 2032 1966 2021 1947
513 215 42262 32745 2062 1982 2043 1952 23978 31283 2024 1946 2047 1968 2039 1952 2032 1966 2021 1947
514 215 42262 32745 2062 1982 2043 1952 23978 31283 2024 1946 2047 1968 2039 1952 2032 1966 2021 1947
515 215 42262 32745 2062 1982 2043 1952 23978 31283 2024 1946 2047 1968 2039 1952 2032 1966 2021 1947
516 216 42260 32145 2063 1981 2043 1953 23976 31281 2025 1949 2049 1971 2039 1950 2033 1965 2022 1944
517 216 42260 32145 2063 1981 2043 1953 23976 31281 2025 1949 2049 1971 2039 1950 2033 1965 2022 1944
518 216 42260 32145 2063 1981 2043 1953 23976 31281 2025 1949 2049 1971 2039 1950 2033 1965 2022 1944
519 216 42260 32145 2063 1981 2043 1953 23976 31281 2025 1949 2049 1971 2039 1950 2033 1965 2022 1944
520 216 42260 32145 2063 1981 2043 1953 23976 31281 2025 1949 2049 1971 2039 1950 2033 1965 2022 1944
521 217 42259 32685 2063 1980 2047 1952 23976 31283 2026 1947 2048 1966 2039 1953 2033 1964 2020 1947
522 217 42259 32685 2063 1980 2047 1952 23976 31283 2026 1947 2048 1966 2039 1953 2033 1964 2020 1947
523 217 42259 32685 2063 1980 2047 1952 23976 31283 2026 1947 2048 1966 2039 1953 2033 1964 2020 1947
524 217 42259 32685 2063 1980 2047 1952 23976 31283 2026 1947 2048 1966 2039 1953 2033 1964 2020 1947
525 218 42257 32429 2062 1981 2045 1952 23978 31283 2025 1951 2048 1965 2039 1949 2032 1966 2022 1948
526 218 42257 32429 2062 1981 2045 1952 23978 31283 2025 1951 2048 1965 2039 1949 2032 1966 2022 1948
527 218 42257 32429 2062 1981 2045 1952 23978 31283 2025 1951 2048 1965 2039 1949 2032 1966 2022 1948
528 218 42257 32429 2062 1981 2045 1952 23978 31283 2025 1951 2048 1965 2039 1949 2032 1966 2022 1948
529 218 42257 32429 2062 1981 2045 1952 23978 31283 2025 1951 2048 1965 2039 1949 2032 1966 2022 1948
530 219 42257 32573 2064 1984 2041 1953 23973 31278 2023 1945 2049 1969 2040 1952 2030 1966 2021 1948
531 219 42257 32573 2064 1984 2041 1953 23973 31278 2023 1945 2049 1969 2040 1952 2030 1966 2021 1948
532 219 42257 32573 2064 1984 2041 1953 23973 31278 2023 1945 2049 1969 2040 1952 2030 1966 2021 1948
533 219 42257 32573 2064 1984 2041 1953 23973 31278 2023 1945 2049 1969 2040 1952 2030 1966 2021 1948
534 219 42257 32573 2064 1984 2041 1953 23973 31278 2023 1945 2049 1969 2040 1952 2030 1966 2021 1948
535 220 42256 32532 2062 1980 2044 1953 23971 31276 2029 1949 2046 1966 2037 1949 2036 1966 2019 1946
536 220 42256 32532 2062 1980 2044 1953 23971 31276 2029 1949 2046 1966 2037 1949 2036 1966 2019 1946
537 220 42256 32532 2062 1980 2044 1953 23971 31276 2029 1949 2046 1966 2037 1949 2036 1966 2019 1946
538 220 42256 32532 2062 1980 2044 1953 23971 31276 2029 1949 2046 1966 2037 1949 2036 1966 2019 1946
539 220 42256 32532 2062 1980 2044 1953 23971 31276 2029 1949 2046 1966 2037 1949 2036 1966 2019 1946
540 221 42254 32496 2064 1981 2045 1954 23970 31278 2027 1947 2050 1966 2041 1950 2030 1966 2021 1950
541 221 42254 32496 2064 1981 2045 1954 23970 31278 2027 1947 2050 1966 2041 1950 2030 1966 2021 1950
542 221 42254 32496 2064 1981 2045 1954 23970 31278 2027 1947 2050 1966 2041 1950 2030 1966 2021 1950
543 221 42254 32496 2064 1981 2045 1954 23970 31278 2027 1947 2050 1966 2041 1950 2030 1966 2021 1950
544 221 42254 32496 2064 1981 2045 1954 23970 31278 2027 1947 2050 1966 2041 1950 2030 1966 2021 1950
545 222 42253 32117 2061 1981 2041 1951 23970 31275 2026 1946 2048 1964 2038 1951 2033 1966 2023 1946
546 222 42253 32117 2061 1981 2041 1951 23970 31275 2026 1946 2048 1964 2038 1951 2033 1966 2023 1946
547 222 42253 32117 2061 1981 2041 1951 23970 31275 2026 1946 2048 1964 2038 1951 2033 1966 2023 1946
548 222 42253 32117 2061 1981 2041 1951 23970 31275 2026 1946 2048 1964 2038 1951 2033 1966 2023 1946
549 222 42253 32117 2061 1981 2041 1951 23970 31275 2026 1946 2048 1964 2038 1951 2033 1966 2023 1946
550 223 42252 31945 2066 1985 2042 1954 23968 31275 2025 1949 2048 1969 2039 1952 2030 1965 2024 1948
551 223 42252 31945 2066 1985 2042 1954 23968 31275 2025 1949 2048 1969 2039 1952 2030 1965 2024 1948
552 223 42252 31945 2066 1985 2042 1954 23968 31275 2025 1949 2048 1969 2039 1952 2030 1965 2024 1948
553 223 42252 31945 2066 1985 2042 1954 23968 31275 2025 1949 2048 1969 2039 1952 2030 1965 2024 1948
554 223 42252 31945 2066 1985 2042 1954 23968 31275 2025 1949 2048 1969 2039 1952 2030 1965 2024 1948
555 224 42251 32425 2062 1982 2043 1951 23970 31277 2030 1947 2046 1966 2038 1951 2032 1963 2020 1946
556 224 42251 32425 2062 1982 2043 1951 23970 31277 2030 1947 2046 1966 2038 1951 2032 1963 2020 1946
557 224 42251 32425 2062 1982 2043 1951 23970 31277 2030 1947 2046 1966 2038 1951 2032 1963 2020 1946
558 224 42251 32425 2062 1982 2043 1951 23970 31277 2030 1947 2046 1966 2038 1951 2032 1963 2020 1946
559 224 42251 32425 2062 1982 2043 1951 23970 31277 2030 1947 2046 1966 2038 1951 2032 1963 2020 1946
560 225 42250 32188 2063 1984 2046 1954 23969 31276 2025 1945 2047 1968 2036 1952 2033 1963 2021 1946
561 225 42250 32188 2063 1984 2046 1954 23969 31276 2025 1945 2047 1968 2036 1952 2033 1963 2021 1946
562 225 42250 32188 2063 1984 2046 1954 23969 31276 2025 1945 2047 1968 2036 1952 2033 1963 2021 1946
563 225 42250 32188 2063 1984 2046 1954 23969 31276 2025 1945 2047 1968 2036 1952 2033 1963 2021 1946
564 225 42250 32188 2063 1984 2046 1954 23969 31276 2025 1945 2047 1968 2036 1952 2033 1963 2021 1946
565 226 42248 32593 2065 1983 2048 1954 23961 31269 2024 1948 2048 1970 2039 1953 2033 1965 2022 1947
566 226 42248 32593 2065 1983 2048 1954 23961 31269 2024 1948 2048 1970 2039 1953 2033 1965 2022 1947
567 226 42248 32593 2065 1983 2048 1954 23961 31269 2024 1948 2048 1970 2039 1953 2033 1965 2022 1947
568 226 42248 32593 2065 1983 2048 1954 23961 31269 2024 1948 2048 1970 2039 1953 2033 1965 2022 1947
569 226 42248 32593 2065 1983 2048 1954 23961 31269 2024 1948 2048 1970 2039 1953 2033 1965 2022 1947
570 227 42247 32513 2062 1982 2046 1953 23966 31267 2028 1950 2050 1967 2038 1952 2032 1963 2024 1948
571 227 42247 32513 2062 1982 2046 1953 23966 31267 2028 1950 2050 1967 2038 1952 2032 1963 2024 1948
572 227 42247 32513 2062 1982 2046 1953 23966 31267 2028 1950 2050 1967 2038 1952 2032 1963 2024 1948
573 227 42247 32513 2062 1982 2046 1953 23966 31267 2028 1950 2050 1967 2038 1952 2032 1963 2024 1948
574 227 42247 32513 2062 1982 2046 1953 23966 31267 2028 1950 2050 1967 2038 1952 2032 1963 2024 1948
575 228 42246 32342 2061 1980 2042 1953 23961 31265 2024 1945 2048 1964 2038 1953 2032 1967 2024 1948
576 228 42246 32342 2061 1980 2042 1953 23961 31265 2024 1945 2048 1964 2038 1953 2032 1967 2024 1948
577 228 42246 32342 2061 1980 2042 1953 23961 31265 2024 1945 2048 1964 2038 1953 2032 1967 2024 1948
578 228 42246 32342 2061 1980 2042 1953 23961 31265 2024 1945 2048 1964 2038 1953 2032 1967 2024 1948
579 228 42246 32342 2061 1980 2042 1953 23961 31265 2024 1945 2048 1964 2038 1953 2032 1967 2024 1948
580 229 42246 32192 2061 1984 2043 1950 23963 31264 2023 1945 2046 1965 2041 1952 2031 1964 2022 1944
581 229 42246 32192 2061 1984 2043 1950 23963 31264 2023 1945 2046 1965 2041 1952 2031 1964 2022 1944
582 229 42246 32192 2061 1984 2043 1950 23963 31264 2023 1945 2046 1965 2041 1952 2031 1964 2022 1944
583 229 42246 32192 2061 1984 2043 1950 23963 31264 2023 1945 2046 1965 2041 1952 2031 1964 2022 1944
584 229 42246 32192 2061 1984 2043 1950 23963 31264 2023 1945 2046 1965 2041 1952 2031 1964 2022 1944
585 230 42243 32432 2060 1981 2047 1951 23959 31264 2027 1945 2045 1965 2042 1950 2032 1968 2022 1946
586 230 42243 32432 2060 1981 2047 1951 23959 31264 2027 1945 2045 1965 2042 1950 2032 1968 2022 1946
587 230 42243 32432 2060 1981 2047 1951 23959 31264 2027 1945 2045 1965 2042 1950 2032 1968 2022 1946
588 230 42243 32432 2060 1981 2047 1951 23959 31264 2027 1945 2045 1965 2042 1950 2032 1968 2022 1946
589 230 42243 32432 2060 1981 2047 1951 23959 31264 2027 1945 2045 1965 2042 1950 2032 1968 2022 1946
590 231 42242 32165 2065 1980 2049 1952 23958 31261 2026 1948 2050 1967 2039 1954 2033 1966 2021 1946
591 231 42242 32165 2065 1980 2049 1952 23958 31261 2026 1948 2050 1967 2039 1954 2033 1966 2021 1946
592 231 42242 32165 2065 1980 2049 1952 23958 31261 2026 1948 2050 1967 2039 1954 2033 1966 2021 1946
593 231 42242 32165 2065 1980 2049 1952 23958 31261 2026 1948 2050 1967 2039 1954 2033 1966 2021 1946
594 231 42242 32165 2065 1980 2049 1952 23958 31261 2026 1948 2050 1967 2039 1954 2033 1966 2021 1946
595 232 42241 32498 2062 1983 2042 1951 23956 31262 2024 1947 2051 1969 2040 1951 2033 1966 2020 1945
596 232 42241 32498 2062 1983 2042 1951 23956 31262 2024 1947 2051 1969 2040 1951 2033 1966 2020 1945
597 232 42241 32498 2062 1983 2042 1951 23956 31262 2024 1947 2051 1969 2040 1951 2033 1966 2020 1945
598 232 42241 32498 2062 1983 2042 1951 23956 31262 2024 1947 2051 1969 2040 1951 2033 1966 2020 1945
599 233 42240 32604 2061 1983 2043 1952 23956 31259 2027 1947 2049 1965 2037 1953 2031 1967 2021 1945
600 233 42240 32604 2061 1983 2043 1952 23956 31259 2027 1947 2049 1965 2037 1953 2031 1967 2021 1945
601 233 42240 32604 2061 1983 2043 1952 23956 31259 2027 1947 2049 1965 2037 1953 2031 1967 2021 1945
602 233 42240 32604 2061 1983 2043 1952 23956 31259 2027 1947 2049 1965 2037 1953 2031 1967 2021 1945
603 233 42240 32604 2061 1983 2043 1952 23956 31259 2027 1947 2049 1965 2037 1953 2031 1967 2021 1945
604 234 42237 32664 2064 1980 2045 1952 23958 31262 2026 1947 2045 1963 2035 1951 2030 1965 2024 1945
605 234 42237 32664 2064 1980 2045 1952 23958 31262 2026 1947 2045 1963 2035 1951 2030 1965 2024 1945
606 234 42237 32664 2064 1980 2045 1952 23958 31262 2026 1947 2045 1963 2035 1951 2030 1965 2024 1945
607 234 42237 32664 2064 1980 2045 1952 23958 31262 2026 1947 2045 1963 2035 1951 2030 1965 2024 1945
608 234 42237 32664 2064 1980 2045 1952 23958 31262 2026 1947 2045 1963 2035 1951 2030 1965 2024 1945
609 235 42237 32452 2060 1982 2043 1953 23958 31258 2025 1947 2049 1967 2039 1951 2034 1963 2025 1948
610 235 42237 32452 2060 1982 2043 1953 23958 31258 2025 1947 2049 1967 2039 1951 2034 1963 2025 1948
611 235 42237 32452 2060 1982 2043 1953 23958 31258 2025 1947 2049 1967 2039 1951 2034 1963 2025 1948
612 235 42237 32452 2060 1982 2043 1953 23958 31258 2025 1947 2049 1967 2039 1951 2034 1963 2025 1948
613 235 42237 32452 2060 1982 2043 1953 23958 31258 2025 1947 2049 1967 2039 1951 2034 1963 2025 1948
614 236 42236 32693 2062 1982 2042 1953 23955 31257 2023 1947 2051 1964 2035 1948 2031 1968 2022 1947
615 236 42236 32693 2062 1982 2042 1953 23955 31257 2023 1947 2051 1964 2035 1948 2031 1968 2022 1947
616 236 42236 32693 2062 1982 2042 1953 23955 31257 2023 1947 2051 1964 2035 1948 2031 1968 2022 1947
617 236 42236 32693 2062 1982 2042 1953 23955 31257 2023 1947 2051 1964 2035 1948 2031 1968 2022 1947
618 236 42236 32693 2062 1982 2042 1953 23955 31257 2023 1947 2051 1964 2035 1948 2031 1968 2022 1947
619 237 42235 32564 2059 1979 2047 1955 23953 31254 2027 1949 2048 1966 2040 1952 2035 1966 2019 1944
620 237 42235 32564 2059 1979 2047 1955 23953 31254 2027 1949 2048 1966 2040 1952 2035 1966 2019 1944
621 237 42235 32564 2059 1979 2047 1955 23953 31254 2027 1949 2048 1966 2040 1952 2035 1966 2019 1944
622 237 42235 32564 2059 1979 2047 1955 23953 31254 2027 1949 2048 1966 2040 1952 2035 1966 2019 1944
623 237 42235 32564 2059 1979 2047 1955 23953 31254 2027 1949 2048 1966 2040 1952 2035 1966 2019 1944
624 238 42234 32652 2058 1982 2045 1952 23951 31252 2026 1948 2051 1964 2038 1951 2034 1965 2025 1948
625 238 42234 32652 2058 1982 2045 1952 23951 31252 2026 1948 2051 1964 2038 1951 2034 1965 2025 1948
626 238 42234 32652 2058 1982 2045 1952 23951 31252 2026 1948 2051 1964 2038 1951 2034 1965 2025 1948
627 238 42234 32652 2058 1982 2045 1952 23951 31252 2026 1948 2051 1964 2038 1951 2034 1965 2025 1948
628 238 42234 32652 2058 1982 2045 1952 23951 31252 2026 1948 2051 1964 2038 1951 2034 1965 2025 1948
629 239 42233 32547 2062 1981 2046 1954 23953 31252 2025 1948 2050 1971 2040 1952 2034 1966 2026 1943
630 239 42233 32547 2062 1981 2046 1954 23953 31252 2025 1948 2050 1971 2040 1952 2034 1966 2026 1943
631 239 42233 32547 2062 1981 2046 1954 23953 31252 2025 1948 2050 1971 2040 1952 2034 1966 2026 1943
632 239 42233 32547 2062 1981 2046 1954 23953 31252 2025 1948 2050 1971 2040 1952 2034 1966 2026 1943
633 239 42233 32547 2062 1981 2046 1954 23953 31252 2025 1948 2050 1971 2040 1952 2034 1966 2026 1943
634 240 42232 32337 2062 1980 2045 1950 23953 31252 2027 1950 2045 1966 2038 1949 2033 1965 2023 1949
635 240 42232 32337 2062 1980 2045 1950 23953 31252 2027 1950 2045 1966 2038 1949 2033 1965 2023 1949
636 240 42232 32337 2062 1980 2045 1950 23953 31252 2027 1950 2045 1966 2038 1949 2033 1965 2023 1949
637 240 42232 32337 2062 1980 2045 1950 23953 31252 2027 1950 2045 1966 2038 1949 2033 1965 2023 1949
638 240 42232 32337 2062 1980 2045 1950 23953 31252 2027 1950 2045 1966 2038 1949 2033 1965 2023 1949
639 241 42230 32285 2061 1984 2043 1951 23954 31251 2024 1945 2050 1968 2039 1954 2035 1964 2024 1946
640 241 42230 32285 2061 1984 2043 1951 23954 31251 2024 1945 2050 1968 2039 1954 2035 1964 2024 1946
641 241 42230 32285 2061 1984 2043 1951 23954 31251 2024 1945 2050 1968 2039 1954 2035 1964 2024 1946
642 241 42230 32285 2061 1984 2043 1951 23954 31251 2024 1945 2050 1968 2039 1954 2035 1964 2024 1946
643 241 42230 32285 2061 1984 2043 1951 23954 31251 2024 1945 2050 1968 2039 1954 2035 1964 2024 1946
644 242 42230 32585 2059 1980 2045 1951 23948 31249 2027 1949 2049 1965 2038 1951 2035 1965 2023 1946
645 242 42230 32585 2059 1980 2045 1951 23948 31249 2027 1949 2049 1965 2038 1951 2035 1965 2023 1946
646 242 42230 32585 2059 1980 2045 1951 23948 31249 2027 1949 2049 1965 2038 1951 2035 1965 2023 1946
647 242 42230 32585 2059 1980 2045 1951 23948 31249 2027 1949 2049 1965 2038 1951 2035 1965 2023 1946
648 242 42230 32585 2059 1980 2045 1951 23948 31249 2027 1949 2049 1965 2038 1951 2035 1965 2023 1946
649 243 42228 32255 2062 1984 2046 1954 23945 31244 2024 1944 2047 1969 2039 1954 2033 1965 2021 1949
650 243 42228 32255 2062 1984 2046 1954 23945 31244 2024 1944 2047 1969 2039 1954 2033 1965 2021 1949
651 243 42228 32255 2062 1984 2046 1954 23945 31244 2024 1944 2047 1969 2039 1954 2033 1965 2021 1949
652 243 42228 32255 2062 1984 2046 1954 23945 31244 2024 1944 2047 1969 2039 1954 2033 1965 2021 1949
653 243 42228 32255 2062 1984 2046 1954 23945 31244 2024 1944 2047 1969 2039 1954 2033 1965 2021 1949
654 244 42226 31888 2058 1982 2047 1952 23949 31248 2024 1947 2049 1964 2039 1953 2030 1966 2023 1945
655 244 42226 31888 2058 1982 2047 1952 23949 31248 2024 1947 2049 1964 2039 1953 2030 1966 2023 1945
656 244 42226 31888 2058 1982 2047 1952 23949 31248 2024 1947 2049 1964 2039 1953 2030 1966 2023 1945
657 244 42226 31888 2058 1982 2047 1952 23949 31248 2024 1947 2049 1964 2039 1953 2030 1966 2023 1945
658 244 42226 31888 2058 1982 2047 1952 23949 31248 2024 1947 2049 1964 2039 1953 2030 1966 2023 1945
659 245 42227 32255 2062 1982 2046 1953 23946 31244 2024 1946 2047 1969 2040 1950 2033 1962 2022 1947
660 245 42227 32255 2062 1982 2046 1953 23946 31244 2024 1946 2047 1969 2040 1950 2033 1962 2022 1947
661 245 42227 32255 2062 1982 2046 1953 23946 31244 2024 1946 2047 1969 2040 1950 2033 1962 2022 1947
662 245 42227 32255 2062 1982 2046 1953 23946 31244 2024 1946 2047 1969 2040 1950 2033 1962 2022 1947
663 245 42227 32255 2062 1982 2046 1953 23946 31244 2024 1946 2047 1969 2040 1950 2033 1962 2022 1947
664 246 42225 31846 2060 1982 2046 1951 23943 31245 2025 1947 2046 1966 2039 1951 2033 1965 2026 1949
665 246 42225 31846 2060 1982 2046 1951 23943 31245 2025 1947 2046 1966 2039 1951 2033 1965 2026 1949
666 246 42225 31846 2060 1982 2046 1951 23943 31245 2025 1947 2046 1966 2039 1951 2033 1965 2026 1949
667 246 42225 31846 2060 1982 2046 1951 23943 31245 2025 1947 2046 1966 2039 1951 2033 1965 2026 1949
668 246 42225 31846 2060 1982 2046 1951 23943 31245 2025 1947 2046 1966 2039 1951 2033 1965 2026 1949
669 247 42223 32202 2060 1985 2044 1952 23944 31246 2027 1948 2047 1966 2039 1951 2035 1965 2024 1946
670 247 42223 32202 2060 1985 2044 1952 23944 31246 2027 1948 2047 1966 2039 1951 2035 1965 2024 1946
671 247 42223 32202 2060 1985 2044 1952 23944 31246 2027 1948 2047 1966 2039 1951 2035 1965 2024 1946
672 247 42223 32202 2060 1985 2044 1952 23944 31246 2027 1948 2047 1966 2039 1951 2035 1965 2024 1946
673 248 42222 32908 2060 1980 2043 1953 23946 31243 2025 1946 2044 1967 2038 1954 2033 1968 2023 1948
674 248 42222 32908 2060 1980 2043 1953 23946 31243 2025 1946 2044 1967 2038 1954 2033 1968 2023 1948
675 248 42222 32908 2060 1980 2043 1953 23946 31243 2025 1946 2044 1967 2038 1954 2033 1968 2023 1948
676 248 42222 32908 2060 1980 2043 1953 23946 31243 2025 1946 2044 1967 2038 1954 2033 1968 2023 1948
677 248 42222 32908 2060 1980 2043 1953 23946 31243 2025 1946 2044 1967 2038 1954 2033 1968 2023 1948
678 249 42221 32351 2060 1983 2045 1951 23945 31244 2026 1948 2048 1969 2036 1950 2032 1965 2024 1947
679 249 42221 32351 2060 1983 2045 1951 23945 31244 2026 1948 2048 1969 2036 1950 2032 1965 2024 1947
680 249 42221 32351 2060 1983 2045 1951 23945 31244 2026 1948 2048 1969 2036 1950 2032 1965 2024 1947
681 249 42221 32351 2060 1983 2045 1951 23945 31244 2026 1948 2048 1969 2036 1950 2032 1965 2024 1947
682 249 42221 32351 2060 1983 2045 1951 23945 31244 2026 1948 2048 1969 2036 1950 2032 1965 2024 1947
683 250 42220 32772 2063 1983 2044 1950 23944 31243 2025 1945 2048 1968 2040 1953 2032 1965 2023 1950
684 250 42220 32772 2063 1983 2044 1950 23944 31243 2025 1945 2048 1968 2040 1953 2032 1965 2023 1950
685 250 42220 32772 2063 1983 2044 1950 23944 31243 2025 1945 2048 1968 2040 1953 2032 1965 2023 1950
686 250 42220 32772 2063 1983 2044 1950 23944 31243 2025 1945 2048 1968 2040 1953 2032 1965 2023 1950
687 250 42220 32772 2063 1983 2044 1950 23944 31243 2025 1945 2048 1968 2040 1953 2032 1965 2023 1950
688 251 42218 32788 2064 1982 2042 1952 23946 31247 2026 1944 2049 1969 2040 1954 2033 1967 2023 1944
689 251 42218 32788 2064 1982 2042 1952 23946 31247 2026 1944 2049 1969 2040 1954 2033 1967 2023 1944
690 251 42218 32788 2064 1982 2042 1952 23946 31247 2026 1944 2049 1969 2040 1954 2033 1967 2023 1944
691 251 42218 32788 2064 1982 2042 1952 23946 31247 2026 1944 2049 1969 2040 1954 2033 1967 2023 1944
692 251 42218 32788 2064 1982 2042 1952 23946 31247 2026 1944 2049 1969 2040 1954 2033 1967 2023 1944
693 252 42217 32542 2060 1981 2049 1954 23944 31247 2023 1948 2045 1967 2040 1953 2033 1967 2022 1948
694 252 42217 32542 2060 1981 2049 1954 23944 31247 2023 1948 2045 1967 2040 1953 2033 1967 2022 1948
695 252 42217 32542 2060 1981 2049 1954 23944 31247 2023 1948 2045 1967 2040 1953 2033 1967 2022 1948
696 252 42217 32542 2060 1981 2049 1954 23944 31247 2023 1948 2045 1967 2040 1953 2033 1967 2022 1948
697 252 42217 32542 2060 1981 2049 1954 23944 31247 2023 1948 2045 1967 2040 1953 2033 1967 2022 1948
698 253 42216 32695 2064 1980 2045 1952 23943 31243 2025 1947 2052 1968 2039 1954 2029 1966 2024 1946
699 253 42216 32695 2064 1980 2045 1952 23943 31243 2025 1947 2052 1968 2039 1954 2029 1966 2024 1946
700 253 42216 32695 2064 1980 2045 1952 23943 31243 2025 1947 2052 1968 2039 1954 2029 1966 2024 1946
701 253 42216 32695 2064 1980 2045 1952 23943 31243 2025 1947 2052 1968 2039 1954 2029 1966 2024 1946
702 253 42216 32695 2064 1980 2045 1952 23943 31243 2025 1947 2052 1968 2039 1954 2029 1966 2024 1946
703 254 42215 32351 2062 1983 2045 1952 23944 31241 2026 1945 2046 1965 2040 1950 2035 1965 2020 1948
704 254 42215 32351 2062 1983 2045 1952 23944 31241 2026 1945 2046 1965 2040 1950 2035 1965 2020 1948
705 254 42215 32351 2062 1983 2045 1952 23944 31241 2026 1945 2046 1965 2040 1950 2035 1965 2020 1948
706 254 42215 32351 2062 1983 2045 1952 23944 31241 2026 1945 2046 1965 2040 1950 2035 1965 2020 1948
707 254 42215 32351 2062 1983 2045 1952 23944 31241 2026 1945 2046 1965 2040 1950 2035 1965 2020 1948
708 255 42216 32343 2062 1982 2044 1953 23949 31241 2026 1942 2047 1963 2041 1953 2033 1964 2023 1944
709 255 42216 32343 2062 1982 2044 1953 23949 31241 2026 1942 2047 1963 2041 1953 2033 1964 2023 1944
710 255 42216 32343 2062 1982 2044 1953 23949 31241 2026 1942 2047 1963 2041 1953 2033 1964 2023 1944
711 255 42216 32343 2062 1982 2044 1953 23949 31241 2026 1942 2047 1963 2041 1953 2033 1964 2023 1944
712 255 42216 32343 2062 1982 2044 1953 23949 31241 2026 1942 2047 1963 2041 1953 2033 1964 2023 1944
713 256 42214 32386 2061 1982 2044 1950 23942 31237 2023 1946 2048 1966 2040 1949 2033 1965 2019 1948
714 256 42214 32386 2061 1982 2044 1950 23942 31237 2023 1946 2048 1966 2040 1949 2033 1965 2019 1948
715 256 42214 32386 2061 1982 2044 1950 23942 31237 2023 1946 2048 1966 2040 1949 2033 1965 2019 1948
716 256 42214 32386 2061 1982 2044 1950 23942 31237 2023 1946 2048 1966 2040 1949 2033 1965 2019 1948
717 256 42214 32386 2061 1982 2044 1950 23942 31237 2023 1946 2048 1966 2040 1949 2033 1965 2019 1948
718 257 42213 32421 2066 1981 2045 1952 23943 31239 2026 1945 2049 1967 2040 1952 2031 1963 2026 1948
719 257 42213 32421 2066 1981 2045 1952 23943 31239 2026 1945 2049 1967 2040 1952 2031 1963 2026 1948
720 257 42213 32421 2066 1981 2045 1952 23943 31239 2026 1945 2049 1967 2040 1952 2031 1963 2026 1948
721 257 42213 32421 2066 1981 2045 1952 23943 31239 2026 1945 2049 1967 2040 1952 2031 1963 2026 1948
722 257 42213 32421 2066 1981 2045 1952 23943 31239 2026 1945 2049 1967 2040 1952 2031 1963 2026 1948
723 258 42211 32549 2063 1981 2045 1952 23944 31241 2025 1947 2047 1965 2040 1950 2034 1966 2022 1944
724 258 42211 32549 2063 1981 2045 1952 23944 31241 2025 1947 2047 1965 2040 1950 2034 1966 2022 1944
725 258 42211 32549 2063 1981 2045 1952 23944 31241 2025 1947 2047 1965 2040 1950 2034 1966 2022 1944
726 258 42211 32549 2063 1981 2045 1952 23944 31241 2025 1947 2047 1965 2040 1950 2034 1966 2022 1944
727 258 42211 32549 2063 1981 2045 1952 23944 31241 2025 1947 2047 1965 2040 1950 2034 1966 2022 1944
728 259 42211 32850 2065 1981 2046 1949 23936 31233 2023 1948 2049 1967 2038 1952 2035 1966 2023 1947
729 259 42211 32850 2065 1981 2046 1949 23936 31233 2023 1948 2049 1967 2038 1952 2035 1966 2023 1947
730 259 42211 32850 2065 1981 2046 1949 23936 31233 2023 1948 2049 1967 2038 1952 2035 1966 2023 1947
731 259 42211 32850 2065 1981 2046 1949 23936 31233 2023 1948 2049 1967 2038 1952 2035 1966 2023 1947
732 259 42211 32850 2065 1981 2046 1949 23936 31233 2023 1948 2049 1967 2038 1952 2035 1966 2023 1947
733 260 42209 32533 2061 1982 2044 1951 23937 31234 2026 1946 2047 1969 2039 1950 2032 1965 2023 1947
734 260 42209 32533 2061 1982 2044 1951 23937 31234 2026 1946 2047 1969 2039 1950 2032 1965 2023 1947
735 260 42209 32533 2061 1982 2044 1951 23937 31234 2026 1946 2047 1969 2039 1950 2032 1965 2023 1947
736 260 42209 32533 2061 1982 2044 1951 23937 31234 2026 1946 2047 1969 2039 1950 2032 1965 2023 1947
737 260 42209 32533 2061 1982 2044 1951 23937 31234 2026 1946 2047 1969 2039 1950 2032 1965 2023 1947
738 261 42209 32309 2063 1982 2046 1953 23937 31236 2024 1945 2048 1968 2038 1952 2032 1965 2021 1946
739 261 42209 32309 2063 1982 2046 1953 23937 31236 2024 1945 2048 1968 2038 1952 2032 1965 2021 1946
740 261 42209 32309 2063 1982 2046 1953 23937 31236 2024 1945 2048 1968 2038 1952 2032 1965 2021 1946
741 261 42209 32309 2063 1982 2046 1953 23937 31236 2024 1945 2048 1968 2038 1952 2032 1965 2021 1946
742 262 42207 32325 2064 1981 2043 1954 23937 31232 2022 1946 2049 1968 2038 1949 2034 1964 2021 1944
743 262 42207 32325 2064 1981 2043 1954 23937 31232 2022 1946 2049 1968 2038 1949 2034 1964 2021 1944
744 262 42207 32325 2064 1981 2043 1954 23937 31232 2022 1946 2049 1968 2038 1949 2034 1964 2021 1944
745 262 42207 32325 2064 1981 2043 1954 23937 31232 2022 1946 2049 1968 2038 1949 2034 1964 2021 1944
746 262 42207 32325 2064 1981 2043 1954 23937 31232 2022 1946 2049 1968 2038 1949 2034 1964 2021 1944
747 263 42206 32732 2060 1981 2044 1950 23931 31232 2022 1950 2049 1965 2039 1952 2030 1962 2023 1947
748 263 42206 32732 2060 1981 2044 1950 23931 31232 2022 1950 2049 1965 2039 1952 2030 1962 2023 1947
749 263 42206 32732 2060 1981 2044 1950 23931 31232 2022 1950 2049 1965 2039 1952 2030 1962 2023 1947
750 263 42206 32732 2060 1981 2044 1950 23931 31232 2022 1950 2049 1965 2039 1952 2030 1962 2023 1947
751 263 42206 32732 2060 1981 2044 1950 23931 31232 2022 1950 2049 1965 2039 1952 2030 1962 2023 1947
752 264 42206 32483 2060 1979 2046 1953 23932 31232 2024 1945 2050 1965 2038 1949 2034 1965 2022 1943
753 264 42206 32483 2060 1979 2046 1953 23932 31232 2024 1945 2050 1965 2038 1949 2034 1965 2022 1943
754 264 42206 32483 2060 1979 2046 1953 23932 31232 2024 1945 2050 1965 2038 1949 2034 1965 2022 1943
755 264 42206 32483 2060 1979 2046 1953 23932 31232 2024 1945 2050 1965 2038 1949 2034 1965 2022 1943
756 264 42206 32483 2060 1979 2046 1953 23932 31232 2024 1945 2050 1965 2038 1949 2034 1965 2022 1943
757 265 42205 32828 2062 1980 2044 1952 23937 31231 2028 1947 2050 1966 2036 1950 2032 1966 2022 1946
758 265 42205 32828 2062 1980 2044 1952 23937 31231 2028 1947 2050 1966 2036 1950 2032 1966 2022 1946
759 265 42205 32828 2062 1980 2044 1952 23937 31231 2028 1947 2050 1966 2036 1950 2032 1966 2022 1946
760 265 42205 32828 2062 1980 2044 1952 23937 31231 2028 1947 2050 1966 2036 1950 2032 1966 2022 1946
761 265 42205 32828 2062 1980 2044 1952 23937 31231 2028 1947 2050 1966 2036 1950 2032 1966 2022 1946
762 266 42204 32173 2061 1984 2043 1950 23934 31230 2024 1945 2047 1966 2038 1951 2031 1964 2023 1945
763 266 42204 32173 2061 1984 2043 1950 23934 31230 2024 1945 2047 1966 2038 1951 2031 1964 2023 1945
764 266 42204 32173 2061 1984 2043 1950 23934 31230 2024 1945 2047 1966 2038 1951 2031 1964 2023 1945
765 266 42204 32173 2061 1984 2043 1950 23934 31230 2024 1945 2047 1966 2038 1951 2031 1964 2023 1945
766 266 42204 32173 2061 1984 2043 1950 23934 31230 2024 1945 2047 1966 2038 1951 2031 1964 2023 1945
767 267 42203 32778 2064 1982 2042 1955 23932 31229 2026 1943 2050 1966 2037 1950 2034 1966 2025 1947
768 267 42203 32778 2064 1982 2042 1955 23932 31229 2026 1943 2050 1966 2037 1950 2034 1966 2025 1947
769 267 42203 32778 2064 1982 2042 1955 23932 31229 2026 1943 2050 1966 2037 1950 2034 1966 2025 1947
770 267 42203 32778 2064 1982 2042 1955 23932 31229 2026 1943 2050 1966 2037 1950 2034 1966 2025 1947
771 267 42203 32778 2064 1982 2042 1955 23932 31229 2026 1943 2050 1966 2037 1950 2034 1966 2025 1947
772 268 42201 32772 2061 1981 2042 1953 23933 31227 2026 1945 2052 1964 2039 1953 2032 1965 2021 1944
773 268 42201 32772 2061 1981 2042 1953 23933 31227 2026 1945 2052 1964 2039 1953 2032 1965 2021 1944
774 268 42201 32772 2061 1981 2042 1953 23933 31227 2026 1945 2052 1964 2039 1953 2032 1965 2021 1944
775 268 42201 32772 2061 1981 2042 1953 23933 31227 2026 1945 2052 1964 2039 1953 2032 1965 2021 1944
776 268 42201 32772 2061 1981 2042 1953 23933 31227 2026 1945 2052 1964 2039 1953 2032 1965 2021 1944
777 269 42201 32431 2058 1981 2048 1952 23930 31225 2023 1946 2050 1966 2038 1951 2028 1963 2023 1945
778 269 42201 32431 2058 1981 2048 1952 23930 31225 2023 1946 2050 1966 2038 1951 2028 1963 2023 1945
779 269 42201 32431 2058 1981 2048 1952 23930 31225 2023 1946 2050 1966 2038 1951 2028 1963 2023 1945
780 269 42201 32431 2058 1981 2048 1952 23930 31225 2023 1946 2050 1966 2038 1951 2028 1963 2023 1945
781 269 42201 32431 2058 1981 2048 1952 23930 31225 2023 1946 2050 1966 2038 1951 2028 1963 2023 1945
782 270 42202 32648 2062 1980 2040 1951 23930 31225 2027 1947 2048 1967 2037 1947 2036 1964 2021 1942
783 270 42202 32648 2062 1980 2040 1951 23930 31225 2027 1947 2048 1967 2037 1947 2036 1964 2021 1942
784 270 42202 32648 2062 1980 2040 1951 23930 31225 2027 1947 2048 1967 2037 1947 2036 1964 2021 1942
785 270 42202 32648 2062 1980 2040 1951 23930 31225 2027 1947 2048 1967 2037 1947 2036 1964 2021 1942
786 270 42202 32648 2062 1980 2040 1951 23930 31225 2027 1947 2048 1967 2037 1947 2036 1964 2021 1942
787 271 42198 32714 2062 1983 2041 1952 23928 31225 2021 1948 2050 1966 2040 1953 2034 1966 2024 1944
788 271 42198 32714 2062 1983 2041 1952 23928 31225 2021 1948 2050 1966 2040 1953 2034 1966 2024 1944
789 271 42198 32714 2062 1983 2041 1952 23928 31225 2021 1948 2050 1966 2040 1953 2034 1966 2024 1944
790 271 42198 32714 2062 1983 2041 1952 23928 31225 2021 1948 2050 1966 2040 1953 2034 1966 2024 1944
791 271 42198 32714 2062 1983 2041 1952 23928 31225 2021 1948 2050 1966 2040 1953 2034 1966 2024 1944
792 272 42198 32528 2063 1984 2044 1952 23927 31223 2024 1951 2046 1967 2040 1953 2032 1963 2022 1946
793 272 42198 32528 2063 1984 2044 1952 23927 31223 2024 1951 2046 1967 2040 1953 2032 1963 2022 1946
794 272 42198 32528 2063 1984 2044 1952 23927 31223 2024 1951 2046 1967 2040 1953 2032 1963 2022 1946
795 272 42198 32528 2063 1984 2044 1952 23927 31223 2024 1951 2046 1967 2040 1953 2032 1963 2022 1946
796 272 42198 32528 2063 1984 2044 1952 23927 31223 2024 1951 2046 1967 2040 1953 2032 1963 2022 1946
797 273 42197 32097 2062 1980 2042 1953 23926 31222 2025 1946 2049 1967 2038 1954 2035 1964 2020 1950
798 273 42197 32097 2062 1980 2042 1953 23926 31222 2025 1946 2049 1967 2038 1954 2035 1964 2020 1950
799 273 42197 32097 2062 1980 2042 1953 23926 31222 2025 1946 2049 1967 2038 1954 2035 1964 2020 1950
800 273 42197 32097 2062 1980 2042 1953 23926 31222 2025 1946 2049 1967 2038 1954 2035 1964 2020 1950
801 273 42197 32097 2062 1980 2042 1953 23926 31222 2025 1946 2049 1967 2038 1954 2035 1964 2020 1950
802 274 42197 32913 2064 1980 2042 1950 23928 31219 2028 1950 2047 1966 2041 1949 2033 1964 2023 1946
803 274 42197 32913 2064 1980 2042 1950 23928 31219 2028 1950 2047 1966 2041 1949 2033 1964 2023 1946
804 274 42197 32913 2064 1980 2042 1950 23928 31219 2028 1950 2047 1966 2041 1949 2033 1964 2023 1946
805 274 42197 32913 2064 1980 2042 1950 23928 31219 2028 1950 2047 1966 2041 1949 2033 1964 2023 1946
806 274 42197 32913 2064 1980 2042 1950 23928 31219 2028 1950 2047 1966 2041 1949 2033 1964 2023 1946
807 275 42195 32166 2064 1985 2043 1954 23926 31227 2025 1945 2048 1967 2040 1951 2032 1963 2023 1947
808 275 42195 32166 2064 1985 2043 1954 23926 31227 2025 1945 2048 1967 2040 1951 2032 1963 2023 1947
809 275 42195 32166 2064 1985 2043 1954 23926 31227 2025 1945 2048 1967 2040 1951 2032 1963 2023 1947
810 275 42195 32166 2064 1985 2043 1954 23926 31227 2025 1945 2048 1967 2040 1951 2032 1963 2023 1947
811 275 42195 32166 2064 1985 2043 1954 23926 31227 2025 1945 2048 1967 2040 1951 2032 1963 2023 1947
812 276 42195 32618 2064 1983 2043 1950 23925 31219 2025 1945 2048 1961 2038 1952 2034 1964 2021 1946
813 276 42195 32618 2064 1983 2043 1950 23925 31219 2025 1945 2048 1961 2038 1952 2034 1964 2021 1946
814 276 42195 32618 2064 1983 2043 1950 23925 31219 2025 1945 2048 1961 2038 1952 2034 1964 2021 1946
815 276 42195 32618 2064 1983 2043 1950 23925 31219 2025 1945 2048 1961 2038 1952 2034 1964 2021 1946
816 277 42194 32545 2059 1981 2045 1952 23923 31222 2021 1945 2046 1968 2040 1950 2032 1968 2022 1947
817 277 42194 32545 2059 1981 2045 1952 23923 31222 2021 1945 2046 1968 2040 1950 2032 1968 2022 1947
818 277 42194 32545 2059 1981 2045 1952 23923 31222 2021 1945 2046 1968 2040 1950 2032 1968 2022 1947
819 277 42194 32545 2059 1981 2045 1952 23923 31222 2021 1945 2046 1968 2040 1950 2032 1968 2022 1947
820 277 42194 32545 2059 1981 2045 1952 23923 31222 2021 1945 2046 1968 2040 1950 2032 1968 2022 1947
821 278 42193 32278 2061 1982 2044 1951 23921 31214 2027 1946 2047 1967 2042 1951 2036 1962 2021 1947
822 278 42193 32278 2061 1982 2044 1951 23921 31214 2027 1946 2047 1967 2042 1951 2036 1962 2021 1947
823 278 42193 32278 2061 1982 2044 1951 23921 31214 2027 1946 2047 1967 2042 1951 2036 1962 2021 1947
824 278 42193 32278 2061 1982 2044 1951 23921 31214 2027 1946 2047 1967 2042 1951 2036 1962 2021 1947
825 278 42193 32278 2061 1982 2044 1951 23921 31214 2027 1946 2047 1967 2042 1951 2036 1962 2021 1947
826 279 42191 32569 2063 1981 2042 1954 23923 31218 2025 1947 2049 1966 2040 1955 2032 1963 2023 1945
827 279 42191 32569 2063 1981 2042 1954 23923 31218 2025 1947 2049 1966 2040 1955 2032 1963 2023 1945
828 279 42191 32569 2063 1981 2042 1954 23923 31218 2025 1947 2049 1966 2040 1955 2032 1963 2023 1945
829 279 42191 32569 2063 1981 2042 1954 23923 31218 2025 1947 2049 1966 2040 1955 2032 1963 2023 1945
830 279 42191 32569 2063 1981 2042 1954 23923 31218 2025 1947 2049 1966 2040 1955 2032 1963 2023 1945
831 280 42191 32612 2060 1982 2048 1955 23924 31215 2022 1947 2050 1964 2038 1951 2032 1964 2021 1946
832 280 42191 32612 2060 1982 2048 1955 23924 31215 2022 1947 2050 1964 2038 1951 2032 1964 2021 1946
833 280 42191 32612 2060 1982 2048 1955 23924 31215 2022 1947 2050 1964 2038 1951 2032 1964 2021 1946
834 280 42191 32612 2060 1982 2048 1955 23924 31215 2022 1947 2050 1964 2038 1951 2032 1964 2021 1946
835 280 42191 32612 2060 1982 2048 1955 23924 31215 2022 1947 2050 1964 2038 1951 2032 1964 2021 1946
836 281 42191 32213 2061 1981 2046 1952 23926 31218 2029 1949 2050 1968 2038 1953 2031 1965 2022 1949
837 281 42191 32213 2061 1981 2046 1952 23926 31218 2029 1949 2050 1968 2038 1953 2031 1965 2022 1949
838 281 42191 32213 2061 1981 2046 1952 23926 31218 2029 1949 2050 1968 2038 1953 2031 1965 2022 1949
839 281 42191 32213 2061 1981 2046 1952 23926 31218 2029 1949 2050 1968 2038 1953 2031 1965 2022 1949
840 281 42191 32213 2061 1981 2046 1952 23926 31218 2029 1949 2050 1968 2038 1953 2031 1965 2022 1949
841 282 42190 32399 2063 1978 2044 1951 23924 31217 2025 1947 2047 1964 2037 1948 2031 1965 2022 1946
842 282 42190 32399 2063 1978 2044 1951 23924 31217 2025 1947 2047 1964 2037 1948 2031 1965 2022 1946
843 282 42190 32399 2063 1978 2044 1951 23924 31217 2025 1947 2047 1964 2037 1948 2031 1965 2022 1946
844 282 42190 32399 2063 1978 2044 1951 23924 31217 2025 1947 2047 1964 2037 1948 2031 1965 2022 1946
845 282 42190 32399 2063 1978 2044 1951 23924 31217 2025 1947 2047 1964 2037 1948 2031 1965 2022 1946
846 283 42188 32550 2063 1983 2044 1952 23921 31215 2026 1947 2047 1966 2040 1955 2031 1966 2022 1948
847 283 42188 32550 2063 1983 2044 1952 23921 31215 2026 1947 2047 1966 2040 1955 2031 1966 2022 1948
848 283 42188 32550 2063 1983 2044 1952 23921 31215 2026 1947 2047 1966 2040 1955 2031 1966 2022 1948
849 283 42188 32550 2063 1983 2044 1952 23921 31215 2026 1947 2047 1966 2040 1955 2031 1966 2022 1948
850 283 42188 32550 2063 1983 2044 1952 23921 31215 2026 1947 2047 1966 2040 1955 2031 1966 2022 1948
851 284 42188 32318 2059 1979 2041 1950 23923 31219 2023 1946 2047 1962 2040 1950 2034 1966 2023 1948
852 284 42188 32318 2059 1979 2041 1950 23923 31219 2023 1946 2047 1962 2040 1950 2034 1966 2023 1948
853 284 42188 32318 2059 1979 2041 1950 23923 31219 2023 1946 2047 1962 2040 1950 2034 1966 2023 1948
854 284 42188 32318 2059 1979 2041 1950 23923 31219 2023 1946 2047 1962 2040 1950 2034 1966 2023 1948
855 284 42188 32318 2059 1979 2041 1950 23923 31219 2023 1946 2047 1962 2040 1950 2034 1966 2023 1948
856 285 42187 32497 2062 1980 2046 1953 23918 31211 2029 1946 2048 1967 2036 1950 2029 1966 2025 1946
857 285 42187 32497 2062 1980 2046 1953 23918 31211 2029 1946 2048 1967 2036 1950 2029 1966 2025 1946
858 285 42187 32497 2062 1980 2046 1953 23918 31211 2029 1946 2048 1967 2036 1950 2029 1966 2025 1946
859 285 42187 32497 2062 1980 2046 1953 23918 31211 2029 1946 2048 1967 2036 1950 2029 1966 2025 1946
860 285 42187 32497 2062 1980 2046 1953 23918 31211 2029 1946 2048 1967 2036 1950 2029 1966 2025 1946
861 286 42188 32259 2060 1980 2043 1951 23917 31209 2025 1946 2049 1968 2039 1951 2036 1966 2022 1945
862 286 42188 32259 2060 1980 2043 1951 23917 31209 2025 1946 2049 1968 2039 1951 2036 1966 2022 1945
863 286 42188 32259 2060 1980 2043 1951 23917 31209 2025 1946 2049 1968 2039 1951 2036 1966 2022 1945
864 286 42188 32259 2060 1980 2043 1951 23917 31209 2025 1946 2049 1968 2039 1951 2036 1966 2022 1945
865 286 42188 32259 2060 1980 2043 1951 23917 31209 2025 1946 2049 1968 2039 1951 2036 1966 2022 1945
866 287 42186 32632 2063 1980 2042 1951 23914 31210 2024 1949 2046 1968 2041 1950 2033 1964 2024 1947
867 287 42186 32632 2063 1980 2042 1951 23914 31210 2024 1949 2046 1968 2041 1950 2033 1964 2024 1947
868 287 42186 32632 2063 1980 2042 1951 23914 31210 2024 1949 2046 1968 2041 1950 2033 1964 2024 1947
869 287 42186 32632 2063 1980 2042 1951 23914 31210 2024 1949 2046 1968 2041 1950 2033 1964 2024 1947
870 287 42186 32632 2063 1980 2042 1951 23914 31210 2024 1949 2046 1968 2041 1950 2033 1964 2024 1947
871 288 42184 31925 2061 1979 2042 1950 23917 31213 2025 1944 2048 1965 2038 1950 2030 1966 2022 1944
872 288 42184 31925 2061 1979 2042 1950 23917 31213 2025 1944 2048 1965 2038 1950 2030 1966 2022 1944
873 288 42184 31925 2061 1979 2042 1950 23917 31213 2025 1944 2048 1965 2038 1950 2030 1966 2022 1944
874 288 42184 31925 2061 1979 2042 1950 23917 31213 2025 1944 2048 1965 2038 1950 2030 1966 2022 1944
875 288 42184 31925 2061 1979 2042 1950 23917 31213 2025 1944 2048 1965 2038 1950 2030 1966 2022 1944
876 289 42183 32799 2060 1984 2042 1953 23915 31210 2026 1947 2052 1967 2040 1949 2032 1965 2019 1946
877 289 42183 32799 2060 1984 2042 1953 23915 31210 2026 1947 2052 1967 2040 1949 2032 1965 2019 1946
878 289 42183 32799 2060 1984 2042 1953 23915 31210 2026 1947 2052 1967 2040 1949 2032 1965 2019 1946
879 289 42183 32799 2060 1984 2042 1953 23915 31210 2026 1947 2052 1967 2040 1949 2032 1965 2019 1946
880 289 42183 32799 2060 1984 2042 1953 23915 31210 2026 1947 2052 1967 2040 1949 2032 1965 2019 1946
881 290 42183 32308 2065 1980 2045 1952 23916 31206 2025 1946 2046 1965 2041 1949 2035 1964 2024 1946
882 290 42183 32308 2065 1980 2045 1952 23916 31206 2025 1946 2046 1965 2041 1949 2035 1964 2024 1946
883 290 42183 32308 2065 1980 2045 1952 23916 31206 2025 1946 2046 1965 2041 1949 2035 1964 2024 1946
884 290 42183 32308 2065 1980 2045 1952 23916 31206 2025 1946 2046 1965 2041 1949 2035 1964 2024 1946
885 290 42183 32308 2065 1980 2045 1952 23916 31206 2025 1946 2046 1965 2041 1949 2035 1964 2024 1946
886 291 42182 32390 2065 1982 2045 1954 23914 31204 2026 1946 2049 1966 2039 1951 2032 1964 2022 1948
887 291 42182 32390 2065 1982 2045 1954 23914 31204 2026 1946 2049 1966 2039 1951 2032 1964 2022 1948
888 291 42182 32390 2065 1982 2045 1954 23914 31204 2026 1946 2049 1966 2039 1951 2032 1964 2022 1948
889 291 42182 32390 2065 1982 2045 1954 23914 31204 2026 1946 2049 1966 2039 1951 2032 1964 2022 1948
890 292 42181 32713 2061 1981 2042 1951 23915 31206 2024 1945 2050 1966 2040 1952 2032 1963 2020 1949
891 292 42181 32713 2061 1981 2042 1951 23915 31206 2024 1945 2050 1966 2040 1952 2032 1963 2020 1949
892 292 42181 32713 2061 1981 2042 1951 23915 31206 2024 1945 2050 1966 2040 1952 2032 1963 2020 1949
893 292 42181 32713 2061 1981 2042 1951 23915 31206 2024 1945 2050 1966 2040 1952 2032 1963 2020 1949
894 292 42181 32713 2061 1981 2042 1951 23915 31206 2024 1945 2050 1966 2040 1952 2032 1963 2020 1949
895 293 42181 32399 2063 1982 2044 1954 23915 31207 2026 1945 2048 1964 2038 1952 2031 1963 2021 1948
896 293 42181 32399 2063 1982 2044 1954 23915 31207 2026 1945 2048 1964 2038 1952 2031 1963 2021 1948
897 293 42181 32399 2063 1982 2044 1954 23915 31207 2026 1945 2048 1964 2038 1952 2031 1963 2021 1948
898 293 42181 32399 2063 1982 2044 1954 23915 31207 2026 1945 2048 1964 2038 1952 2031 1963 2021 1948
899 293 42181 32399 2063 1982 2044 1954 23915 31207 2026 1945 2048 1964 2038 1952 2031 1963 2021 1948
900 294 42179 32540 2059 1979 2046 1951 23912 31207 2026 1948 2047 1965 2036 1951 2033 1964 2023 1948
901 294 42179 32540 2059 1979 2046 1951 23912 31207 2026 1948 2047 1965 2036 1951 2033 1964 2023 1948
902 294 42179 32540 2059 1979 2046 1951 23912 31207 2026 1948 2047 1965 2036 1951 2033 1964 2023 1948
903 294 42179 32540 2059 1979 2046 1951 23912 31207 2026 1948 2047 1965 2036 1951 2033 1964 2023 1948
904 294 42179 32540 2059 1979 2046 1951 23912 31207 2026 1948 2047 1965 2036 1951 2033 1964 2023 1948
905 295 42178 32667 2061 1984 2046 1953 23914 31206 2024 1945 2050 1966 2041 1952 2030 1966 2022 1946
906 295 42178 32667 2061 1984 2046 1953 23914 31206 2024 1945 2050 1966 2041 1952 2030 1966 2022 1946
907 295 42178 32667 2061 1984 2046 1953 23914 31206 2024 1945 2050 1966 2041 1952 2030 1966 2022 1946
908 295 42178 32667 2061 1984 2046 1953 23914 31206 2024 1945 2050 1966 2041 1952 2030 1966 2022 1946
909 295 42178 32667 2061 1984 2046 1953 23914 31206 2024 1945 2050 1966 2041 1952 2030 1966 2022 1946
910 296 42177 32522 2064 1980 2044 1951 23915 31208 2027 1947 2048 1963 2039 1952 2033 1962 2022 1948
911 296 42177 32522 2064 1980 2044 1951 23915 31208 2027 1947 2048 1963 2039 1952 2033 1962 2022 1948
912 296 42177 32522 2064 1980 2044 1951 23915 31208 2027 1947 2048 1963 2039 1952 2033 1962 2022 1948
913 296 42177 32522 2064 1980 2044 1951 23915 31208 2027 1947 2048 1963 2039 1952 2033 1962 2022 1948
914 296 42177 32522 2064 1980 2044 1951 23915 31208 2027 1947 2048 1963 2039 1952 2033 1962 2022 1948
915 297 42177 32347 2062 1983 2043 1954 23912 31205 2023 1948 2047 1965 2038 1950 2029 1964 2025 1946
916 297 42177 32347 2062 1983 2043 1954 23912 31205 2023 1948 2047 1965 2038 1950 2029 1964 2025 1946
917 297 42177 32347 2062 1983 2043 1954 23912 31205 2023 1948 2047 1965 2038 1950 2029 1964 2025 1946
918 297 42177 32347 2062 1983 2043 1954 23912 31205 2023 1948 2047 1965 2038 1950 2029 1964 2025 1946
919 297 42177 32347 2062 1983 2043 1954 23912 31205 2023 1948 2047 1965 2038 1950 2029 1964 2025 1946
920 298 42176 32638 2062 1980 2039 1952 23911 31203 2023 1945 2047 1965 2038 1951 2030 1964 2023 1944
921 298 42176 32638 2062 1980 2039 1952 23911 31203 2023 1945 2047 1965 2038 1951 2030 1964 2023 1944
922 298 42176 32638 2062 1980 2039 1952 23911 31203 2023 1945 2047 1965 2038 1951 2030 1964 2023 1944
923 298 42176 32638 2062 1980 2039 1952 23911 31203 2023 1945 2047 1965 2038 1951 2030 1964 2023 1944
924 298 42176 32638 2062 1980 2039 1952 23911 31203 2023 1945 2047 1965 2038 1951 2030 1964 2023 1944
925 299 42175 32415 2065 1982 2043 1953 23913 31203 2026 1946 2050 1967 2041 1953 2033 1961 2022 1945
926 299 42175 32415 2065 1982 2043 1953 23913 31203 2026 1946 2050 1967 2041 1953 2033 1961 2022 1945
927 299 42175 32415 2065 1982 2043 1953 23913 31203 2026 1946 2050 1967 2041 1953 2033 1961 2022 1945
928 299 42175 32415 2065 1982 2043 1953 23913 31203 2026 1946 2050 1967 2041 1953 2033 1961 2022 1945
929 299 42175 32415 2065 1982 2043 1953 23913 31203 2026 1946 2050 1967 2041 1953 2033 1961 2022 1945
930 300 42175 32401 2060 1980 2047 1949 23914 31208 2024 1947 2047 1965 2038 1950 2033 1963 2020 1948
931 300 42175 32401 2060 1980 2047 1949 23914 31208 2024 1947 2047 1965 2038 1950 2033 1963 2020 1948
932 300 42175 32401 2060 1980 2047 1949 23914 31208 2024 1947 2047 1965 2038 1950 2033 1963 2020 1948
933 300 42175 32401 2060 1980 2047 1949 23914 31208 2024 1947 2047 1965 2038 1950 2033 1963 2020 1948
934 300 42175 32401 2060 1980 2047 1949 23914 31208 2024 1947 2047 1965 2038 1950 2033 1963 2020 1948
935 301 42174 32269 2062 1983 2044 1951 23913 31207 2026 1948 2050 1969 2037 1952 2032 1967 2022 1947
936 301 42174 32269 2062 1983 2044 1951 23913 31207 2026 1948 2050 1969 2037 1952 2032 1967 2022 1947
937 301 42174 32269 2062 1983 2044 1951 23913 31207 2026 1948 2050 1969 2037 1952 2032 1967 2022 1947
938 301 42174 32269 2062 1983 2044 1951 23913 31207 2026 1948 2050 1969 2037 1952 2032 1967 2022 1947
939 301 42174 32269 2062 1983 2044 1951 23913 31207 2026 1948 2050 1969 2037 1952 2032 1967 2022 1947
940 302 42173 32579 2061 1977 2042 1954 23912 31206 2024 1947 2048 1967 2034 1950 2032 1961 2022 1943
941 302 42173 32579 2061 1977 2042 1954 23912 31206 2024 1947 2048 1967 2034 1950 2032 1961 2022 1943
942 302 42173 32579 2061 1977 2042 1954 23912 31206 2024 1947 2048 1967 2034 1950 2032 1961 2022 1943
943 302 42173 32579 2061 1977 2042 1954 23912 31206 2024 1947 2048 1967 2034 1950 2032 1961 2022 1943
944 302 42173 32579 2061 1977 2042 1954 23912 31206 2024 1947 2048 1967 2034 1950 2032 1961 2022 1943
945 303 42172 32500 2064 1981 2046 1954 23911 31204 2024 1948 2048 1967 2039 1952 2032 1968 2021 1945
946 303 42172 32500 2064 1981 2046 1954 23911 31204 2024 1948 2048 1967 2039 1952 2032 1968 2021 1945
947 303 42172 32500 2064 1981 2046 1954 23911 31204 2024 1948 2048 1967 2039 1952 2032 1968 2021 1945
948 303 42172 32500 2064 1981 2046 1954 23911 31204 2024 1948 2048 1967 2039 1952 2032 1968 2021 1945
949 303 42172 32500 2064 1981 2046 1954 23911 31204 2024 1948 2048 1967 2039 1952 2032 1968 2021 1945
950 304 42172 32446 2062 1978 2044 1952 23909 31200 2021 1946 2048 1966 2037 1950 2032 1965 2023 1943
951 304 42172 32446 2062 1978 2044 1952 23909 31200 2021 1946 2048 1966 2037 1950 2032 1965 2023 1943
952 304 42172 32446 2062 1978 2044 1952 23909 31200 2021 1946 2048 1966 2037 1950 2032 1965 2023 1943
953 304 42172 32446 2062 1978 2044 1952 23909 31200 2021 1946 2048 1966 2037 1950 2032 1965 2023 1943
954 304 42172 32446 2062 1978 2044 1952 23909 31200 2021 1946 2048 1966 2037 1950 2032 1965 2023 1943
955 305 42170 32642 2061 1983 2043 1951 23910 31202 2025 1947 2049 1967 2036 1952 2034 1965 2023 1948
956 305 42170 32642 2061 1983 2043 1951 23910 31202 2025 1947 2049 1967 2036 1952 2034 1965 2023 1948
957 305 42170 32642 2061 1983 2043 1951 23910 31202 2025 1947 2049 1967 2036 1952 2034 1965 2023 1948
958 305 42170 32642 2061 1983 2043 1951 23910 31202 2025 1947 2049 1967 2036 1952 2034 1965 2023 1948
959 305 42170 32642 2061 1983 2043 1951 23910 31202 2025 1947 2049 1967 2036 1952 2034 1965 2023 1948
960 306 42170 32459 2062 1979 2041 1952 23909 31199 2025 1946 2049 1968 2037 1952 2032 1967 2023 1947
961 306 42170 32459 2062 1979 2041 1952 23909 31199 2025 1946 2049 1968 2037 1952 2032 1967 2023 1947
962 306 42170 32459 2062 1979 2041 1952 23909 31199 2025 1946 2049 1968 2037 1952 2032 1967 2023 1947
963 306 42170 32459 2062 1979 2041 1952 23909 31199 2025 1946 2049 1968 2037 1952 2032 1967 2023 1947
964 307 42168 32326 2061 1980 2043 1953 23911 31200 2024 1947 2050 1966 2038 1951 2033 1967 2020 1947
965 307 42168 32326 2061 1980 2043 1953 23911 31200 2024 1947 2050 1966 2038 1951 2033 1967 2020 1947
966 307 42168 32326 2061 1980 2043 1953 23911 31200 2024 1947 2050 1966 2038 1951 2033 1967 2020 1947
967 307 42168 32326 2061 1980 2043 1953 23911 31200 2024 1947 2050 1966 2038 1951 2033 1967 2020 1947
968 307 42168 32326 2061 1980 2043 1953 23911 31200 2024 1947 2050 1966 2038 1951 2033 1967 2020 1947
969 308 42168 32216 2062 1980 2042 1950 23906 31199 2025 1944 2049 1964 2039 1953 2033 1961 2021 1947
970 308 42168 32216 2062 1980 2042 1950 23906 31199 2025 1944 2049 1964 2039 1953 2033 1961 2021 1947
971 308 42168 32216 2062 1980 2042 1950 23906 31199 2025 1944 2049 1964 2039 1953 2033 1961 2021 1947
972 308 42168 32216 2062 1980 2042 1950 23906 31199 2025 1944 2049 1964 2039 1953 2033 1961 2021 1947
973 308 42168 32216 2062 1980 2042 1950 23906 31199 2025 1944 2049 1964 2039 1953 2033 1961 2021 1947
974 309 42167 32354 2062 1981 2042 1951 23908 31202 2022 1948 2050 1967 2042 1952 2032 1967 2025 1947
975 309 42167 32354 2062 1981 2042 1951 23908 31202 2022 1948 2050 1967 2042 1952 2032 1967 2025 1947
976 309 42167 32354 2062 1981 2042 1951 23908 31202 2022 1948 2050 1967 2042 1952 2032 1967 2025 1947
977 309 42167 32354 2062 1981 2042 1951 23908 31202 2022 1948 2050 1967 2042 1952 2032 1967 2025 1947
978 309 42167 32354 2062 1981 2042 1951 23908 31202 2022 1948 2050 1967 2042 1952 2032 1967 2025 1947
979 310 42166 32214 2065 1982 2041 1952 23910 31199 2023 1943 2047 1966 2036 1950 2032 1964 2020 1947
980 310 42166 32214 2065 1982 2041 1952 23910 31199 2023 1943 2047 1966 2036 1950 2032 1964 2020 1947
981 310 42166 32214 2065 1982 2041 1952 23910 31199 2023 1943 2047 1966 2036 1950 2032 1964 2020 1947
982 310 42166 32214 2065 1982 2041 1952 23910 31199 2023 1943 2047 1966 2036 1950 2032 1964 2020 1947
983 310 42166 32214 2065 1982 2041 1952 23910 31199 2023 1943 2047 1966 2036 1950 2032 1964 2020 1947
984 311 42166 32424 2061 1983 2042 1950 23903 31194 2025 1944 2045 1965 2039 1951 2030 1963 2022 1946
985 311 42166 32424 2061 1983 2042 1950 23903 31194 2025 1944 2045 1965 2039 1951 2030 1963 2022 1946
986 311 42166 32424 2061 1983 2042 1950 23903 31194 2025 1944 2045 1965 2039 1951 2030 1963 2022 1946
987 311 42166 32424 2061 1983 2042 1950 23903 31194 2025 1944 2045 1965 2039 1951 2030 1963 2022 1946
988 311 42166 32424 2061 1983 2042 1950 23903 31194 2025 1944 2045 1965 2039 1951 2030 1963 2022 1946
989 312 42166 32461 2062 1981 2043 1952 23906 31194 2023 1948 2049 1963 2040 1952 2034 1962 2022 1947
990 312 42166 32461 2062 1981 2043 1952 23906 31194 2023 1948 2049 1963 2040 1952 2034 1962 2022 1947
